Removed Pin From Net: NetName=GND Pin=J6-3
Removed Pin From Net: NetName=A0_ADC Pin=R37-1
Removed Pin From Net: NetName=A1_ADC Pin=R38-1
Removed Pin From Net: NetName=A0_ADC Pin=R39-2
Removed Pin From Net: NetName=A1_ADC Pin=R40-2
Removed Pin From Net: NetName=A1_ADC Pin=U19-12
Removed Pin From Net: NetName=A0_ADC Pin=U19-13
Removed Member From Class: ClassName=RMP_MAIN Member=J6
Change Component Designator: OldDesignator=U? NewDesignator=U25
Added Component: Designator=C70(CC0805N_YAG-M)
Add component (AddParameter): Name = "Mfr_Name"; Value = "Yageo"; VariantName = "[No Variations]"
Add component (AddParameter): Name = "RefDes"; Value = ""; VariantName = "[No Variations]"
Add component (AddParameter): Name = "Type"; Value = ""; VariantName = "[No Variations]"
Add component (AddParameter): Name = "Value"; Value = "0.1uF"; VariantName = "[No Variations]"
Added Component: Designator=C71(CAP_CL21B105KAFNNNE_SAM-M)
Add component (AddParameter): Name = "Mfr_Name"; Value = "Samsung"; VariantName = "[No Variations]"
Add component (AddParameter): Name = "RefDes"; Value = ""; VariantName = "[No Variations]"
Add component (AddParameter): Name = "Type"; Value = ""; VariantName = "[No Variations]"
Add component (AddParameter): Name = "Value"; Value = "1u F"; VariantName = "[No Variations]"
Added Component: Designator=C72(G-21_MUR-M)
Add component (AddParameter): Name = "Mfr_Name"; Value = "Murata"; VariantName = "[No Variations]"
Add component (AddParameter): Name = "RefDes"; Value = ""; VariantName = "[No Variations]"
Add component (AddParameter): Name = "Type"; Value = ""; VariantName = "[No Variations]"
Add component (AddParameter): Name = "Value"; Value = "10u F"; VariantName = "[No Variations]"
Added Component: Designator=C73(CAP_CL21B105KAFNNNE_SAM-M)
Add component (AddParameter): Name = "Mfr_Name"; Value = "Samsung"; VariantName = "[No Variations]"
Add component (AddParameter): Name = "RefDes"; Value = ""; VariantName = "[No Variations]"
Add component (AddParameter): Name = "Type"; Value = ""; VariantName = "[No Variations]"
Add component (AddParameter): Name = "Value"; Value = "1u F"; VariantName = "[No Variations]"
Added Component: Designator=C74(CAP_CL21B105KAFNNNE_SAM-M)
Add component (AddParameter): Name = "Mfr_Name"; Value = "Samsung"; VariantName = "[No Variations]"
Add component (AddParameter): Name = "RefDes"; Value = ""; VariantName = "[No Variations]"
Add component (AddParameter): Name = "Type"; Value = ""; VariantName = "[No Variations]"
Add component (AddParameter): Name = "Value"; Value = "1u F"; VariantName = "[No Variations]"
Added Component: Designator=C75(CAP_CL21B105KAFNNNE_SAM-M)
Add component (AddParameter): Name = "Mfr_Name"; Value = "Samsung"; VariantName = "[No Variations]"
Add component (AddParameter): Name = "RefDes"; Value = ""; VariantName = "[No Variations]"
Add component (AddParameter): Name = "Type"; Value = ""; VariantName = "[No Variations]"
Add component (AddParameter): Name = "Value"; Value = "1u F"; VariantName = "[No Variations]"
Added Component: Designator=R41(RES_RNCF0805_STP-M)
Add component (AddParameter): Name = "Mfr_Name"; Value = "Stackpole International"; VariantName = "[No Variations]"
Add component (AddParameter): Name = "RefDes"; Value = ""; VariantName = "[No Variations]"
Add component (AddParameter): Name = "Type"; Value = ""; VariantName = "[No Variations]"
Add component (AddParameter): Name = "Value"; Value = "120 ohm"; VariantName = "[No Variations]"
Added Component: Designator=R42(RES_RNCF0805_STP-M)
Add component (AddParameter): Name = "Mfr_Name"; Value = "Stackpole International"; VariantName = "[No Variations]"
Add component (AddParameter): Name = "RefDes"; Value = ""; VariantName = "[No Variations]"
Add component (AddParameter): Name = "Type"; Value = ""; VariantName = "[No Variations]"
Add component (AddParameter): Name = "Value"; Value = "360 ohm"; VariantName = "[No Variations]"
Added Component: Designator=U24(DCY0004A_M)
Add component (AddParameter): Name = "Alternate_PartNumber"; Value = "LM317DCY"; VariantName = "[No Variations]"
Add component (AddParameter): Name = "CompType"; Value = "IC"; VariantName = "[No Variations]"
Add component (AddParameter): Name = "Manufacturer"; Value = "Texas Instruments"; VariantName = "[No Variations]"
Add component (AddParameter): Name = "Mfr_Name"; Value = "Texas Instruments"; VariantName = "[No Variations]"
Add component (AddParameter): Name = "MountType"; Value = "SMT"; VariantName = "[No Variations]"
Add component (AddParameter): Name = "PackageReference"; Value = "DCY0004A"; VariantName = "[No Variations]"
Add component (AddParameter): Name = "PartNumber"; Value = "LM317DCYR"; VariantName = "[No Variations]"
Add component (AddParameter): Name = "RefDes"; Value = "RefDes"; VariantName = "[No Variations]"
Add component (AddParameter): Name = "RoHS"; Value = "Y"; VariantName = "[No Variations]"
Add component (AddParameter): Name = "SymbolCreater"; Value = "Altium"; VariantName = "[No Variations]"
Add component (AddParameter): Name = "TYPE"; Value = "TYPE"; VariantName = "[No Variations]"
Added Component: Designator=U26(2PINHEADER)
Added Component: Designator=U27(2PINHEADER)
Added Component: Designator=U28(2PINHEADER)
Added Pin To Net: NetName=GND Pin=C70-1
Added Pin To Net: NetName=NetC36_2 Pin=C70-2
Added Pin To Net: NetName=GND Pin=C71-1
Added Pin To Net: NetName=GND Pin=C72-1
Added Pin To Net: NetName=3.3V Pin=C73-1
Added Pin To Net: NetName=GND Pin=C73-2
Added Pin To Net: NetName=3.3V Pin=C74-1
Added Pin To Net: NetName=GND Pin=C74-2
Added Pin To Net: NetName=3.3V Pin=C75-1
Added Pin To Net: NetName=GND Pin=C75-2
Added Pin To Net: NetName=GND Pin=R42-1
Added Pin To Net: NetName=NetC36_2 Pin=U24-3
Added Pin To Net: NetName=3.3V Pin=U26-1
Added Pin To Net: NetName=3.3V Pin=U27-1
Added Pin To Net: NetName=3.3V Pin=U28-1
Change Net Name : Old Net Name=NetC36_2 New Net Name=12V_IN
Added Pin To Net: NetName=A0_ADC_MM Pin=R37-1
Added Pin To Net: NetName=A0_ADC_MM Pin=R39-2
Added Pin To Net: NetName=A0_ADC_MM Pin=U19-13
Added Net: Name=A0_ADC_MM
Added Pin To Net: NetName=A1_ADC_MM Pin=R38-1
Added Pin To Net: NetName=A1_ADC_MM Pin=R40-2
Added Pin To Net: NetName=A1_ADC_MM Pin=U19-12
Added Net: Name=A1_ADC_MM
Added Pin To Net: NetName=MULTI_MEDIA_SW1 Pin=U2-34
Added Pin To Net: NetName=MULTI_MEDIA_SW1 Pin=U26-2
Added Net: Name=MULTI_MEDIA_SW1
Added Pin To Net: NetName=MULTI_MEDIA_SW2 Pin=U2-35
Added Pin To Net: NetName=MULTI_MEDIA_SW2 Pin=U27-2
Added Net: Name=MULTI_MEDIA_SW2
Added Pin To Net: NetName=MULTI_MEDIA_SW3 Pin=U2-36
Added Pin To Net: NetName=MULTI_MEDIA_SW3 Pin=U28-2
Added Net: Name=MULTI_MEDIA_SW3
Added Pin To Net: NetName=NetC72_2 Pin=C72-2
Added Pin To Net: NetName=NetC72_2 Pin=R41-1
Added Pin To Net: NetName=NetC72_2 Pin=R42-2
Added Pin To Net: NetName=NetC72_2 Pin=U24-1
Added Net: Name=NetC72_2
Added Pin To Net: NetName=RPI_ZERO_5V Pin=C71-2
Added Pin To Net: NetName=RPI_ZERO_5V Pin=R41-2
Added Pin To Net: NetName=RPI_ZERO_5V Pin=U24-2
Added Pin To Net: NetName=RPI_ZERO_5V Pin=U24-4
Added Pin To Net: NetName=RPI_ZERO_5V Pin=U25-2
Added Pin To Net: NetName=RPI_ZERO_5V Pin=U25-4
Added Net: Name=RPI_ZERO_5V
Added Pin To Net: NetName=UART_RX_ZERO Pin=U2-27
Added Pin To Net: NetName=UART_RX_ZERO Pin=U25-10
Added Net: Name=UART_RX_ZERO
Added Pin To Net: NetName=UART_TX_ZERO Pin=U2-28
Added Pin To Net: NetName=UART_TX_ZERO Pin=U25-36
Added Net: Name=UART_TX_ZERO
Added Member To Class: ClassName=RMP_MAIN_ZERO Member=Component C70 CC0805KRX7R9BB104
Added Member To Class: ClassName=RMP_MAIN_ZERO Member=Component C71 CL21B105KAFNNNE
Added Member To Class: ClassName=RMP_MAIN_ZERO Member=Component C72 GRM21BR61C106KE15K
Added Member To Class: ClassName=RMP_MAIN_ZERO Member=Component C73 CL21B105KAFNNNE
Added Member To Class: ClassName=RMP_MAIN_ZERO Member=Component C74 CL21B105KAFNNNE
Added Member To Class: ClassName=RMP_MAIN_ZERO Member=Component C75 CL21B105KAFNNNE
Added Member To Class: ClassName=RMP_MAIN_ZERO Member=Component R41 RNCF0805DTE120R
Added Member To Class: ClassName=RMP_MAIN_ZERO Member=Component R42 RNCF0805DTE360R
Added Member To Class: ClassName=RMP_MAIN_ZERO Member=Component U24 LM317DCYR
Added Member To Class: ClassName=RMP_MAIN_ZERO Member=Component U26 LOW_PROFILE_SWITCH
Added Member To Class: ClassName=RMP_MAIN_ZERO Member=Component U27 LOW_PROFILE_SWITCH
Added Member To Class: ClassName=RMP_MAIN_ZERO Member=Component U28 LOW_PROFILE_SWITCH
