Removed Pin From Net: NetName=ROW5 Pin=B1-7
Removed Pin From Net: NetName=ROW5 Pin=B2-7
Removed Pin From Net: NetName=ROW5 Pin=B3-7
Removed Pin From Net: NetName=ROW5 Pin=B4-7
Removed Pin From Net: NetName=ROW5 Pin=B5-7
Removed Pin From Net: NetName=ROW5 Pin=B6-7
Removed Pin From Net: NetName=ROW5 Pin=B7-7
Removed Pin From Net: NetName=ROW5 Pin=B8-7
Removed Pin From Net: NetName=ROW10 Pin=B9-2
Removed Pin From Net: NetName=ROW11 Pin=B9-3
Removed Pin From Net: NetName=ROW12 Pin=B9-4
Removed Pin From Net: NetName=ROW13 Pin=B9-5
Removed Pin From Net: NetName=ROW14 Pin=B9-6
Removed Pin From Net: NetName=ROW15 Pin=B9-7
Removed Pin From Net: NetName=ROW10 Pin=B9-9
Removed Pin From Net: NetName=ROW11 Pin=B9-10
Removed Pin From Net: NetName=COM1 Pin=B9-11
Removed Pin From Net: NetName=COM1 Pin=B9-12
Removed Pin From Net: NetName=COM1 Pin=B9-13
Removed Pin From Net: NetName=COM0 Pin=B9-15
Removed Pin From Net: NetName=COM0 Pin=B9-16
Removed Pin From Net: NetName=COM0 Pin=B9-17
Removed Pin From Net: NetName=COM0 Pin=B9-18
Removed Pin From Net: NetName=COM0 Pin=B9-19
Removed Pin From Net: NetName=COM0 Pin=B9-20
Removed Pin From Net: NetName=ROW10 Pin=B10-2
Removed Pin From Net: NetName=ROW11 Pin=B10-3
Removed Pin From Net: NetName=ROW12 Pin=B10-4
Removed Pin From Net: NetName=ROW13 Pin=B10-5
Removed Pin From Net: NetName=ROW14 Pin=B10-6
Removed Pin From Net: NetName=ROW15 Pin=B10-7
Removed Pin From Net: NetName=ROW10 Pin=B10-9
Removed Pin From Net: NetName=ROW11 Pin=B10-10
Removed Pin From Net: NetName=COM3 Pin=B10-11
Removed Pin From Net: NetName=COM3 Pin=B10-12
Removed Pin From Net: NetName=COM3 Pin=B10-13
Removed Pin From Net: NetName=COM3 Pin=B10-14
Removed Pin From Net: NetName=COM2 Pin=B10-15
Removed Pin From Net: NetName=COM2 Pin=B10-16
Removed Pin From Net: NetName=COM2 Pin=B10-17
Removed Pin From Net: NetName=COM2 Pin=B10-18
Removed Pin From Net: NetName=COM2 Pin=B10-19
Removed Pin From Net: NetName=COM2 Pin=B10-20
Removed Pin From Net: NetName=3.3V Pin=B11-1
Removed Pin From Net: NetName=3.3V Pin=B12-1
Removed Pin From Net: NetName=3.3V Pin=C25-1
Removed Pin From Net: NetName=3.3V Pin=C36-2
Removed Pin From Net: NetName=3.3V Pin=C37-1
Removed Pin From Net: NetName=GND Pin=C37-2
Removed Pin From Net: NetName=3.3V Pin=C38-1
Removed Pin From Net: NetName=GND Pin=C38-2
Removed Pin From Net: NetName=3.3V Pin=C39-2
Removed Pin From Net: NetName=VBUS_5V Pin=C42-2
Removed Pin From Net: NetName=3.3V Pin=C43-2
Removed Pin From Net: NetName=NetC45_2 Pin=C45-2
Removed Pin From Net: NetName=GND Pin=C46-1
Removed Pin From Net: NetName=3.3V Pin=C46-2
Removed Pin From Net: NetName=VBUS_5V Pin=C47-2
Removed Pin From Net: NetName=3.3V Pin=C48-2
Removed Pin From Net: NetName=COM0 Pin=CR1-2
Removed Pin From Net: NetName=3.3V Pin=J5-2
Removed Pin From Net: NetName=VBUS_5V Pin=J9-2
Removed Pin From Net: NetName=SCL Pin=J9-3
Removed Pin From Net: NetName=SDA Pin=J9-4
Removed Pin From Net: NetName=VBUS_5V Pin=J10-2
Removed Pin From Net: NetName=SCL Pin=J10-3
Removed Pin From Net: NetName=SDA Pin=J10-4
Removed Pin From Net: NetName=VBUS_5V Pin=J11-2
Removed Pin From Net: NetName=VBUS_5V Pin=J12-2
Removed Pin From Net: NetName=VBUS_5V Pin=J14-2
Removed Pin From Net: NetName=SCL Pin=J14-3
Removed Pin From Net: NetName=SDA Pin=J14-4
Removed Pin From Net: NetName=VBUS_5V Pin=J15-2
Removed Pin From Net: NetName=SCL Pin=J15-3
Removed Pin From Net: NetName=SDA Pin=J15-4
Removed Pin From Net: NetName=3.3V Pin=R8-1
Removed Pin From Net: NetName=I2C1_SCL Pin=R8-2
Removed Pin From Net: NetName=3.3V Pin=R9-1
Removed Pin From Net: NetName=I2C1_SDA Pin=R9-2
Removed Pin From Net: NetName=3.3V Pin=R10-1
Removed Pin From Net: NetName=3.3V Pin=R17-1
Removed Pin From Net: NetName=SCL Pin=R17-2
Removed Pin From Net: NetName=3.3V Pin=R18-1
Removed Pin From Net: NetName=SDA Pin=R18-2
Removed Pin From Net: NetName=3.3V Pin=R19-1
Removed Pin From Net: NetName=3.3V Pin=R20-1
Removed Pin From Net: NetName=VBUS_5V Pin=TP7-1
Removed Pin From Net: NetName=SCL Pin=TP8-1
Removed Pin From Net: NetName=SDA Pin=TP9-1
Removed Pin From Net: NetName=3.3V Pin=TP10-1
Removed Pin From Net: NetName=VBUS_5V Pin=TP13-1
Removed Pin From Net: NetName=3.3V Pin=U6-3
Removed Pin From Net: NetName=I2C1_SDA Pin=U6-4
Removed Pin From Net: NetName=I2C1_SCL Pin=U6-5
Removed Pin From Net: NetName=3.3V Pin=U6-6
Removed Pin From Net: NetName=NetB11_2 Pin=U8-1
Removed Pin From Net: NetName=GND Pin=U8-2
Removed Pin From Net: NetName=3.3V Pin=U8-3
Removed Pin From Net: NetName=SDA Pin=U8-4
Removed Pin From Net: NetName=SCL Pin=U8-5
Removed Pin From Net: NetName=GND Pin=U8-6
Removed Pin From Net: NetName=NetB12_2 Pin=U8-7
Removed Pin From Net: NetName=GND Pin=U8-8
Removed Pin From Net: NetName=3.3V Pin=U9-2
Removed Pin From Net: NetName=VBUS_5V Pin=U9-3
Removed Pin From Net: NetName=3.3V Pin=U11-2
Removed Pin From Net: NetName=VBUS_5V Pin=U11-3
Removed Pin From Net: NetName=COM0 Pin=U12-2
Removed Pin From Net: NetName=COM1 Pin=U12-3
Removed Pin From Net: NetName=COM2 Pin=U12-4
Removed Pin From Net: NetName=COM3 Pin=U12-5
Removed Pin From Net: NetName=COM4 Pin=U12-6
Removed Pin From Net: NetName=COM5 Pin=U12-7
Removed Pin From Net: NetName=COM6 Pin=U12-8
Removed Pin From Net: NetName=COM7 Pin=U12-9
Removed Pin From Net: NetName=ROW8 Pin=U12-17
Removed Pin From Net: NetName=ROW7 Pin=U12-18
Removed Pin From Net: NetName=ROW6 Pin=U12-19
Removed Member From Class: ClassName=RMP_SLIDER_MODULE Member=C36
Removed Member From Class: ClassName=RMP_SLIDER_MODULE Member=C37
Removed Member From Class: ClassName=RMP_SLIDER_MODULE Member=C38
Removed Member From Class: ClassName=RMP_SLIDER_MODULE Member=C39
Removed Member From Class: ClassName=RMP_MAIN_HFB Member=C46
Removed Member From Class: ClassName=RMP_SLIDER_MODULE Member=R17
Removed Member From Class: ClassName=RMP_SLIDER_MODULE Member=R18
Removed Member From Class: ClassName=RMP_SLIDER_MODULE Member=U8
Change Component Footprint: Designator=C38 Old Footprint=CAP_YX_6P3X11_RUB New Footprint=CAP_CL21B105KAFNNNE_SAM-M
Change Component Footprint: Designator=C45 Old Footprint=CAPC17595_90N_KEM-M New Footprint=CC0805N_YAG-M
Change Component Footprint: Designator=C46 Old Footprint=CC0603N_YAG-M New Footprint=CAP_CL21B105KAFNNNE_SAM-M
Change Component Footprint: Designator=C36 Old Footprint=CC0805N_YAG-M New Footprint=CAP_CL21B105KAFNNNE_SAM-M
Change Component Footprint: Designator=C39 Old Footprint=CC0805N_YAG-M New Footprint=G-21_MUR-M
Change Component Footprint: Designator=R17 Old Footprint=FP-RT0805-MFG New Footprint=RES_RNCF0805_STP-M
Change Component Footprint: Designator=R18 Old Footprint=FP-RT0805-MFG New Footprint=RES_RNCF0805_STP-M
Change Component Footprint: Designator=U8 Old Footprint=MSOP8_MC_MCH-M New Footprint=DCY0004A_M
Change Component Comment : Designator=C38 Old Comment=35YXJ100M6.3X11 New Comment=CL21B105KAFNNNE
Change Component Comment : Designator=C45 Old Comment=C0603C105K4RACTU New Comment=CC0805KRX7R9BB104
Change Component Comment : Designator=C46 Old Comment=CC0603KRX7R7BB104 New Comment=CL21B105KAFNNNE
Change Component Comment : Designator=C36 Old Comment=CC0805KRX7R9BB104 New Comment=CL21B105KAFNNNE
Change Component Comment : Designator=C39 Old Comment=CC0805KRX7R9BB104 New Comment=GRM21BR61C106KE15K
Change Component Comment : Designator=U8 Old Comment=MCP3426A0T-EMS New Comment=LM317DCYR
Change Component Comment : Designator=R17 Old Comment=RT0805FRE134K7L New Comment=RNCF0805DTE120R
Change Component Comment : Designator=R18 Old Comment=RT0805FRE134K7L New Comment=RNCF0805DTE360R
Change Managed Component Library Link : Designator=R17 Old VaultGUID=B7D15EC3-160A-466F-A46C-7801FE6295A7 New VaultGUID= Old ItemGUID=6B320D1E-722E-4009-92E6-E3CE99589C47 New ItemGUID= Old RevisionGUID=B5FE0AA5-A3F4-4F13-9784-1B43C138227B New RevisionGUID=
Change Managed Component Library Link : Designator=R18 Old VaultGUID=B7D15EC3-160A-466F-A46C-7801FE6295A7 New VaultGUID= Old ItemGUID=6B320D1E-722E-4009-92E6-E3CE99589C47 New ItemGUID= Old RevisionGUID=B5FE0AA5-A3F4-4F13-9784-1B43C138227B New RevisionGUID=
Change component parameters: Designator = "C36" ("C36"); Footprint = "CC0805N_YAG-M"; UniqueID = "\IXTSERJR" ("\IXTSERJR")
Change component parameters (AddParameter): Name = "Mfr_Name"; Value = "Samsung"; VariantName = "[No Variations]"
Change component parameters (AddParameter): Name = "RefDes"; Value = ""; VariantName = "[No Variations]"
Change component parameters (AddParameter): Name = "Type"; Value = ""; VariantName = "[No Variations]"
Change component parameters (AddParameter): Name = "Value"; Value = "1u F"; VariantName = "[No Variations]"
Change component parameters: Designator = "C37" ("C37"); Footprint = "CC0805N_YAG-M"; UniqueID = "\UAROFBFQ" ("\UAROFBFQ")
Change component parameters (AddParameter): Name = "Mfr_Name"; Value = "Yageo"; VariantName = "[No Variations]"
Change component parameters (AddParameter): Name = "RefDes"; Value = ""; VariantName = "[No Variations]"
Change component parameters (AddParameter): Name = "Type"; Value = ""; VariantName = "[No Variations]"
Change component parameters (AddParameter): Name = "Value"; Value = "0.1uF"; VariantName = "[No Variations]"
Change component parameters: Designator = "C38" ("C38"); Footprint = "CAP_YX_6P3X11_RUB"; UniqueID = "\COKFPZIB" ("\COKFPZIB")
Change component parameters (AddParameter): Name = "Mfr_Name"; Value = "Samsung"; VariantName = "[No Variations]"
Change component parameters (AddParameter): Name = "RefDes"; Value = ""; VariantName = "[No Variations]"
Change component parameters (AddParameter): Name = "Type"; Value = ""; VariantName = "[No Variations]"
Change component parameters (AddParameter): Name = "Value"; Value = "1u F"; VariantName = "[No Variations]"
Change component parameters: Designator = "C39" ("C39"); Footprint = "CC0805N_YAG-M"; UniqueID = "\JSCEKBYC" ("\JSCEKBYC")
Change component parameters (AddParameter): Name = "Mfr_Name"; Value = "Murata"; VariantName = "[No Variations]"
Change component parameters (AddParameter): Name = "RefDes"; Value = ""; VariantName = "[No Variations]"
Change component parameters (AddParameter): Name = "Type"; Value = ""; VariantName = "[No Variations]"
Change component parameters (AddParameter): Name = "Value"; Value = "10u F"; VariantName = "[No Variations]"
Change component parameters: Designator = "C45" ("C45"); Footprint = "CAPC17595_90N_KEM-M"; UniqueID = "\GHYKHZGG" ("\GHYKHZGG")
Change component parameters (AddParameter): Name = "Mfr_Name"; Value = "Yageo"; VariantName = "[No Variations]"
Change component parameters (AddParameter): Name = "RefDes"; Value = ""; VariantName = "[No Variations]"
Change component parameters (AddParameter): Name = "Type"; Value = ""; VariantName = "[No Variations]"
Change component parameters (AddParameter): Name = "Value"; Value = "0.1uF"; VariantName = "[No Variations]"
Change component parameters: Designator = "C46" ("C46"); Footprint = "CC0603N_YAG-M"; UniqueID = "\REYWNDVQ" ("\REYWNDVQ")
Change component parameters (AddParameter): Name = "Mfr_Name"; Value = "Samsung"; VariantName = "[No Variations]"
Change component parameters (AddParameter): Name = "RefDes"; Value = ""; VariantName = "[No Variations]"
Change component parameters (AddParameter): Name = "Type"; Value = ""; VariantName = "[No Variations]"
Change component parameters (AddParameter): Name = "Value"; Value = "1u F"; VariantName = "[No Variations]"
Change component parameters: Designator = "R17" ("R17"); Footprint = "FP-RT0805-MFG"; UniqueID = "\NMVJYVSN" ("\NMVJYVSN")
Change component parameters (AddParameter): Name = "Mfr_Name"; Value = "Stackpole International"; VariantName = "[No Variations]"
Change component parameters (AddParameter): Name = "RefDes"; Value = ""; VariantName = "[No Variations]"
Change component parameters (AddParameter): Name = "Type"; Value = ""; VariantName = "[No Variations]"
Change component parameters (AddParameter): Name = "Value"; Value = "120 ohm"; VariantName = "[No Variations]"
Change component parameters: Designator = "R18" ("R18"); Footprint = "FP-RT0805-MFG"; UniqueID = "\UIUVOPRY" ("\UIUVOPRY")
Change component parameters (AddParameter): Name = "Mfr_Name"; Value = "Stackpole International"; VariantName = "[No Variations]"
Change component parameters (AddParameter): Name = "RefDes"; Value = ""; VariantName = "[No Variations]"
Change component parameters (AddParameter): Name = "Type"; Value = ""; VariantName = "[No Variations]"
Change component parameters (AddParameter): Name = "Value"; Value = "360 ohm"; VariantName = "[No Variations]"
Change component parameters: Designator = "R19" ("R19"); Footprint = "FP-RT0805-MFG"; UniqueID = "\WRPLYMWR" ("\WRPLYMWR")
Change component parameters (AddParameter): Name = "Automotive"; Value = "No"; VariantName = "[No Variations]"
Change component parameters (AddParameter): Name = "Category"; Value = "Res"; VariantName = "[No Variations]"
Change component parameters (AddParameter): Name = "ComponentLink2Description"; Value = "Datasheet"; VariantName = "[No Variations]"
Change component parameters (AddParameter): Name = "ComponentLink2URL"; Value = "http://www.yageo.com/documents/recent/PYu-RT_1-to-0.01_RoHS_L_9.pdf"; VariantName = "[No Variations]"
Change component parameters (AddParameter): Name = "Composition"; Value = "Thin Film"; VariantName = "[No Variations]"
Change component parameters (AddParameter): Name = "Device Class L1"; Value = "Passive Components"; VariantName = "[No Variations]"
Change component parameters (AddParameter): Name = "Device Class L2"; Value = "Resistors"; VariantName = "[No Variations]"
Change component parameters (AddParameter): Name = "Device Class L3"; Value = "Chip SMD Resistors"; VariantName = "[No Variations]"
Change component parameters (AddParameter): Name = "Footprint Url"; Value = "http://www.yageo.com/exep/pages/download/literatures/PYu-R_Mount_10.pdf"; VariantName = "[No Variations]"
Change component parameters (AddParameter): Name = "Height"; Value = "0.6mm"; VariantName = "[No Variations]"
Change component parameters (AddParameter): Name = "Ipc Land Pattern Name"; Value = "RESC200125X50"; VariantName = "[No Variations]"
Change component parameters (AddParameter): Name = "Lead Free"; Value = "Yes"; VariantName = "[No Variations]"
Change component parameters (AddParameter): Name = "Manufacturer"; Value = "Yageo"; VariantName = "[No Variations]"
Change component parameters (AddParameter): Name = "Manufacturer Part Number"; Value = "RT0805FRE134K7L"; VariantName = "[No Variations]"
Change component parameters (AddParameter): Name = "Octopart"; Value = "https://octopart.com/rt0805fre134k7l-yageo-16262042"; VariantName = "[No Variations]"
Change component parameters (AddParameter): Name = "Package"; Value = "RT0805"; VariantName = "[No Variations]"
Change component parameters (AddParameter): Name = "Power Rating"; Value = "0.125W"; VariantName = "[No Variations]"
Change component parameters (AddParameter): Name = "Resistance"; Value = "DNI"; VariantName = "[No Variations]"
Change component parameters (AddParameter): Name = "RoHS"; Value = "TRUE"; VariantName = "[No Variations]"
Change component parameters (AddParameter): Name = "Series"; Value = "RT"; VariantName = "[No Variations]"
Change component parameters (AddParameter): Name = "Temperature"; Value = "-55°C to +155°C"; VariantName = "[No Variations]"
Change component parameters (AddParameter): Name = "Temperature Coefficient"; Value = "50 ppm/°C"; VariantName = "[No Variations]"
Change component parameters (AddParameter): Name = "Temperature Range High"; Value = "+155°C"; VariantName = "[No Variations]"
Change component parameters (AddParameter): Name = "Temperature Range Low"; Value = "-55°C"; VariantName = "[No Variations]"
Change component parameters (AddParameter): Name = "Tolerance"; Value = "0.0001"; VariantName = "[No Variations]"
Change component parameters (AddParameter): Name = "Value"; Value = "4.7KO"; VariantName = "[No Variations]"
Change component parameters (AddParameter): Name = "Voltage Rating"; Value = "150V"; VariantName = "[No Variations]"
Change component parameters: Designator = "R20" ("R20"); Footprint = "FP-RT0805-MFG"; UniqueID = "\CCRXWQLT" ("\CCRXWQLT")
Change component parameters (AddParameter): Name = "Automotive"; Value = "No"; VariantName = "[No Variations]"
Change component parameters (AddParameter): Name = "Category"; Value = "Res"; VariantName = "[No Variations]"
Change component parameters (AddParameter): Name = "ComponentLink2Description"; Value = "Datasheet"; VariantName = "[No Variations]"
Change component parameters (AddParameter): Name = "ComponentLink2URL"; Value = "http://www.yageo.com/documents/recent/PYu-RT_1-to-0.01_RoHS_L_9.pdf"; VariantName = "[No Variations]"
Change component parameters (AddParameter): Name = "Composition"; Value = "Thin Film"; VariantName = "[No Variations]"
Change component parameters (AddParameter): Name = "Device Class L1"; Value = "Passive Components"; VariantName = "[No Variations]"
Change component parameters (AddParameter): Name = "Device Class L2"; Value = "Resistors"; VariantName = "[No Variations]"
Change component parameters (AddParameter): Name = "Device Class L3"; Value = "Chip SMD Resistors"; VariantName = "[No Variations]"
Change component parameters (AddParameter): Name = "Footprint Url"; Value = "http://www.yageo.com/exep/pages/download/literatures/PYu-R_Mount_10.pdf"; VariantName = "[No Variations]"
Change component parameters (AddParameter): Name = "Height"; Value = "0.6mm"; VariantName = "[No Variations]"
Change component parameters (AddParameter): Name = "Ipc Land Pattern Name"; Value = "RESC200125X50"; VariantName = "[No Variations]"
Change component parameters (AddParameter): Name = "Lead Free"; Value = "Yes"; VariantName = "[No Variations]"
Change component parameters (AddParameter): Name = "Manufacturer"; Value = "Yageo"; VariantName = "[No Variations]"
Change component parameters (AddParameter): Name = "Manufacturer Part Number"; Value = "RT0805FRE134K7L"; VariantName = "[No Variations]"
Change component parameters (AddParameter): Name = "Octopart"; Value = "https://octopart.com/rt0805fre134k7l-yageo-16262042"; VariantName = "[No Variations]"
Change component parameters (AddParameter): Name = "Package"; Value = "RT0805"; VariantName = "[No Variations]"
Change component parameters (AddParameter): Name = "Power Rating"; Value = "0.125W"; VariantName = "[No Variations]"
Change component parameters (AddParameter): Name = "Resistance"; Value = "DNI"; VariantName = "[No Variations]"
Change component parameters (AddParameter): Name = "RoHS"; Value = "TRUE"; VariantName = "[No Variations]"
Change component parameters (AddParameter): Name = "Series"; Value = "RT"; VariantName = "[No Variations]"
Change component parameters (AddParameter): Name = "Temperature"; Value = "-55°C to +155°C"; VariantName = "[No Variations]"
Change component parameters (AddParameter): Name = "Temperature Coefficient"; Value = "50 ppm/°C"; VariantName = "[No Variations]"
Change component parameters (AddParameter): Name = "Temperature Range High"; Value = "+155°C"; VariantName = "[No Variations]"
Change component parameters (AddParameter): Name = "Temperature Range Low"; Value = "-55°C"; VariantName = "[No Variations]"
Change component parameters (AddParameter): Name = "Tolerance"; Value = "0.0001"; VariantName = "[No Variations]"
Change component parameters (AddParameter): Name = "Value"; Value = "4.7KO"; VariantName = "[No Variations]"
Change component parameters (AddParameter): Name = "Voltage Rating"; Value = "150V"; VariantName = "[No Variations]"
Change component parameters: Designator = "U8" ("U8"); Footprint = "MSOP8_MC_MCH-M"; UniqueID = "\LDNKCVSY" ("\LDNKCVSY")
Change component parameters (AddParameter): Name = "Alternate_PartNumber"; Value = "LM317DCY"; VariantName = "[No Variations]"
Change component parameters (AddParameter): Name = "CompType"; Value = "IC"; VariantName = "[No Variations]"
Change component parameters (AddParameter): Name = "Manufacturer"; Value = "Texas Instruments"; VariantName = "[No Variations]"
Change component parameters (AddParameter): Name = "Mfr_Name"; Value = "Texas Instruments"; VariantName = "[No Variations]"
Change component parameters (AddParameter): Name = "MountType"; Value = "SMT"; VariantName = "[No Variations]"
Change component parameters (AddParameter): Name = "PackageReference"; Value = "DCY0004A"; VariantName = "[No Variations]"
Change component parameters (AddParameter): Name = "PartNumber"; Value = "LM317DCYR"; VariantName = "[No Variations]"
Change component parameters (AddParameter): Name = "RefDes"; Value = "RefDes"; VariantName = "[No Variations]"
Change component parameters (AddParameter): Name = "RoHS"; Value = "Y"; VariantName = "[No Variations]"
Change component parameters (AddParameter): Name = "SymbolCreater"; Value = "Altium"; VariantName = "[No Variations]"
Change component parameters (AddParameter): Name = "TYPE"; Value = "TYPE"; VariantName = "[No Variations]"
Added Component: Designator=C49(CAP_CL21B105KAFNNNE_SAM-M)
Add component (AddParameter): Name = "Mfr_Name"; Value = "Samsung"; VariantName = "[No Variations]"
Add component (AddParameter): Name = "RefDes"; Value = ""; VariantName = "[No Variations]"
Add component (AddParameter): Name = "Type"; Value = ""; VariantName = "[No Variations]"
Add component (AddParameter): Name = "Value"; Value = "1u F"; VariantName = "[No Variations]"
Added Component: Designator=C50(G-21_MUR-M)
Add component (AddParameter): Name = "Mfr_Name"; Value = "Murata"; VariantName = "[No Variations]"
Add component (AddParameter): Name = "RefDes"; Value = ""; VariantName = "[No Variations]"
Add component (AddParameter): Name = "Type"; Value = ""; VariantName = "[No Variations]"
Add component (AddParameter): Name = "Value"; Value = "10u F"; VariantName = "[No Variations]"
Added Component: Designator=C51(G-21_MUR-M)
Add component (AddParameter): Name = "Mfr_Name"; Value = "Murata"; VariantName = "[No Variations]"
Add component (AddParameter): Name = "RefDes"; Value = ""; VariantName = "[No Variations]"
Add component (AddParameter): Name = "Type"; Value = ""; VariantName = "[No Variations]"
Add component (AddParameter): Name = "Value"; Value = "10u F"; VariantName = "[No Variations]"
Added Component: Designator=C52(G-21_MUR-M)
Add component (AddParameter): Name = "Mfr_Name"; Value = "Murata"; VariantName = "[No Variations]"
Add component (AddParameter): Name = "RefDes"; Value = ""; VariantName = "[No Variations]"
Add component (AddParameter): Name = "Type"; Value = ""; VariantName = "[No Variations]"
Add component (AddParameter): Name = "Value"; Value = "10u F"; VariantName = "[No Variations]"
Added Component: Designator=C53(CAP_YX_6P3X11_RUB)
Add component (AddParameter): Name = "Mfr_Name"; Value = "Rubycon"; VariantName = "[No Variations]"
Add component (AddParameter): Name = "RefDes"; Value = ""; VariantName = "[No Variations]"
Add component (AddParameter): Name = "Type"; Value = ""; VariantName = "[No Variations]"
Add component (AddParameter): Name = "Value"; Value = "100u F"; VariantName = "[No Variations]"
Added Component: Designator=C54(CAP_YX_6P3X11_RUB)
Add component (AddParameter): Name = "Mfr_Name"; Value = "Rubycon"; VariantName = "[No Variations]"
Add component (AddParameter): Name = "RefDes"; Value = ""; VariantName = "[No Variations]"
Add component (AddParameter): Name = "Type"; Value = ""; VariantName = "[No Variations]"
Add component (AddParameter): Name = "Value"; Value = "100u F"; VariantName = "[No Variations]"
Added Component: Designator=C55(CAP_YX_6P3X11_RUB)
Add component (AddParameter): Name = "Mfr_Name"; Value = "Rubycon"; VariantName = "[No Variations]"
Add component (AddParameter): Name = "RefDes"; Value = ""; VariantName = "[No Variations]"
Add component (AddParameter): Name = "Type"; Value = ""; VariantName = "[No Variations]"
Add component (AddParameter): Name = "Value"; Value = "100u F"; VariantName = "[No Variations]"
Added Component: Designator=C56(CAP_CL21B105KAFNNNE_SAM-M)
Add component (AddParameter): Name = "Mfr_Name"; Value = "Samsung"; VariantName = "[No Variations]"
Add component (AddParameter): Name = "RefDes"; Value = ""; VariantName = "[No Variations]"
Add component (AddParameter): Name = "Type"; Value = ""; VariantName = "[No Variations]"
Add component (AddParameter): Name = "Value"; Value = "1u F"; VariantName = "[No Variations]"
Added Component: Designator=C57(CAP_CL21B105KAFNNNE_SAM-M)
Add component (AddParameter): Name = "Mfr_Name"; Value = "Samsung"; VariantName = "[No Variations]"
Add component (AddParameter): Name = "RefDes"; Value = ""; VariantName = "[No Variations]"
Add component (AddParameter): Name = "Type"; Value = ""; VariantName = "[No Variations]"
Add component (AddParameter): Name = "Value"; Value = "1u F"; VariantName = "[No Variations]"
Added Component: Designator=C58(G-21_MUR-M)
Add component (AddParameter): Name = "Mfr_Name"; Value = "Murata"; VariantName = "[No Variations]"
Add component (AddParameter): Name = "RefDes"; Value = ""; VariantName = "[No Variations]"
Add component (AddParameter): Name = "Type"; Value = ""; VariantName = "[No Variations]"
Add component (AddParameter): Name = "Value"; Value = "10u F"; VariantName = "[No Variations]"
Added Component: Designator=C59(G-21_MUR-M)
Add component (AddParameter): Name = "Mfr_Name"; Value = "Murata"; VariantName = "[No Variations]"
Add component (AddParameter): Name = "RefDes"; Value = ""; VariantName = "[No Variations]"
Add component (AddParameter): Name = "Type"; Value = ""; VariantName = "[No Variations]"
Add component (AddParameter): Name = "Value"; Value = "10u F"; VariantName = "[No Variations]"
Added Component: Designator=C60(CAP_CL21B105KAFNNNE_SAM-M)
Add component (AddParameter): Name = "Mfr_Name"; Value = "Samsung"; VariantName = "[No Variations]"
Add component (AddParameter): Name = "RefDes"; Value = ""; VariantName = "[No Variations]"
Add component (AddParameter): Name = "Type"; Value = ""; VariantName = "[No Variations]"
Add component (AddParameter): Name = "Value"; Value = "1u F"; VariantName = "[No Variations]"
Added Component: Designator=C61(CAP_CL21B105KAFNNNE_SAM-M)
Add component (AddParameter): Name = "Mfr_Name"; Value = "Samsung"; VariantName = "[No Variations]"
Add component (AddParameter): Name = "RefDes"; Value = ""; VariantName = "[No Variations]"
Add component (AddParameter): Name = "Type"; Value = ""; VariantName = "[No Variations]"
Add component (AddParameter): Name = "Value"; Value = "1u F"; VariantName = "[No Variations]"
Added Component: Designator=C62(G-21_MUR-M)
Add component (AddParameter): Name = "Mfr_Name"; Value = "Murata"; VariantName = "[No Variations]"
Add component (AddParameter): Name = "RefDes"; Value = ""; VariantName = "[No Variations]"
Add component (AddParameter): Name = "Type"; Value = ""; VariantName = "[No Variations]"
Add component (AddParameter): Name = "Value"; Value = "10u F"; VariantName = "[No Variations]"
Added Component: Designator=C63(CAP_CL21B105KAFNNNE_SAM-M)
Add component (AddParameter): Name = "Mfr_Name"; Value = "Samsung"; VariantName = "[No Variations]"
Add component (AddParameter): Name = "RefDes"; Value = ""; VariantName = "[No Variations]"
Add component (AddParameter): Name = "Type"; Value = ""; VariantName = "[No Variations]"
Add component (AddParameter): Name = "Value"; Value = "1u F"; VariantName = "[No Variations]"
Added Component: Designator=C64(CAP_CL21B105KAFNNNE_SAM-M)
Add component (AddParameter): Name = "Mfr_Name"; Value = "Samsung"; VariantName = "[No Variations]"
Add component (AddParameter): Name = "RefDes"; Value = ""; VariantName = "[No Variations]"
Add component (AddParameter): Name = "Type"; Value = ""; VariantName = "[No Variations]"
Add component (AddParameter): Name = "Value"; Value = "1u F"; VariantName = "[No Variations]"
Added Component: Designator=C65(CAP_YX_6P3X11_RUB)
Add component (AddParameter): Name = "Mfr_Name"; Value = "Rubycon"; VariantName = "[No Variations]"
Add component (AddParameter): Name = "RefDes"; Value = ""; VariantName = "[No Variations]"
Add component (AddParameter): Name = "Type"; Value = ""; VariantName = "[No Variations]"
Add component (AddParameter): Name = "Value"; Value = "100u F"; VariantName = "[No Variations]"
Added Component: Designator=C66(CAP_YX_6P3X11_RUB)
Add component (AddParameter): Name = "Mfr_Name"; Value = "Rubycon"; VariantName = "[No Variations]"
Add component (AddParameter): Name = "RefDes"; Value = ""; VariantName = "[No Variations]"
Add component (AddParameter): Name = "Type"; Value = ""; VariantName = "[No Variations]"
Add component (AddParameter): Name = "Value"; Value = "100u F"; VariantName = "[No Variations]"
Added Component: Designator=C67(CAP_YX_6P3X11_RUB)
Add component (AddParameter): Name = "Mfr_Name"; Value = "Rubycon"; VariantName = "[No Variations]"
Add component (AddParameter): Name = "RefDes"; Value = ""; VariantName = "[No Variations]"
Add component (AddParameter): Name = "Type"; Value = ""; VariantName = "[No Variations]"
Add component (AddParameter): Name = "Value"; Value = "100u F"; VariantName = "[No Variations]"
Added Component: Designator=C68(CAP_CL21B105KAFNNNE_SAM-M)
Add component (AddParameter): Name = "Mfr_Name"; Value = "Samsung"; VariantName = "[No Variations]"
Add component (AddParameter): Name = "RefDes"; Value = ""; VariantName = "[No Variations]"
Add component (AddParameter): Name = "Type"; Value = ""; VariantName = "[No Variations]"
Add component (AddParameter): Name = "Value"; Value = "1u F"; VariantName = "[No Variations]"
Added Component: Designator=C69(CAP_CL21B105KAFNNNE_SAM-M)
Add component (AddParameter): Name = "Mfr_Name"; Value = "Samsung"; VariantName = "[No Variations]"
Add component (AddParameter): Name = "RefDes"; Value = ""; VariantName = "[No Variations]"
Add component (AddParameter): Name = "Type"; Value = ""; VariantName = "[No Variations]"
Add component (AddParameter): Name = "Value"; Value = "1u F"; VariantName = "[No Variations]"
Added Component: Designator=DNI(CC0805N_YAG-M)
Add component (AddParameter): Name = "Mfr_Name"; Value = "Yageo"; VariantName = "[No Variations]"
Add component (AddParameter): Name = "RefDes"; Value = ""; VariantName = "[No Variations]"
Add component (AddParameter): Name = "Type"; Value = ""; VariantName = "[No Variations]"
Add component (AddParameter): Name = "Value"; Value = "0.1uF"; VariantName = "[No Variations]"
Added Component: Designator=J16(4 PIN HEADER)
Added Component: Designator=J17(4 PIN HEADER)
Added Component: Designator=R23(FP-RT0805-MFG)
Add component (AddParameter): Name = "Automotive"; Value = "No"; VariantName = "[No Variations]"
Add component (AddParameter): Name = "Category"; Value = "Res"; VariantName = "[No Variations]"
Add component (AddParameter): Name = "ComponentLink2Description"; Value = "Datasheet"; VariantName = "[No Variations]"
Add component (AddParameter): Name = "ComponentLink2URL"; Value = "http://www.yageo.com/documents/recent/PYu-RT_1-to-0.01_RoHS_L_9.pdf"; VariantName = "[No Variations]"
Add component (AddParameter): Name = "Composition"; Value = "Thin Film"; VariantName = "[No Variations]"
Add component (AddParameter): Name = "Device Class L1"; Value = "Passive Components"; VariantName = "[No Variations]"
Add component (AddParameter): Name = "Device Class L2"; Value = "Resistors"; VariantName = "[No Variations]"
Add component (AddParameter): Name = "Device Class L3"; Value = "Chip SMD Resistors"; VariantName = "[No Variations]"
Add component (AddParameter): Name = "Footprint Url"; Value = "http://www.yageo.com/exep/pages/download/literatures/PYu-R_Mount_10.pdf"; VariantName = "[No Variations]"
Add component (AddParameter): Name = "Height"; Value = "0.6mm"; VariantName = "[No Variations]"
Add component (AddParameter): Name = "Ipc Land Pattern Name"; Value = "RESC200125X50"; VariantName = "[No Variations]"
Add component (AddParameter): Name = "Lead Free"; Value = "Yes"; VariantName = "[No Variations]"
Add component (AddParameter): Name = "Manufacturer"; Value = "Yageo"; VariantName = "[No Variations]"
Add component (AddParameter): Name = "Manufacturer Part Number"; Value = "RT0805FRE134K7L"; VariantName = "[No Variations]"
Add component (AddParameter): Name = "Octopart"; Value = "https://octopart.com/rt0805fre134k7l-yageo-16262042"; VariantName = "[No Variations]"
Add component (AddParameter): Name = "Package"; Value = "RT0805"; VariantName = "[No Variations]"
Add component (AddParameter): Name = "Power Rating"; Value = "0.125W"; VariantName = "[No Variations]"
Add component (AddParameter): Name = "Resistance"; Value = "DNI"; VariantName = "[No Variations]"
Add component (AddParameter): Name = "RoHS"; Value = "TRUE"; VariantName = "[No Variations]"
Add component (AddParameter): Name = "Series"; Value = "RT"; VariantName = "[No Variations]"
Add component (AddParameter): Name = "Temperature"; Value = "-55°C to +155°C"; VariantName = "[No Variations]"
Add component (AddParameter): Name = "Temperature Coefficient"; Value = "50 ppm/°C"; VariantName = "[No Variations]"
Add component (AddParameter): Name = "Temperature Range High"; Value = "+155°C"; VariantName = "[No Variations]"
Add component (AddParameter): Name = "Temperature Range Low"; Value = "-55°C"; VariantName = "[No Variations]"
Add component (AddParameter): Name = "Tolerance"; Value = "0.0001"; VariantName = "[No Variations]"
Add component (AddParameter): Name = "Value"; Value = "4.7KO"; VariantName = "[No Variations]"
Add component (AddParameter): Name = "Voltage Rating"; Value = "150V"; VariantName = "[No Variations]"
Added Component: Designator=R24(FP-RT0805-MFG)
Add component (AddParameter): Name = "Automotive"; Value = "No"; VariantName = "[No Variations]"
Add component (AddParameter): Name = "Category"; Value = "Res"; VariantName = "[No Variations]"
Add component (AddParameter): Name = "ComponentLink2Description"; Value = "Datasheet"; VariantName = "[No Variations]"
Add component (AddParameter): Name = "ComponentLink2URL"; Value = "http://www.yageo.com/documents/recent/PYu-RT_1-to-0.01_RoHS_L_9.pdf"; VariantName = "[No Variations]"
Add component (AddParameter): Name = "Composition"; Value = "Thin Film"; VariantName = "[No Variations]"
Add component (AddParameter): Name = "Device Class L1"; Value = "Passive Components"; VariantName = "[No Variations]"
Add component (AddParameter): Name = "Device Class L2"; Value = "Resistors"; VariantName = "[No Variations]"
Add component (AddParameter): Name = "Device Class L3"; Value = "Chip SMD Resistors"; VariantName = "[No Variations]"
Add component (AddParameter): Name = "Footprint Url"; Value = "http://www.yageo.com/exep/pages/download/literatures/PYu-R_Mount_10.pdf"; VariantName = "[No Variations]"
Add component (AddParameter): Name = "Height"; Value = "0.6mm"; VariantName = "[No Variations]"
Add component (AddParameter): Name = "Ipc Land Pattern Name"; Value = "RESC200125X50"; VariantName = "[No Variations]"
Add component (AddParameter): Name = "Lead Free"; Value = "Yes"; VariantName = "[No Variations]"
Add component (AddParameter): Name = "Manufacturer"; Value = "Yageo"; VariantName = "[No Variations]"
Add component (AddParameter): Name = "Manufacturer Part Number"; Value = "RT0805FRE134K7L"; VariantName = "[No Variations]"
Add component (AddParameter): Name = "Octopart"; Value = "https://octopart.com/rt0805fre134k7l-yageo-16262042"; VariantName = "[No Variations]"
Add component (AddParameter): Name = "Package"; Value = "RT0805"; VariantName = "[No Variations]"
Add component (AddParameter): Name = "Power Rating"; Value = "0.125W"; VariantName = "[No Variations]"
Add component (AddParameter): Name = "Resistance"; Value = "DNI"; VariantName = "[No Variations]"
Add component (AddParameter): Name = "RoHS"; Value = "TRUE"; VariantName = "[No Variations]"
Add component (AddParameter): Name = "Series"; Value = "RT"; VariantName = "[No Variations]"
Add component (AddParameter): Name = "Temperature"; Value = "-55°C to +155°C"; VariantName = "[No Variations]"
Add component (AddParameter): Name = "Temperature Coefficient"; Value = "50 ppm/°C"; VariantName = "[No Variations]"
Add component (AddParameter): Name = "Temperature Range High"; Value = "+155°C"; VariantName = "[No Variations]"
Add component (AddParameter): Name = "Temperature Range Low"; Value = "-55°C"; VariantName = "[No Variations]"
Add component (AddParameter): Name = "Tolerance"; Value = "0.0001"; VariantName = "[No Variations]"
Add component (AddParameter): Name = "Value"; Value = "4.7KO"; VariantName = "[No Variations]"
Add component (AddParameter): Name = "Voltage Rating"; Value = "150V"; VariantName = "[No Variations]"
Added Component: Designator=R25(STA_RNCP0805_STP-M)
Add component (AddParameter): Name = "Supplier 1"; Value = "Digikey"; VariantName = "[No Variations]"
Add component (AddParameter): Name = "Supplier Part Number 1"; Value = "RNCP0805FTD10K0CT-ND"; VariantName = "[No Variations]"
Add component (AddParameter): Name = "Value"; Value = "10k ohm"; VariantName = "[No Variations]"
Added Component: Designator=R26(STA_RNCP0805_STP-M)
Add component (AddParameter): Name = "Supplier 1"; Value = "Digikey"; VariantName = "[No Variations]"
Add component (AddParameter): Name = "Supplier Part Number 1"; Value = "RNCP0805FTD10K0CT-ND"; VariantName = "[No Variations]"
Add component (AddParameter): Name = "Value"; Value = "DNI"; VariantName = "[No Variations]"
Added Component: Designator=R27(STA_RNCP0805_STP-M)
Add component (AddParameter): Name = "Supplier 1"; Value = "Digikey"; VariantName = "[No Variations]"
Add component (AddParameter): Name = "Supplier Part Number 1"; Value = "RNCP0805FTD10K0CT-ND"; VariantName = "[No Variations]"
Add component (AddParameter): Name = "Value"; Value = "DNI"; VariantName = "[No Variations]"
Added Component: Designator=R28(STA_RNCP0805_STP-M)
Add component (AddParameter): Name = "Supplier 1"; Value = "Digikey"; VariantName = "[No Variations]"
Add component (AddParameter): Name = "Supplier Part Number 1"; Value = "RNCP0805FTD10K0CT-ND"; VariantName = "[No Variations]"
Add component (AddParameter): Name = "Value"; Value = "DNI"; VariantName = "[No Variations]"
Added Component: Designator=R29(STA_RNCP0805_STP-M)
Add component (AddParameter): Name = "Supplier 1"; Value = "Digikey"; VariantName = "[No Variations]"
Add component (AddParameter): Name = "Supplier Part Number 1"; Value = "RNCP0805FTD10K0CT-ND"; VariantName = "[No Variations]"
Add component (AddParameter): Name = "Value"; Value = "DNI"; VariantName = "[No Variations]"
Added Component: Designator=R30(STA_RNCP0805_STP-M)
Add component (AddParameter): Name = "Supplier 1"; Value = "Digikey"; VariantName = "[No Variations]"
Add component (AddParameter): Name = "Supplier Part Number 1"; Value = "RNCP0805FTD10K0CT-ND"; VariantName = "[No Variations]"
Add component (AddParameter): Name = "Value"; Value = "DNI"; VariantName = "[No Variations]"
Added Component: Designator=R31(STA_RNCP0805_STP-M)
Add component (AddParameter): Name = "Supplier 1"; Value = "Digikey"; VariantName = "[No Variations]"
Add component (AddParameter): Name = "Supplier Part Number 1"; Value = "RNCP0805FTD10K0CT-ND"; VariantName = "[No Variations]"
Add component (AddParameter): Name = "Value"; Value = "DNI"; VariantName = "[No Variations]"
Added Component: Designator=R32(FP-RT0805-MFG)
Add component (AddParameter): Name = "Automotive"; Value = "No"; VariantName = "[No Variations]"
Add component (AddParameter): Name = "Category"; Value = "Res"; VariantName = "[No Variations]"
Add component (AddParameter): Name = "ComponentLink2Description"; Value = "Datasheet"; VariantName = "[No Variations]"
Add component (AddParameter): Name = "ComponentLink2URL"; Value = "http://www.yageo.com/documents/recent/PYu-RT_1-to-0.01_RoHS_L_9.pdf"; VariantName = "[No Variations]"
Add component (AddParameter): Name = "Composition"; Value = "Thin Film"; VariantName = "[No Variations]"
Add component (AddParameter): Name = "Device Class L1"; Value = "Passive Components"; VariantName = "[No Variations]"
Add component (AddParameter): Name = "Device Class L2"; Value = "Resistors"; VariantName = "[No Variations]"
Add component (AddParameter): Name = "Device Class L3"; Value = "Chip SMD Resistors"; VariantName = "[No Variations]"
Add component (AddParameter): Name = "Footprint Url"; Value = "http://www.yageo.com/exep/pages/download/literatures/PYu-R_Mount_10.pdf"; VariantName = "[No Variations]"
Add component (AddParameter): Name = "Height"; Value = "0.6mm"; VariantName = "[No Variations]"
Add component (AddParameter): Name = "Ipc Land Pattern Name"; Value = "RESC200125X50"; VariantName = "[No Variations]"
Add component (AddParameter): Name = "Lead Free"; Value = "Yes"; VariantName = "[No Variations]"
Add component (AddParameter): Name = "Manufacturer"; Value = "Yageo"; VariantName = "[No Variations]"
Add component (AddParameter): Name = "Manufacturer Part Number"; Value = "RT0805FRE134K7L"; VariantName = "[No Variations]"
Add component (AddParameter): Name = "Octopart"; Value = "https://octopart.com/rt0805fre134k7l-yageo-16262042"; VariantName = "[No Variations]"
Add component (AddParameter): Name = "Package"; Value = "RT0805"; VariantName = "[No Variations]"
Add component (AddParameter): Name = "Power Rating"; Value = "0.125W"; VariantName = "[No Variations]"
Add component (AddParameter): Name = "Resistance"; Value = "DNI"; VariantName = "[No Variations]"
Add component (AddParameter): Name = "RoHS"; Value = "TRUE"; VariantName = "[No Variations]"
Add component (AddParameter): Name = "Series"; Value = "RT"; VariantName = "[No Variations]"
Add component (AddParameter): Name = "Temperature"; Value = "-55°C to +155°C"; VariantName = "[No Variations]"
Add component (AddParameter): Name = "Temperature Coefficient"; Value = "50 ppm/°C"; VariantName = "[No Variations]"
Add component (AddParameter): Name = "Temperature Range High"; Value = "+155°C"; VariantName = "[No Variations]"
Add component (AddParameter): Name = "Temperature Range Low"; Value = "-55°C"; VariantName = "[No Variations]"
Add component (AddParameter): Name = "Tolerance"; Value = "0.0001"; VariantName = "[No Variations]"
Add component (AddParameter): Name = "Value"; Value = "4.7KO"; VariantName = "[No Variations]"
Add component (AddParameter): Name = "Voltage Rating"; Value = "150V"; VariantName = "[No Variations]"
Added Component: Designator=R33(FP-RT0805-MFG)
Add component (AddParameter): Name = "Automotive"; Value = "No"; VariantName = "[No Variations]"
Add component (AddParameter): Name = "Category"; Value = "Res"; VariantName = "[No Variations]"
Add component (AddParameter): Name = "ComponentLink2Description"; Value = "Datasheet"; VariantName = "[No Variations]"
Add component (AddParameter): Name = "ComponentLink2URL"; Value = "http://www.yageo.com/documents/recent/PYu-RT_1-to-0.01_RoHS_L_9.pdf"; VariantName = "[No Variations]"
Add component (AddParameter): Name = "Composition"; Value = "Thin Film"; VariantName = "[No Variations]"
Add component (AddParameter): Name = "Device Class L1"; Value = "Passive Components"; VariantName = "[No Variations]"
Add component (AddParameter): Name = "Device Class L2"; Value = "Resistors"; VariantName = "[No Variations]"
Add component (AddParameter): Name = "Device Class L3"; Value = "Chip SMD Resistors"; VariantName = "[No Variations]"
Add component (AddParameter): Name = "Footprint Url"; Value = "http://www.yageo.com/exep/pages/download/literatures/PYu-R_Mount_10.pdf"; VariantName = "[No Variations]"
Add component (AddParameter): Name = "Height"; Value = "0.6mm"; VariantName = "[No Variations]"
Add component (AddParameter): Name = "Ipc Land Pattern Name"; Value = "RESC200125X50"; VariantName = "[No Variations]"
Add component (AddParameter): Name = "Lead Free"; Value = "Yes"; VariantName = "[No Variations]"
Add component (AddParameter): Name = "Manufacturer"; Value = "Yageo"; VariantName = "[No Variations]"
Add component (AddParameter): Name = "Manufacturer Part Number"; Value = "RT0805FRE134K7L"; VariantName = "[No Variations]"
Add component (AddParameter): Name = "Octopart"; Value = "https://octopart.com/rt0805fre134k7l-yageo-16262042"; VariantName = "[No Variations]"
Add component (AddParameter): Name = "Package"; Value = "RT0805"; VariantName = "[No Variations]"
Add component (AddParameter): Name = "Power Rating"; Value = "0.125W"; VariantName = "[No Variations]"
Add component (AddParameter): Name = "Resistance"; Value = "DNI"; VariantName = "[No Variations]"
Add component (AddParameter): Name = "RoHS"; Value = "TRUE"; VariantName = "[No Variations]"
Add component (AddParameter): Name = "Series"; Value = "RT"; VariantName = "[No Variations]"
Add component (AddParameter): Name = "Temperature"; Value = "-55°C to +155°C"; VariantName = "[No Variations]"
Add component (AddParameter): Name = "Temperature Coefficient"; Value = "50 ppm/°C"; VariantName = "[No Variations]"
Add component (AddParameter): Name = "Temperature Range High"; Value = "+155°C"; VariantName = "[No Variations]"
Add component (AddParameter): Name = "Temperature Range Low"; Value = "-55°C"; VariantName = "[No Variations]"
Add component (AddParameter): Name = "Tolerance"; Value = "0.0001"; VariantName = "[No Variations]"
Add component (AddParameter): Name = "Value"; Value = "4.7KO"; VariantName = "[No Variations]"
Add component (AddParameter): Name = "Voltage Rating"; Value = "150V"; VariantName = "[No Variations]"
Added Component: Designator=R34(STA_RNCP0805_STP-M)
Add component (AddParameter): Name = "Supplier 1"; Value = "Digikey"; VariantName = "[No Variations]"
Add component (AddParameter): Name = "Supplier Part Number 1"; Value = "RNCP0805FTD10K0CT-ND"; VariantName = "[No Variations]"
Add component (AddParameter): Name = "Value"; Value = "10k ohm"; VariantName = "[No Variations]"
Added Component: Designator=R35(STA_RNCP0805_STP-M)
Add component (AddParameter): Name = "Supplier 1"; Value = "Digikey"; VariantName = "[No Variations]"
Add component (AddParameter): Name = "Supplier Part Number 1"; Value = "RNCP0805FTD10K0CT-ND"; VariantName = "[No Variations]"
Add component (AddParameter): Name = "Value"; Value = "DNI"; VariantName = "[No Variations]"
Added Component: Designator=R36(STA_RNCP0805_STP-M)
Add component (AddParameter): Name = "Supplier 1"; Value = "Digikey"; VariantName = "[No Variations]"
Add component (AddParameter): Name = "Supplier Part Number 1"; Value = "RNCP0805FTD10K0CT-ND"; VariantName = "[No Variations]"
Add component (AddParameter): Name = "Value"; Value = "DNI"; VariantName = "[No Variations]"
Added Component: Designator=R37(STA_RNCP0805_STP-M)
Add component (AddParameter): Name = "Supplier 1"; Value = "Digikey"; VariantName = "[No Variations]"
Add component (AddParameter): Name = "Supplier Part Number 1"; Value = "RNCP0805FTD10K0CT-ND"; VariantName = "[No Variations]"
Add component (AddParameter): Name = "Value"; Value = "DNI"; VariantName = "[No Variations]"
Added Component: Designator=R38(STA_RNCP0805_STP-M)
Add component (AddParameter): Name = "Supplier 1"; Value = "Digikey"; VariantName = "[No Variations]"
Add component (AddParameter): Name = "Supplier Part Number 1"; Value = "RNCP0805FTD10K0CT-ND"; VariantName = "[No Variations]"
Add component (AddParameter): Name = "Value"; Value = "DNI"; VariantName = "[No Variations]"
Added Component: Designator=R39(STA_RNCP0805_STP-M)
Add component (AddParameter): Name = "Supplier 1"; Value = "Digikey"; VariantName = "[No Variations]"
Add component (AddParameter): Name = "Supplier Part Number 1"; Value = "RNCP0805FTD10K0CT-ND"; VariantName = "[No Variations]"
Add component (AddParameter): Name = "Value"; Value = "DNI"; VariantName = "[No Variations]"
Added Component: Designator=R40(STA_RNCP0805_STP-M)
Add component (AddParameter): Name = "Supplier 1"; Value = "Digikey"; VariantName = "[No Variations]"
Add component (AddParameter): Name = "Supplier Part Number 1"; Value = "RNCP0805FTD10K0CT-ND"; VariantName = "[No Variations]"
Add component (AddParameter): Name = "Value"; Value = "DNI"; VariantName = "[No Variations]"
Added Component: Designator=TP16(Testpoint)
Added Component: Designator=TP17(Testpoint)
Added Component: Designator=TP18(Testpoint)
Added Component: Designator=TP19(Testpoint)
Added Component: Designator=TP20(Testpoint)
Added Component: Designator=TP21(Testpoint)
Added Component: Designator=TP22(Testpoint)
Added Component: Designator=TP23(Testpoint)
Added Component: Designator=TP24(Testpoint)
Added Component: Designator=TP25(Testpoint)
Added Component: Designator=TP26(Testpoint)
Added Component: Designator=TP27(Testpoint)
Added Component: Designator=TP28(Testpoint)
Added Component: Designator=TP29(Testpoint)
Added Component: Designator=TP30(Testpoint)
Added Component: Designator=TP31(Testpoint)
Added Component: Designator=TP32(Testpoint)
Added Component: Designator=TP33(Testpoint)
Added Component: Designator=U13(DCT8)
Add component (AddParameter): Name = "Mfr_Name"; Value = "Texas Instruments"; VariantName = "[No Variations]"
Add component (AddParameter): Name = "RefDes"; Value = "RefDes"; VariantName = "[No Variations]"
Add component (AddParameter): Name = "Type"; Value = "Type"; VariantName = "[No Variations]"
Added Component: Designator=U14(PW16-M)
Add component (AddParameter): Name = "Mfr_Name"; Value = "Texas Instruments"; VariantName = "[No Variations]"
Add component (AddParameter): Name = "RefDes"; Value = "RefDes"; VariantName = "[No Variations]"
Add component (AddParameter): Name = "Type"; Value = "Type"; VariantName = "[No Variations]"
Added Component: Designator=U15(SOT223-3_ONS-M)
Add component (AddParameter): Name = "Mfr_Name"; Value = "onsemi"; VariantName = "[No Variations]"
Add component (AddParameter): Name = "RefDes"; Value = "RefDes"; VariantName = "[No Variations]"
Add component (AddParameter): Name = "Type"; Value = "Type"; VariantName = "[No Variations]"
Added Component: Designator=U16(DCT8)
Add component (AddParameter): Name = "Mfr_Name"; Value = "Texas Instruments"; VariantName = "[No Variations]"
Add component (AddParameter): Name = "RefDes"; Value = "RefDes"; VariantName = "[No Variations]"
Add component (AddParameter): Name = "Type"; Value = "Type"; VariantName = "[No Variations]"
Added Component: Designator=U17(SW_MX1A-E1NW_CHY)
Added Component: Designator=U18(SW_MX1A-E1NW_CHY)
Added Component: Designator=U19(PW16-M)
Add component (AddParameter): Name = "Mfr_Name"; Value = "Texas Instruments"; VariantName = "[No Variations]"
Add component (AddParameter): Name = "RefDes"; Value = "RefDes"; VariantName = "[No Variations]"
Add component (AddParameter): Name = "Type"; Value = "Type"; VariantName = "[No Variations]"
Added Component: Designator=U20(SW_MX1A-E1NW_CHY)
Added Component: Designator=U21(SW_MX1A-E1NW_CHY)
Added Component: Designator=U22(SW_MX1A-E1NW_CHY)
Added Component: Designator=U23(SW_MX1A-E1NW_CHY)
Added Pin To Net: NetName=ROW10 Pin=B9-1
Added Pin To Net: NetName=ROW11 Pin=B9-2
Added Pin To Net: NetName=ROW12 Pin=B9-3
Added Pin To Net: NetName=ROW13 Pin=B9-4
Added Pin To Net: NetName=ROW14 Pin=B9-5
Added Pin To Net: NetName=ROW15 Pin=B9-6
Added Pin To Net: NetName=ROW10 Pin=B9-7
Added Pin To Net: NetName=ROW11 Pin=B9-8
Added Pin To Net: NetName=ROW12 Pin=B9-9
Added Pin To Net: NetName=ROW13 Pin=B9-10
Added Pin To Net: NetName=COM0 Pin=B9-11
Added Pin To Net: NetName=COM0 Pin=B9-12
Added Pin To Net: NetName=COM0 Pin=B9-13
Added Pin To Net: NetName=COM4 Pin=B9-15
Added Pin To Net: NetName=COM4 Pin=B9-16
Added Pin To Net: NetName=COM4 Pin=B9-17
Added Pin To Net: NetName=COM4 Pin=B9-18
Added Pin To Net: NetName=COM4 Pin=B9-19
Added Pin To Net: NetName=COM4 Pin=B9-20
Added Pin To Net: NetName=ROW10 Pin=B10-1
Added Pin To Net: NetName=ROW11 Pin=B10-2
Added Pin To Net: NetName=ROW12 Pin=B10-3
Added Pin To Net: NetName=ROW13 Pin=B10-4
Added Pin To Net: NetName=ROW14 Pin=B10-5
Added Pin To Net: NetName=ROW15 Pin=B10-6
Added Pin To Net: NetName=ROW10 Pin=B10-7
Added Pin To Net: NetName=ROW11 Pin=B10-8
Added Pin To Net: NetName=ROW12 Pin=B10-9
Added Pin To Net: NetName=ROW13 Pin=B10-10
Added Pin To Net: NetName=COM5 Pin=B10-11
Added Pin To Net: NetName=COM5 Pin=B10-12
Added Pin To Net: NetName=COM5 Pin=B10-13
Added Pin To Net: NetName=COM5 Pin=B10-14
Added Pin To Net: NetName=COM1 Pin=B10-15
Added Pin To Net: NetName=COM1 Pin=B10-16
Added Pin To Net: NetName=COM1 Pin=B10-17
Added Pin To Net: NetName=COM1 Pin=B10-18
Added Pin To Net: NetName=COM1 Pin=B10-19
Added Pin To Net: NetName=COM1 Pin=B10-20
Added Pin To Net: NetName=NetC45_2 Pin=C36-2
Added Pin To Net: NetName=GND Pin=C37-1
Added Pin To Net: NetName=NetC45_2 Pin=C37-2
Added Pin To Net: NetName=GND Pin=C38-1
Added Pin To Net: NetName=5V Pin=C42-2
Added Pin To Net: NetName=3.3V Pin=C45-2
Added Pin To Net: NetName=GND Pin=C46-2
Added Pin To Net: NetName=GND Pin=C49-1
Added Pin To Net: NetName=GND Pin=C50-1
Added Pin To Net: NetName=GND Pin=C51-1
Added Pin To Net: NetName=GND Pin=C52-2
Added Pin To Net: NetName=GND Pin=C53-2
Added Pin To Net: NetName=GND Pin=C54-2
Added Pin To Net: NetName=GND Pin=C55-2
Added Pin To Net: NetName=GND Pin=C56-2
Added Pin To Net: NetName=GND Pin=C57-1
Added Pin To Net: NetName=GND Pin=C58-1
Added Pin To Net: NetName=GND Pin=C59-1
Added Pin To Net: NetName=GND Pin=C60-2
Added Pin To Net: NetName=GND Pin=C61-2
Added Pin To Net: NetName=GND Pin=C62-1
Added Pin To Net: NetName=GND Pin=C63-2
Added Pin To Net: NetName=GND Pin=C64-2
Added Pin To Net: NetName=GND Pin=C65-2
Added Pin To Net: NetName=GND Pin=C66-2
Added Pin To Net: NetName=GND Pin=C67-2
Added Pin To Net: NetName=GND Pin=C68-2
Added Pin To Net: NetName=GND Pin=C69-2
Added Pin To Net: NetName=COM4 Pin=CR1-2
Added Pin To Net: NetName=GND Pin=DNI-1
Added Pin To Net: NetName=NetR21_1 Pin=DNI-2
Added Pin To Net: NetName=5V Pin=J9-2
Added Pin To Net: NetName=5V Pin=J10-2
Added Pin To Net: NetName=I2C1_SCL Pin=J14-3
Added Pin To Net: NetName=I2C1_SDA Pin=J14-4
Added Pin To Net: NetName=I2C1_SCL Pin=J15-3
Added Pin To Net: NetName=I2C1_SDA Pin=J15-4
Added Pin To Net: NetName=GND Pin=J16-1
Added Pin To Net: NetName=GND Pin=J17-1
Added Pin To Net: NetName=GND Pin=R18-1
Added Pin To Net: NetName=SCL Pin=R23-2
Added Pin To Net: NetName=SDA Pin=R24-2
Added Pin To Net: NetName=GND Pin=R25-2
Added Pin To Net: NetName=GND Pin=R30-1
Added Pin To Net: NetName=GND Pin=R31-1
Added Pin To Net: NetName=3.3V Pin=R32-1
Added Pin To Net: NetName=3.3V Pin=R33-1
Added Pin To Net: NetName=GND Pin=R34-2
Added Pin To Net: NetName=GND Pin=R39-1
Added Pin To Net: NetName=GND Pin=R40-1
Added Pin To Net: NetName=I2C1_SCL Pin=TP8-1
Added Pin To Net: NetName=I2C1_SDA Pin=TP9-1
Added Pin To Net: NetName=QSPI_SS Pin=TP16-1
Added Pin To Net: NetName=QSPI_SD0 Pin=TP17-1
Added Pin To Net: NetName=QSPI_SD1 Pin=TP18-1
Added Pin To Net: NetName=QSPI_SD2 Pin=TP19-1
Added Pin To Net: NetName=QSPI_SCLK Pin=TP20-1
Added Pin To Net: NetName=QSPI_SD3 Pin=TP21-1
Added Pin To Net: NetName=SWCLK Pin=TP22-1
Added Pin To Net: NetName=SWDIO Pin=TP23-1
Added Pin To Net: NetName=5V Pin=TP24-1
Added Pin To Net: NetName=NetC45_2 Pin=U8-3
Added Pin To Net: NetName=5V Pin=U9-3
Added Pin To Net: NetName=COM4 Pin=U12-2
Added Pin To Net: NetName=COM0 Pin=U12-3
Added Pin To Net: NetName=COM1 Pin=U12-4
Added Pin To Net: NetName=COM5 Pin=U12-5
Added Pin To Net: NetName=COM2 Pin=U12-6
Added Pin To Net: NetName=COM6 Pin=U12-7
Added Pin To Net: NetName=COM7 Pin=U12-8
Added Pin To Net: NetName=COM3 Pin=U12-9
Added Pin To Net: NetName=ROW8 Pin=U12-16
Added Pin To Net: NetName=ROW7 Pin=U12-17
Added Pin To Net: NetName=ROW6 Pin=U12-18
Added Pin To Net: NetName=GND Pin=U13-2
Added Pin To Net: NetName=SDA Pin=U13-4
Added Pin To Net: NetName=SCL Pin=U13-5
Added Pin To Net: NetName=NetB12_2 Pin=U14-1
Added Pin To Net: NetName=NetB11_2 Pin=U14-2
Added Pin To Net: NetName=GND Pin=U14-9
Added Pin To Net: NetName=GND Pin=U14-11
Added Pin To Net: NetName=GND Pin=U15-1
Added Pin To Net: NetName=GND Pin=U16-2
Added Pin To Net: NetName=GND Pin=U19-9
Added Pin To Net: NetName=GND Pin=U19-11
Change Net Name : Old Net Name=5V New Net Name=VBUS_5V_LM
Change Net Name : Old Net Name=COM0 New Net Name=COM1
Change Net Name : Old Net Name=COM1 New Net Name=COM2
Change Net Name : Old Net Name=COM2 New Net Name=COM4
Change Net Name : Old Net Name=COM3 New Net Name=COM7
Change Net Name : Old Net Name=COM4 New Net Name=COM0
Change Net Name : Old Net Name=COM5 New Net Name=COM3
Change Net Name : Old Net Name=COM6 New Net Name=COM5
Change Net Name : Old Net Name=COM7 New Net Name=COM6
Change Net Name : Old Net Name=NetC45_2 New Net Name=NetC36_2
Change Net Name : Old Net Name=NetR21_1 New Net Name=NetDNI_2
Change Net Name : Old Net Name=ROW6 New Net Name=ROW7
Change Net Name : Old Net Name=ROW7 New Net Name=ROW8
Change Net Name : Old Net Name=ROW8 New Net Name=ROW9
Change Net Name : Old Net Name=SCL New Net Name=SCL_SM
Change Net Name : Old Net Name=SDA New Net Name=SDA_SM
Added Pin To Net: NetName=3.3V_LM Pin=C25-1
Added Pin To Net: NetName=3.3V_LM Pin=C43-2
Added Pin To Net: NetName=3.3V_LM Pin=R8-1
Added Pin To Net: NetName=3.3V_LM Pin=R9-1
Added Pin To Net: NetName=3.3V_LM Pin=R10-1
Added Pin To Net: NetName=3.3V_LM Pin=U6-3
Added Pin To Net: NetName=3.3V_LM Pin=U6-6
Added Pin To Net: NetName=3.3V_LM Pin=U9-2
Added Net: Name=3.3V_LM
Added Pin To Net: NetName=3.3V_MM Pin=C56-1
Added Pin To Net: NetName=3.3V_MM Pin=C59-2
Added Pin To Net: NetName=3.3V_MM Pin=R34-1
Added Pin To Net: NetName=3.3V_MM Pin=TP28-1
Added Pin To Net: NetName=3.3V_MM Pin=TP29-1
Added Pin To Net: NetName=3.3V_MM Pin=U15-2
Added Pin To Net: NetName=3.3V_MM Pin=U16-3
Added Pin To Net: NetName=3.3V_MM Pin=U16-6
Added Net: Name=3.3V_MM
Added Pin To Net: NetName=3V_SM Pin=C46-1
Added Pin To Net: NetName=3V_SM Pin=C48-2
Added Pin To Net: NetName=3V_SM Pin=R23-1
Added Pin To Net: NetName=3V_SM Pin=R24-1
Added Pin To Net: NetName=3V_SM Pin=R25-1
Added Pin To Net: NetName=3V_SM Pin=TP10-1
Added Pin To Net: NetName=3V_SM Pin=U11-2
Added Pin To Net: NetName=3V_SM Pin=U13-3
Added Pin To Net: NetName=3V_SM Pin=U13-6
Added Net: Name=3V_SM
Added Pin To Net: NetName=A0_ADC Pin=R28-1
Added Pin To Net: NetName=A0_ADC Pin=R30-2
Added Pin To Net: NetName=A0_ADC Pin=R37-1
Added Pin To Net: NetName=A0_ADC Pin=R39-2
Added Pin To Net: NetName=A0_ADC Pin=U14-13
Added Pin To Net: NetName=A0_ADC Pin=U19-13
Added Net: Name=A0_ADC
Added Pin To Net: NetName=A1_ADC Pin=R29-1
Added Pin To Net: NetName=A1_ADC Pin=R31-2
Added Pin To Net: NetName=A1_ADC Pin=R38-1
Added Pin To Net: NetName=A1_ADC Pin=R40-2
Added Pin To Net: NetName=A1_ADC Pin=U14-12
Added Pin To Net: NetName=A1_ADC Pin=U19-12
Added Net: Name=A1_ADC
Added Pin To Net: NetName=B1_ADC_MM Pin=R36-1
Added Pin To Net: NetName=B1_ADC_MM Pin=U16-8
Added Pin To Net: NetName=B1_ADC_MM Pin=U19-14
Added Net: Name=B1_ADC_MM
Added Pin To Net: NetName=B1_ADC_SM Pin=R27-1
Added Pin To Net: NetName=B1_ADC_SM Pin=U13-8
Added Pin To Net: NetName=B1_ADC_SM Pin=U14-14
Added Net: Name=B1_ADC_SM
Added Pin To Net: NetName=B2_ADC_MM Pin=R35-1
Added Pin To Net: NetName=B2_ADC_MM Pin=U16-1
Added Pin To Net: NetName=B2_ADC_MM Pin=U19-15
Added Net: Name=B2_ADC_MM
Added Pin To Net: NetName=B2_ADC_SM Pin=R26-1
Added Pin To Net: NetName=B2_ADC_SM Pin=U13-1
Added Pin To Net: NetName=B2_ADC_SM Pin=U14-15
Added Net: Name=B2_ADC_SM
Added Pin To Net: NetName=BUS_5V Pin=C38-2
Added Pin To Net: NetName=BUS_5V Pin=J14-2
Added Pin To Net: NetName=BUS_5V Pin=J15-2
Added Pin To Net: NetName=BUS_5V Pin=R17-2
Added Pin To Net: NetName=BUS_5V Pin=TP7-1
Added Pin To Net: NetName=BUS_5V Pin=U8-2
Added Pin To Net: NetName=BUS_5V Pin=U8-4
Added Net: Name=BUS_5V
Added Pin To Net: NetName=NetC39_2 Pin=C39-2
Added Pin To Net: NetName=NetC39_2 Pin=R17-1
Added Pin To Net: NetName=NetC39_2 Pin=R18-2
Added Pin To Net: NetName=NetC39_2 Pin=U8-1
Added Net: Name=NetC39_2
Added Pin To Net: NetName=NetU17_2 Pin=U17-2
Added Pin To Net: NetName=NetU17_2 Pin=U19-1
Added Net: Name=NetU17_2
Added Pin To Net: NetName=NetU18_2 Pin=U18-2
Added Pin To Net: NetName=NetU18_2 Pin=U19-2
Added Net: Name=NetU18_2
Added Pin To Net: NetName=NetU19_3 Pin=U19-3
Added Pin To Net: NetName=NetU19_3 Pin=U20-2
Added Net: Name=NetU19_3
Added Pin To Net: NetName=NetU19_4 Pin=U19-4
Added Pin To Net: NetName=NetU19_4 Pin=U21-2
Added Net: Name=NetU19_4
Added Pin To Net: NetName=NetU19_5 Pin=U19-5
Added Pin To Net: NetName=NetU19_5 Pin=U22-2
Added Net: Name=NetU19_5
Added Pin To Net: NetName=NetU19_6 Pin=U19-6
Added Pin To Net: NetName=NetU19_6 Pin=U23-2
Added Net: Name=NetU19_6
Added Pin To Net: NetName=ROW6 Pin=B1-7
Added Pin To Net: NetName=ROW6 Pin=B2-7
Added Pin To Net: NetName=ROW6 Pin=B3-7
Added Pin To Net: NetName=ROW6 Pin=B4-7
Added Pin To Net: NetName=ROW6 Pin=B5-7
Added Pin To Net: NetName=ROW6 Pin=B6-7
Added Pin To Net: NetName=ROW6 Pin=B7-7
Added Pin To Net: NetName=ROW6 Pin=B8-7
Added Pin To Net: NetName=ROW6 Pin=U12-19
Added Net: Name=ROW6
Added Pin To Net: NetName=SCL_LM Pin=J9-3
Added Pin To Net: NetName=SCL_LM Pin=J10-3
Added Pin To Net: NetName=SCL_LM Pin=R8-2
Added Pin To Net: NetName=SCL_LM Pin=TP25-1
Added Pin To Net: NetName=SCL_LM Pin=U6-5
Added Net: Name=SCL_LM
Added Pin To Net: NetName=SCL_MM Pin=J16-3
Added Pin To Net: NetName=SCL_MM Pin=J17-3
Added Pin To Net: NetName=SCL_MM Pin=R32-2
Added Pin To Net: NetName=SCL_MM Pin=TP32-1
Added Pin To Net: NetName=SCL_MM Pin=U16-5
Added Net: Name=SCL_MM
Added Pin To Net: NetName=SDA_LM Pin=J9-4
Added Pin To Net: NetName=SDA_LM Pin=J10-4
Added Pin To Net: NetName=SDA_LM Pin=R9-2
Added Pin To Net: NetName=SDA_LM Pin=TP26-1
Added Pin To Net: NetName=SDA_LM Pin=U6-4
Added Net: Name=SDA_LM
Added Pin To Net: NetName=SDA_MM Pin=J16-4
Added Pin To Net: NetName=SDA_MM Pin=J17-4
Added Pin To Net: NetName=SDA_MM Pin=R33-2
Added Pin To Net: NetName=SDA_MM Pin=TP33-1
Added Pin To Net: NetName=SDA_MM Pin=U16-4
Added Net: Name=SDA_MM
Added Pin To Net: NetName=VBUS_5V_MM Pin=C57-2
Added Pin To Net: NetName=VBUS_5V_MM Pin=C58-2
Added Pin To Net: NetName=VBUS_5V_MM Pin=C60-1
Added Pin To Net: NetName=VBUS_5V_MM Pin=C61-1
Added Pin To Net: NetName=VBUS_5V_MM Pin=C62-2
Added Pin To Net: NetName=VBUS_5V_MM Pin=C63-1
Added Pin To Net: NetName=VBUS_5V_MM Pin=C64-1
Added Pin To Net: NetName=VBUS_5V_MM Pin=C65-1
Added Pin To Net: NetName=VBUS_5V_MM Pin=C66-1
Added Pin To Net: NetName=VBUS_5V_MM Pin=C67-1
Added Pin To Net: NetName=VBUS_5V_MM Pin=C68-1
Added Pin To Net: NetName=VBUS_5V_MM Pin=C69-1
Added Pin To Net: NetName=VBUS_5V_MM Pin=J16-2
Added Pin To Net: NetName=VBUS_5V_MM Pin=J17-2
Added Pin To Net: NetName=VBUS_5V_MM Pin=R35-2
Added Pin To Net: NetName=VBUS_5V_MM Pin=R36-2
Added Pin To Net: NetName=VBUS_5V_MM Pin=R37-2
Added Pin To Net: NetName=VBUS_5V_MM Pin=R38-2
Added Pin To Net: NetName=VBUS_5V_MM Pin=TP27-1
Added Pin To Net: NetName=VBUS_5V_MM Pin=TP30-1
Added Pin To Net: NetName=VBUS_5V_MM Pin=TP31-1
Added Pin To Net: NetName=VBUS_5V_MM Pin=U15-3
Added Pin To Net: NetName=VBUS_5V_MM Pin=U16-7
Added Pin To Net: NetName=VBUS_5V_MM Pin=U17-1
Added Pin To Net: NetName=VBUS_5V_MM Pin=U18-1
Added Pin To Net: NetName=VBUS_5V_MM Pin=U19-10
Added Pin To Net: NetName=VBUS_5V_MM Pin=U19-16
Added Pin To Net: NetName=VBUS_5V_MM Pin=U20-1
Added Pin To Net: NetName=VBUS_5V_MM Pin=U21-1
Added Pin To Net: NetName=VBUS_5V_MM Pin=U22-1
Added Pin To Net: NetName=VBUS_5V_MM Pin=U23-1
Added Net: Name=VBUS_5V_MM
Added Pin To Net: NetName=VBUS_5V_SM Pin=B11-1
Added Pin To Net: NetName=VBUS_5V_SM Pin=B12-1
Added Pin To Net: NetName=VBUS_5V_SM Pin=C47-2
Added Pin To Net: NetName=VBUS_5V_SM Pin=C49-2
Added Pin To Net: NetName=VBUS_5V_SM Pin=C50-2
Added Pin To Net: NetName=VBUS_5V_SM Pin=C51-2
Added Pin To Net: NetName=VBUS_5V_SM Pin=C52-1
Added Pin To Net: NetName=VBUS_5V_SM Pin=C53-1
Added Pin To Net: NetName=VBUS_5V_SM Pin=C54-1
Added Pin To Net: NetName=VBUS_5V_SM Pin=C55-1
Added Pin To Net: NetName=VBUS_5V_SM Pin=J5-2
Added Pin To Net: NetName=VBUS_5V_SM Pin=J11-2
Added Pin To Net: NetName=VBUS_5V_SM Pin=J12-2
Added Pin To Net: NetName=VBUS_5V_SM Pin=R19-1
Added Pin To Net: NetName=VBUS_5V_SM Pin=R20-1
Added Pin To Net: NetName=VBUS_5V_SM Pin=R26-2
Added Pin To Net: NetName=VBUS_5V_SM Pin=R27-2
Added Pin To Net: NetName=VBUS_5V_SM Pin=R28-2
Added Pin To Net: NetName=VBUS_5V_SM Pin=R29-2
Added Pin To Net: NetName=VBUS_5V_SM Pin=TP13-1
Added Pin To Net: NetName=VBUS_5V_SM Pin=U11-3
Added Pin To Net: NetName=VBUS_5V_SM Pin=U13-7
Added Pin To Net: NetName=VBUS_5V_SM Pin=U14-10
Added Pin To Net: NetName=VBUS_5V_SM Pin=U14-16
Added Net: Name=VBUS_5V_SM
Added Class: Name=RMP_MACRO_MODULE
Added Member To Class: ClassName=RMP_MAIN_HFB Member=Component C36 CL21B105KAFNNNE
Added Member To Class: ClassName=RMP_MAIN_HFB Member=Component C37 CC0805KRX7R9BB104
Added Member To Class: ClassName=RMP_MAIN_HFB Member=Component C38 CL21B105KAFNNNE
Added Member To Class: ClassName=RMP_MAIN_HFB Member=Component C39 GRM21BR61C106KE15K
Added Member To Class: ClassName=RMP_SLIDER_MODULE Member=Component C46 CL21B105KAFNNNE
Added Member To Class: ClassName=RMP_SLIDER_MODULE Member=Component C49 CL21B105KAFNNNE
Added Member To Class: ClassName=RMP_SLIDER_MODULE Member=Component C50 GRM21BR61C106KE15K
Added Member To Class: ClassName=RMP_SLIDER_MODULE Member=Component C51 GRM21BR61C106KE15K
Added Member To Class: ClassName=RMP_SLIDER_MODULE Member=Component C52 GRM21BR61C106KE15K
Added Member To Class: ClassName=RMP_SLIDER_MODULE Member=Component C53 35YXJ100M6.3X11
Added Member To Class: ClassName=RMP_SLIDER_MODULE Member=Component C54 35YXJ100M6.3X11
Added Member To Class: ClassName=RMP_SLIDER_MODULE Member=Component C55 35YXJ100M6.3X11
Added Member To Class: ClassName=RMP_MAIN_HFB Member=Component DNI CC0805KRX7R9BB104
Added Member To Class: ClassName=RMP_MAIN_HFB Member=Component R17 RNCF0805DTE120R
Added Member To Class: ClassName=RMP_MAIN_HFB Member=Component R18 RNCF0805DTE360R
Added Member To Class: ClassName=RMP_SLIDER_MODULE Member=Component R23 RT0805FRE134K7L
Added Member To Class: ClassName=RMP_SLIDER_MODULE Member=Component R24 RT0805FRE134K7L
Added Member To Class: ClassName=RMP_SLIDER_MODULE Member=Component R25 RNCP0805FTD10K0
Added Member To Class: ClassName=RMP_SLIDER_MODULE Member=Component R26 RNCP0805FTD10K0
Added Member To Class: ClassName=RMP_SLIDER_MODULE Member=Component R27 RNCP0805FTD10K0
Added Member To Class: ClassName=RMP_SLIDER_MODULE Member=Component R28 RNCP0805FTD10K0
Added Member To Class: ClassName=RMP_SLIDER_MODULE Member=Component R29 RNCP0805FTD10K0
Added Member To Class: ClassName=RMP_SLIDER_MODULE Member=Component R30 RNCP0805FTD10K0
Added Member To Class: ClassName=RMP_SLIDER_MODULE Member=Component R31 RNCP0805FTD10K0
Added Member To Class: ClassName=RMP_MAIN Member=Component TP16 TestPoint
Added Member To Class: ClassName=RMP_MAIN Member=Component TP17 TestPoint
Added Member To Class: ClassName=RMP_MAIN Member=Component TP18 TestPoint
Added Member To Class: ClassName=RMP_MAIN Member=Component TP19 TestPoint
Added Member To Class: ClassName=RMP_MAIN Member=Component TP20 TestPoint
Added Member To Class: ClassName=RMP_MAIN Member=Component TP21 TestPoint
Added Member To Class: ClassName=RMP_MAIN Member=Component TP22 TestPoint
Added Member To Class: ClassName=RMP_MAIN Member=Component TP23 TestPoint
Added Member To Class: ClassName=RMP_LED_MODULE Member=Component TP24 TestPoint
Added Member To Class: ClassName=RMP_LED_MODULE Member=Component TP25 TestPoint
Added Member To Class: ClassName=RMP_LED_MODULE Member=Component TP26 TestPoint
Added Member To Class: ClassName=RMP_MAIN_HFB Member=Component U8 LM317DCYR
Added Member To Class: ClassName=RMP_SLIDER_MODULE Member=Component U13 TXS0102DCTR
Added Member To Class: ClassName=RMP_SLIDER_MODULE Member=Component U14 ADS7830IPWR
Added Rule: Name=Schematic Supply Nets_4
