Removed Pin From Net: NetName=SCL Pin=*-4
Removed Pin From Net: NetName=SDA Pin=*-5
Removed Pin From Net: NetName=12V Pin=C31-1
Removed Pin From Net: NetName=12V Pin=C32-2
Removed Pin From Net: NetName=12V Pin=J3-1
Removed Pin From Net: NetName=SCL Pin=R8-2
Removed Pin From Net: NetName=SDA Pin=R9-2
Removed Pin From Net: NetName=SDA Pin=U6-4
Removed Pin From Net: NetName=SCL Pin=U6-5
Removed Pin From Net: NetName=12V Pin=U7-4
Added Component: Designator=C40(CAP_YX_6P3X11_RUB)
Add component (AddParameter): Name = "Mfr_Name"; Value = "Rubycon"; VariantName = "[No Variations]"
Add component (AddParameter): Name = "RefDes"; Value = ""; VariantName = "[No Variations]"
Add component (AddParameter): Name = "Type"; Value = ""; VariantName = "[No Variations]"
Add component (AddParameter): Name = "Value"; Value = "100uF"; VariantName = "[No Variations]"
Added Component: Designator=C41(CAP_YX_6P3X11_RUB)
Add component (AddParameter): Name = "Mfr_Name"; Value = "Rubycon"; VariantName = "[No Variations]"
Add component (AddParameter): Name = "RefDes"; Value = ""; VariantName = "[No Variations]"
Add component (AddParameter): Name = "Type"; Value = ""; VariantName = "[No Variations]"
Add component (AddParameter): Name = "Value"; Value = "100uF"; VariantName = "[No Variations]"
Added Component: Designator=C42(G-21_MUR-M)
Add component (AddParameter): Name = "Mfr_Name"; Value = "Murata"; VariantName = "[No Variations]"
Add component (AddParameter): Name = "RefDes"; Value = ""; VariantName = "[No Variations]"
Add component (AddParameter): Name = "Type"; Value = ""; VariantName = "[No Variations]"
Add component (AddParameter): Name = "Value"; Value = "10u F"; VariantName = "[No Variations]"
Added Component: Designator=C43(G-21_MUR-M)
Add component (AddParameter): Name = "Mfr_Name"; Value = "Murata"; VariantName = "[No Variations]"
Add component (AddParameter): Name = "RefDes"; Value = ""; VariantName = "[No Variations]"
Add component (AddParameter): Name = "Type"; Value = ""; VariantName = "[No Variations]"
Add component (AddParameter): Name = "Value"; Value = "10u F"; VariantName = "[No Variations]"
Added Component: Designator=C44(TAJA_AVX-M)
Add component (AddParameter): Name = "Mfr_Name"; Value = "KYOCERA AVX"; VariantName = "[No Variations]"
Add component (AddParameter): Name = "RefDes"; Value = ""; VariantName = "[No Variations]"
Add component (AddParameter): Name = "Type"; Value = ""; VariantName = "[No Variations]"
Add component (AddParameter): Name = "Value"; Value = "4.7uF"; VariantName = "[No Variations]"
Added Component: Designator=C45(CAPC17595_90N_KEM-M)
Add component (AddParameter): Name = "Mfr_Name"; Value = "Kemet"; VariantName = "[No Variations]"
Add component (AddParameter): Name = "RefDes"; Value = ""; VariantName = "[No Variations]"
Add component (AddParameter): Name = "Type"; Value = ""; VariantName = "[No Variations]"
Add component (AddParameter): Name = "Value"; Value = "1uF"; VariantName = "[No Variations]"
Added Component: Designator=C46(CC0603N_YAG-M)
Add component (AddParameter): Name = "Mfr_Name"; Value = "Yageo"; VariantName = "[No Variations]"
Add component (AddParameter): Name = "RefDes"; Value = ""; VariantName = "[No Variations]"
Add component (AddParameter): Name = "Type"; Value = ""; VariantName = "[No Variations]"
Add component (AddParameter): Name = "Value"; Value = "100nF"; VariantName = "[No Variations]"
Added Component: Designator=C47(G-21_MUR-M)
Add component (AddParameter): Name = "Mfr_Name"; Value = "Murata"; VariantName = "[No Variations]"
Add component (AddParameter): Name = "RefDes"; Value = ""; VariantName = "[No Variations]"
Add component (AddParameter): Name = "Type"; Value = ""; VariantName = "[No Variations]"
Add component (AddParameter): Name = "Value"; Value = "10u F"; VariantName = "[No Variations]"
Added Component: Designator=C48(G-21_MUR-M)
Add component (AddParameter): Name = "Mfr_Name"; Value = "Murata"; VariantName = "[No Variations]"
Add component (AddParameter): Name = "RefDes"; Value = ""; VariantName = "[No Variations]"
Add component (AddParameter): Name = "Type"; Value = ""; VariantName = "[No Variations]"
Add component (AddParameter): Name = "Value"; Value = "10u F"; VariantName = "[No Variations]"
Added Component: Designator=J6(3PINHEADER)
Added Component: Designator=J7(CONN_AU-Y1008-2_ASM)
Add component (AddParameter): Name = "Mfr_Name"; Value = "Assmann"; VariantName = "[No Variations]"
Add component (AddParameter): Name = "RefDes"; Value = "RefDes"; VariantName = "[No Variations]"
Add component (AddParameter): Name = "Type"; Value = "Type"; VariantName = "[No Variations]"
Added Component: Designator=J8(CONN_BM03B-SRSS-TBLFSN_JST)
Add component (AddParameter): Name = "Mfr_Name"; Value = "JST"; VariantName = "[No Variations]"
Add component (AddParameter): Name = "RefDes"; Value = "RefDes"; VariantName = "[No Variations]"
Add component (AddParameter): Name = "Type"; Value = "Type"; VariantName = "[No Variations]"
Added Component: Designator=R21(RES_RNCF0805_STP-M)
Add component (AddParameter): Name = "Mfr_Name"; Value = "Stackpole International"; VariantName = "[No Variations]"
Add component (AddParameter): Name = "RefDes"; Value = ""; VariantName = "[No Variations]"
Add component (AddParameter): Name = "Type"; Value = ""; VariantName = "[No Variations]"
Add component (AddParameter): Name = "Value"; Value = "1k ohm"; VariantName = "[No Variations]"
Added Component: Designator=R22(RES_RNCF0805_STP-M)
Add component (AddParameter): Name = "Mfr_Name"; Value = "Stackpole International"; VariantName = "[No Variations]"
Add component (AddParameter): Name = "RefDes"; Value = ""; VariantName = "[No Variations]"
Add component (AddParameter): Name = "Type"; Value = ""; VariantName = "[No Variations]"
Add component (AddParameter): Name = "Value"; Value = "5.6k ohm"; VariantName = "[No Variations]"
Added Component: Designator=SW1(knob_switches)
Add component (AddParameter): Name = "Mfr_Name"; Value = "Cherry"; VariantName = "[No Variations]"
Add component (AddParameter): Name = "RefDes"; Value = ""; VariantName = "[No Variations]"
Add component (AddParameter): Name = "Type"; Value = ""; VariantName = "[No Variations]"
Added Component: Designator=U9(SOT223-3_ONS-M)
Add component (AddParameter): Name = "Mfr_Name"; Value = "onsemi"; VariantName = "[No Variations]"
Add component (AddParameter): Name = "RefDes"; Value = "RefDes"; VariantName = "[No Variations]"
Add component (AddParameter): Name = "Type"; Value = "Type"; VariantName = "[No Variations]"
Added Component: Designator=U10(SO8B_4X5X1P27_STM)
Add component (AddParameter): Name = "Mfr_Name"; Value = "STMicroelectronics"; VariantName = "[No Variations]"
Add component (AddParameter): Name = "RefDes"; Value = "RefDes"; VariantName = "[No Variations]"
Add component (AddParameter): Name = "Type"; Value = "Type"; VariantName = "[No Variations]"
Added Component: Designator=U11(SOT223-3_ONS-M)
Add component (AddParameter): Name = "Mfr_Name"; Value = "onsemi"; VariantName = "[No Variations]"
Add component (AddParameter): Name = "RefDes"; Value = "RefDes"; VariantName = "[No Variations]"
Add component (AddParameter): Name = "Type"; Value = "Type"; VariantName = "[No Variations]"
Added Pin To Net: NetName=COM1 Pin=B9-11
Added Pin To Net: NetName=COM1 Pin=B9-12
Added Pin To Net: NetName=COM1 Pin=B9-13
Added Pin To Net: NetName=COM0 Pin=B9-14
Added Pin To Net: NetName=COM0 Pin=B9-15
Added Pin To Net: NetName=COM0 Pin=B9-16
Added Pin To Net: NetName=COM0 Pin=B9-17
Added Pin To Net: NetName=COM0 Pin=B9-18
Added Pin To Net: NetName=COM0 Pin=B9-19
Added Pin To Net: NetName=COM0 Pin=B9-20
Added Pin To Net: NetName=COM3 Pin=B10-11
Added Pin To Net: NetName=COM3 Pin=B10-12
Added Pin To Net: NetName=COM3 Pin=B10-13
Added Pin To Net: NetName=COM3 Pin=B10-14
Added Pin To Net: NetName=COM2 Pin=B10-15
Added Pin To Net: NetName=COM2 Pin=B10-16
Added Pin To Net: NetName=COM2 Pin=B10-17
Added Pin To Net: NetName=COM2 Pin=B10-18
Added Pin To Net: NetName=COM2 Pin=B10-19
Added Pin To Net: NetName=COM2 Pin=B10-20
Added Pin To Net: NetName=GND Pin=C40-2
Added Pin To Net: NetName=GND Pin=C41-2
Added Pin To Net: NetName=GND Pin=C42-1
Added Pin To Net: NetName=VBUS_5V Pin=C42-2
Added Pin To Net: NetName=GND Pin=C43-1
Added Pin To Net: NetName=3.3V Pin=C43-2
Added Pin To Net: NetName=GND Pin=C44-2
Added Pin To Net: NetName=GND Pin=C45-1
Added Pin To Net: NetName=GND Pin=C46-1
Added Pin To Net: NetName=3.3V Pin=C46-2
Added Pin To Net: NetName=GND Pin=C47-1
Added Pin To Net: NetName=VBUS_5V Pin=C47-2
Added Pin To Net: NetName=GND Pin=C48-1
Added Pin To Net: NetName=3.3V Pin=C48-2
Add Pin To Net: Unknown Pin: Pin J1-A1-B12
Add Pin To Net: Unknown Pin: Pin J1-A4-B9
Add Pin To Net: Unknown Pin: Pin J1-B1-A12
Add Pin To Net: Unknown Pin: Pin J1-B4-A9
Add Pin To Net: Unknown Pin: Pin J5-1
Add Pin To Net: Unknown Pin: Pin J5-2
Add Pin To Net: Unknown Pin: Pin J5-3
Add Pin To Net: Unknown Pin: Pin J5-4
Added Pin To Net: NetName=GND Pin=J6-3
Added Pin To Net: NetName=GND Pin=J7-4
Added Pin To Net: NetName=GND Pin=J7-8
Added Pin To Net: NetName=GND Pin=J8-2
Add Pin To Net: Unknown Pin: Pin J9-1
Add Pin To Net: Unknown Pin: Pin J9-2
Add Pin To Net: Unknown Pin: Pin J9-3
Add Pin To Net: Unknown Pin: Pin J9-4
Add Pin To Net: Unknown Pin: Pin J10-1
Add Pin To Net: Unknown Pin: Pin J10-2
Add Pin To Net: Unknown Pin: Pin J10-3
Add Pin To Net: Unknown Pin: Pin J10-4
Add Pin To Net: Unknown Pin: Pin J11-1
Add Pin To Net: Unknown Pin: Pin J11-2
Add Pin To Net: Unknown Pin: Pin J11-3
Add Pin To Net: Unknown Pin: Pin J11-4
Add Pin To Net: Unknown Pin: Pin J12-1
Add Pin To Net: Unknown Pin: Pin J12-2
Add Pin To Net: Unknown Pin: Pin J12-3
Add Pin To Net: Unknown Pin: Pin J12-4
Added Pin To Net: NetName=GND Pin=R22-1
Added Pin To Net: NetName=3.3V Pin=SW1-1
Added Pin To Net: NetName=GND Pin=U9-1
Added Pin To Net: NetName=3.3V Pin=U9-2
Added Pin To Net: NetName=VBUS_5V Pin=U9-3
Added Pin To Net: NetName=GND Pin=U10-2
Added Pin To Net: NetName=GND Pin=U10-3
Added Pin To Net: NetName=GND Pin=U10-6
Added Pin To Net: NetName=GND Pin=U10-7
Added Pin To Net: NetName=GND Pin=U11-1
Added Pin To Net: NetName=3.3V Pin=U11-2
Added Pin To Net: NetName=VBUS_5V Pin=U11-3
Add Pin To Net: Unknown Pin: Pin U-1
Add Pin To Net: Unknown Pin: Pin U-2
Add Pin To Net: Unknown Pin: Pin U-3
Add Pin To Net: Unknown Pin: Pin U-4
Add Pin To Net: Unknown Pin: Pin U-5
Add Pin To Net: Unknown Pin: Pin U-6
Add Pin To Net: Unknown Pin: Pin U-7
Add Pin To Net: Unknown Pin: Pin U-8
Add Pin To Net: Unknown Pin: Pin U-9
Add Pin To Net: Unknown Pin: Pin U-17
Add Pin To Net: Unknown Pin: Pin U-18
Add Pin To Net: Unknown Pin: Pin U-19
Add Pin To Net: Unknown Pin: Pin U-20
Add Pin To Net: Unknown Pin: Pin U-21
Add Pin To Net: Unknown Pin: Pin U-22
Add Pin To Net: Unknown Pin: Pin U-23
Add Pin To Net: Unknown Pin: Pin U-24
Add Pin To Net: Unknown Pin: Pin U-25
Add Pin To Net: Unknown Pin: Pin U-26
Add Pin To Net: Unknown Pin: Pin U-27
Add Pin To Net: Unknown Pin: Pin U-28
Added Pin To Net: NetName=I2C0_SCL Pin=*-5
Added Pin To Net: NetName=I2C0_SCL Pin=U2-3
Added Net: Name=I2C0_SCL
Added Pin To Net: NetName=I2C0_SDA Pin=*-4
Added Pin To Net: NetName=I2C0_SDA Pin=U2-2
Added Net: Name=I2C0_SDA
Added Pin To Net: NetName=I2C1_SCL Pin=R8-2
Added Pin To Net: NetName=I2C1_SCL Pin=U2-18
Added Pin To Net: NetName=I2C1_SCL Pin=U6-5
Added Net: Name=I2C1_SCL
Added Pin To Net: NetName=I2C1_SDA Pin=R9-2
Added Pin To Net: NetName=I2C1_SDA Pin=U2-17
Added Pin To Net: NetName=I2C1_SDA Pin=U6-4
Added Net: Name=I2C1_SDA
Added Pin To Net: NetName=KNOB_PRESS Pin=SW1-2
Added Pin To Net: NetName=KNOB_PRESS Pin=U2-37
Added Net: Name=KNOB_PRESS
Added Pin To Net: NetName=Motor_7.4V Pin=C31-1
Added Pin To Net: NetName=Motor_7.4V Pin=C32-2
Added Pin To Net: NetName=Motor_7.4V Pin=C44-1
Added Pin To Net: NetName=Motor_7.4V Pin=R21-2
Added Pin To Net: NetName=Motor_7.4V Pin=U7-4
Added Pin To Net: NetName=Motor_7.4V Pin=U10-1
Added Net: Name=Motor_7.4V
Added Pin To Net: NetName=NetC40_1 Pin=C40-1
Added Pin To Net: NetName=NetC40_1 Pin=J7-1
Added Net: Name=NetC40_1
Added Pin To Net: NetName=NetC41_1 Pin=C41-1
Added Pin To Net: NetName=NetC41_1 Pin=J7-5
Added Net: Name=NetC41_1
Added Pin To Net: NetName=NetC45_2 Pin=C45-2
Added Pin To Net: NetName=NetC45_2 Pin=J3-1
Added Pin To Net: NetName=NetC45_2 Pin=U10-4
Added Net: Name=NetC45_2
Added Pin To Net: NetName=NetJ6_1 Pin=J6-1
Added Pin To Net: NetName=NetJ6_1 Pin=U2-27
Added Net: Name=NetJ6_1
Added Pin To Net: NetName=NetJ6_2 Pin=J6-2
Added Pin To Net: NetName=NetJ6_2 Pin=U2-28
Added Net: Name=NetJ6_2
Added Pin To Net: NetName=NetJ7_2 Pin=J7-2
Added Pin To Net: NetName=NetJ7_2 Pin=U5-1
Added Net: Name=NetJ7_2
Added Pin To Net: NetName=NetJ7_3 Pin=J7-3
Added Pin To Net: NetName=NetJ7_3 Pin=U5-2
Added Net: Name=NetJ7_3
Added Pin To Net: NetName=NetJ7_6 Pin=J7-6
Added Pin To Net: NetName=NetJ7_6 Pin=U5-3
Added Net: Name=NetJ7_6
Added Pin To Net: NetName=NetJ7_7 Pin=J7-7
Added Pin To Net: NetName=NetJ7_7 Pin=U5-4
Added Net: Name=NetJ7_7
Added Pin To Net: NetName=NetR21_1 Pin=R21-1
Added Pin To Net: NetName=NetR21_1 Pin=R22-2
Added Pin To Net: NetName=NetR21_1 Pin=U10-8
Added Net: Name=NetR21_1
Added Pin To Net: NetName=ROW9 Pin=B9-1
Added Pin To Net: NetName=ROW9 Pin=B9-8
Added Pin To Net: NetName=ROW9 Pin=B10-1
Added Pin To Net: NetName=ROW9 Pin=B10-8
Added Net: Name=ROW9
Added Pin To Net: NetName=ROW10 Pin=B9-2
Added Pin To Net: NetName=ROW10 Pin=B9-9
Added Pin To Net: NetName=ROW10 Pin=B10-2
Added Pin To Net: NetName=ROW10 Pin=B10-9
Added Net: Name=ROW10
Added Pin To Net: NetName=ROW11 Pin=B9-3
Added Pin To Net: NetName=ROW11 Pin=B9-10
Added Pin To Net: NetName=ROW11 Pin=B10-3
Added Pin To Net: NetName=ROW11 Pin=B10-10
Added Net: Name=ROW11
Added Pin To Net: NetName=ROW12 Pin=B9-4
Added Pin To Net: NetName=ROW12 Pin=B10-4
Added Net: Name=ROW12
Added Pin To Net: NetName=ROW13 Pin=B9-5
Added Pin To Net: NetName=ROW13 Pin=B10-5
Added Net: Name=ROW13
Added Pin To Net: NetName=ROW14 Pin=B9-6
Added Pin To Net: NetName=ROW14 Pin=B10-6
Added Net: Name=ROW14
Added Pin To Net: NetName=ROW15 Pin=B9-7
Added Pin To Net: NetName=ROW15 Pin=B10-7
Added Net: Name=ROW15
Added Pin To Net: NetName=SWCLK Pin=J8-1
Added Pin To Net: NetName=SWCLK Pin=U2-24
Added Net: Name=SWCLK
Added Pin To Net: NetName=SWDIO Pin=J8-3
Added Pin To Net: NetName=SWDIO Pin=U2-25
Added Net: Name=SWDIO
Added Member To Class: ClassName=RMP_MAIN Member=Component C40 35YXJ100M6.3X11
Added Member To Class: ClassName=RMP_MAIN Member=Component C41 35YXJ100M6.3X11
Added Member To Class: ClassName=RMP_LED_MODULE Member=Component C42 GRM21BR61C106KE15K
Added Member To Class: ClassName=RMP_LED_MODULE Member=Component C43 GRM21BR61C106KE15K
Added Member To Class: ClassName=RMP_MAIN_HFB Member=Component C44 TAJA475K016RNJ
Added Member To Class: ClassName=RMP_MAIN_HFB Member=Component C45 C0603C105K4RACTU
Added Member To Class: ClassName=RMP_MAIN_HFB Member=Component C46 CC0603KRX7R7BB104
Added Member To Class: ClassName=RMP_SLIDER_MODULE Member=Component C47 GRM21BR61C106KE15K
Added Member To Class: ClassName=RMP_SLIDER_MODULE Member=Component C48 GRM21BR61C106KE15K
Add Class Member: Failed to add class member : Component J5 I2C_BUS_PINS
Added Member To Class: ClassName=RMP_MAIN Member=Component J6 UART_HEADER
Added Member To Class: ClassName=RMP_MAIN Member=Component J7 AU-Y1008-2
Added Member To Class: ClassName=RMP_MAIN Member=Component J8 BM03B-SRSS-TBLFSN
Add Class Member: Failed to add class member : Component J9 I2C_BUS_PINS
Add Class Member: Failed to add class member : Component J10 I2C_BUS_PINS
Add Class Member: Failed to add class member : Component J11 I2C_BUS_PINS
Add Class Member: Failed to add class member : Component J12 I2C_BUS_PINS
Added Member To Class: ClassName=RMP_MAIN_HFB Member=Component R21 RNCF0805DTE1K00
Added Member To Class: ClassName=RMP_MAIN_HFB Member=Component R22 RNCF0805DTE5K60
Added Member To Class: ClassName=RMP_MAIN_HFB Member=Component SW1 mx_switches_knob
Added Member To Class: ClassName=RMP_LED_MODULE Member=Component U9 NCP1117LPST33T3G
Added Member To Class: ClassName=RMP_MAIN_HFB Member=Component U10 LDL212DR
Added Member To Class: ClassName=RMP_SLIDER_MODULE Member=Component U11 NCP1117LPST33T3G
Add Class Member: Failed to add class member : Component U HT16K33
