Added Component: Designator=J4(3PINHEADER)
Added Pin To Net: NetName=NetJ4_1 Pin=J4-1
Added Pin To Net: NetName=NetJ4_2 Pin=J4-2
Added Pin To Net: NetName=NetJ4_3 Pin=J4-3
Add Pin To Net: Unknown Pin: Pin J5-1
Add Pin To Net: Unknown Pin: Pin J5-2
Add Pin To Net: Unknown Pin: Pin J5-3
Add Pin To Net: Unknown Pin: Pin J5-4
Add Pin To Net: Unknown Pin: Pin U-1
Add Pin To Net: Unknown Pin: Pin U-2
Add Pin To Net: Unknown Pin: Pin U-3
Add Pin To Net: Unknown Pin: Pin U-4
Add Pin To Net: Unknown Pin: Pin U-5
Add Pin To Net: Unknown Pin: Pin U-6
Add Pin To Net: Unknown Pin: Pin U-7
Add Pin To Net: Unknown Pin: Pin U-8
Add Pin To Net: Unknown Pin: Pin U-9
Add Pin To Net: Unknown Pin: Pin U-16
Add Pin To Net: Unknown Pin: Pin U-17
Add Pin To Net: Unknown Pin: Pin U-18
Add Pin To Net: Unknown Pin: Pin U-19
Add Pin To Net: Unknown Pin: Pin U-20
Add Pin To Net: Unknown Pin: Pin U-21
Add Pin To Net: Unknown Pin: Pin U-22
Add Pin To Net: Unknown Pin: Pin U-23
Add Pin To Net: Unknown Pin: Pin U-24
Add Pin To Net: Unknown Pin: Pin U-25
Add Pin To Net: Unknown Pin: Pin U-26
Add Pin To Net: Unknown Pin: Pin U-27
Add Pin To Net: Unknown Pin: Pin U-28
Added Member To Class: ClassName=RMP_MAIN_HFB Member=Component J4 MOTOR_HEADER
Add Class Member: Failed to add class member : Component J5 I2C_BUS_PINS
Add Class Member: Failed to add class member : Component U HT16K33
