Added Component: Designator=*(8PinHeader)
Added Component: Designator=B1(DIPS750W75P254L2540H825Q20N)
Add component (AddParameter): Name = "Arrow Part Number"; Value = ""; VariantName = "[No Variations]"
Add component (AddParameter): Name = "Arrow Price/Stock"; Value = ""; VariantName = "[No Variations]"
Add component (AddParameter): Name = "Datasheet Link"; Value = "https://www.sunledusa.com/products/spec/XGCBDX10D.pdf"; VariantName = "[No Variations]"
Add component (AddParameter): Name = "Geometry.Height"; Value = "8.25mm"; VariantName = "[No Variations]"
Add component (AddParameter): Name = "Manufacturer_Name"; Value = "SunLED"; VariantName = "[No Variations]"
Add component (AddParameter): Name = "Manufacturer_Part_Number"; Value = "XGCBDX10D"; VariantName = "[No Variations]"
Add component (AddParameter): Name = "Mouser Part Number"; Value = ""; VariantName = "[No Variations]"
Add component (AddParameter): Name = "Mouser Price/Stock"; Value = ""; VariantName = "[No Variations]"
Added Component: Designator=B2(DIPS750W75P254L2540H825Q20N)
Add component (AddParameter): Name = "Arrow Part Number"; Value = ""; VariantName = "[No Variations]"
Add component (AddParameter): Name = "Arrow Price/Stock"; Value = ""; VariantName = "[No Variations]"
Add component (AddParameter): Name = "Datasheet Link"; Value = "https://www.sunledusa.com/products/spec/XGCBDX10D.pdf"; VariantName = "[No Variations]"
Add component (AddParameter): Name = "Geometry.Height"; Value = "8.25mm"; VariantName = "[No Variations]"
Add component (AddParameter): Name = "Manufacturer_Name"; Value = "SunLED"; VariantName = "[No Variations]"
Add component (AddParameter): Name = "Manufacturer_Part_Number"; Value = "XGCBDX10D"; VariantName = "[No Variations]"
Add component (AddParameter): Name = "Mouser Part Number"; Value = ""; VariantName = "[No Variations]"
Add component (AddParameter): Name = "Mouser Price/Stock"; Value = ""; VariantName = "[No Variations]"
Added Component: Designator=B3(DIPS750W75P254L2540H825Q20N)
Add component (AddParameter): Name = "Arrow Part Number"; Value = ""; VariantName = "[No Variations]"
Add component (AddParameter): Name = "Arrow Price/Stock"; Value = ""; VariantName = "[No Variations]"
Add component (AddParameter): Name = "Datasheet Link"; Value = "https://www.sunledusa.com/products/spec/XGCBDX10D.pdf"; VariantName = "[No Variations]"
Add component (AddParameter): Name = "Geometry.Height"; Value = "8.25mm"; VariantName = "[No Variations]"
Add component (AddParameter): Name = "Manufacturer_Name"; Value = "SunLED"; VariantName = "[No Variations]"
Add component (AddParameter): Name = "Manufacturer_Part_Number"; Value = "XGCBDX10D"; VariantName = "[No Variations]"
Add component (AddParameter): Name = "Mouser Part Number"; Value = ""; VariantName = "[No Variations]"
Add component (AddParameter): Name = "Mouser Price/Stock"; Value = ""; VariantName = "[No Variations]"
Added Component: Designator=B4(DIPS750W75P254L2540H825Q20N)
Add component (AddParameter): Name = "Arrow Part Number"; Value = ""; VariantName = "[No Variations]"
Add component (AddParameter): Name = "Arrow Price/Stock"; Value = ""; VariantName = "[No Variations]"
Add component (AddParameter): Name = "Datasheet Link"; Value = "https://www.sunledusa.com/products/spec/XGCBDX10D.pdf"; VariantName = "[No Variations]"
Add component (AddParameter): Name = "Geometry.Height"; Value = "8.25mm"; VariantName = "[No Variations]"
Add component (AddParameter): Name = "Manufacturer_Name"; Value = "SunLED"; VariantName = "[No Variations]"
Add component (AddParameter): Name = "Manufacturer_Part_Number"; Value = "XGCBDX10D"; VariantName = "[No Variations]"
Add component (AddParameter): Name = "Mouser Part Number"; Value = ""; VariantName = "[No Variations]"
Add component (AddParameter): Name = "Mouser Price/Stock"; Value = ""; VariantName = "[No Variations]"
Added Component: Designator=B5(DIPS750W75P254L2540H825Q20N)
Add component (AddParameter): Name = "Arrow Part Number"; Value = ""; VariantName = "[No Variations]"
Add component (AddParameter): Name = "Arrow Price/Stock"; Value = ""; VariantName = "[No Variations]"
Add component (AddParameter): Name = "Datasheet Link"; Value = "https://www.sunledusa.com/products/spec/XGCBDX10D.pdf"; VariantName = "[No Variations]"
Add component (AddParameter): Name = "Geometry.Height"; Value = "8.25mm"; VariantName = "[No Variations]"
Add component (AddParameter): Name = "Manufacturer_Name"; Value = "SunLED"; VariantName = "[No Variations]"
Add component (AddParameter): Name = "Manufacturer_Part_Number"; Value = "XGCBDX10D"; VariantName = "[No Variations]"
Add component (AddParameter): Name = "Mouser Part Number"; Value = ""; VariantName = "[No Variations]"
Add component (AddParameter): Name = "Mouser Price/Stock"; Value = ""; VariantName = "[No Variations]"
Added Component: Designator=B6(DIPS750W75P254L2540H825Q20N)
Add component (AddParameter): Name = "Arrow Part Number"; Value = ""; VariantName = "[No Variations]"
Add component (AddParameter): Name = "Arrow Price/Stock"; Value = ""; VariantName = "[No Variations]"
Add component (AddParameter): Name = "Datasheet Link"; Value = "https://www.sunledusa.com/products/spec/XGCBDX10D.pdf"; VariantName = "[No Variations]"
Add component (AddParameter): Name = "Geometry.Height"; Value = "8.25mm"; VariantName = "[No Variations]"
Add component (AddParameter): Name = "Manufacturer_Name"; Value = "SunLED"; VariantName = "[No Variations]"
Add component (AddParameter): Name = "Manufacturer_Part_Number"; Value = "XGCBDX10D"; VariantName = "[No Variations]"
Add component (AddParameter): Name = "Mouser Part Number"; Value = ""; VariantName = "[No Variations]"
Add component (AddParameter): Name = "Mouser Price/Stock"; Value = ""; VariantName = "[No Variations]"
Added Component: Designator=B7(DIPS750W75P254L2540H825Q20N)
Add component (AddParameter): Name = "Arrow Part Number"; Value = ""; VariantName = "[No Variations]"
Add component (AddParameter): Name = "Arrow Price/Stock"; Value = ""; VariantName = "[No Variations]"
Add component (AddParameter): Name = "Datasheet Link"; Value = "https://www.sunledusa.com/products/spec/XGCBDX10D.pdf"; VariantName = "[No Variations]"
Add component (AddParameter): Name = "Geometry.Height"; Value = "8.25mm"; VariantName = "[No Variations]"
Add component (AddParameter): Name = "Manufacturer_Name"; Value = "SunLED"; VariantName = "[No Variations]"
Add component (AddParameter): Name = "Manufacturer_Part_Number"; Value = "XGCBDX10D"; VariantName = "[No Variations]"
Add component (AddParameter): Name = "Mouser Part Number"; Value = ""; VariantName = "[No Variations]"
Add component (AddParameter): Name = "Mouser Price/Stock"; Value = ""; VariantName = "[No Variations]"
Added Component: Designator=B8(DIPS750W75P254L2540H825Q20N)
Add component (AddParameter): Name = "Arrow Part Number"; Value = ""; VariantName = "[No Variations]"
Add component (AddParameter): Name = "Arrow Price/Stock"; Value = ""; VariantName = "[No Variations]"
Add component (AddParameter): Name = "Datasheet Link"; Value = "https://www.sunledusa.com/products/spec/XGCBDX10D.pdf"; VariantName = "[No Variations]"
Add component (AddParameter): Name = "Geometry.Height"; Value = "8.25mm"; VariantName = "[No Variations]"
Add component (AddParameter): Name = "Manufacturer_Name"; Value = "SunLED"; VariantName = "[No Variations]"
Add component (AddParameter): Name = "Manufacturer_Part_Number"; Value = "XGCBDX10D"; VariantName = "[No Variations]"
Add component (AddParameter): Name = "Mouser Part Number"; Value = ""; VariantName = "[No Variations]"
Add component (AddParameter): Name = "Mouser Price/Stock"; Value = ""; VariantName = "[No Variations]"
Added Component: Designator=B9(DIPS750W75P254L2540H825Q20N)
Add component (AddParameter): Name = "Arrow Part Number"; Value = ""; VariantName = "[No Variations]"
Add component (AddParameter): Name = "Arrow Price/Stock"; Value = ""; VariantName = "[No Variations]"
Add component (AddParameter): Name = "Datasheet Link"; Value = "https://www.sunledusa.com/products/spec/XGCBDX10D.pdf"; VariantName = "[No Variations]"
Add component (AddParameter): Name = "Geometry.Height"; Value = "8.25mm"; VariantName = "[No Variations]"
Add component (AddParameter): Name = "Manufacturer_Name"; Value = "SunLED"; VariantName = "[No Variations]"
Add component (AddParameter): Name = "Manufacturer_Part_Number"; Value = "XGCBDX10D"; VariantName = "[No Variations]"
Add component (AddParameter): Name = "Mouser Part Number"; Value = ""; VariantName = "[No Variations]"
Add component (AddParameter): Name = "Mouser Price/Stock"; Value = ""; VariantName = "[No Variations]"
Added Component: Designator=B10(DIPS750W75P254L2540H825Q20N)
Add component (AddParameter): Name = "Arrow Part Number"; Value = ""; VariantName = "[No Variations]"
Add component (AddParameter): Name = "Arrow Price/Stock"; Value = ""; VariantName = "[No Variations]"
Add component (AddParameter): Name = "Datasheet Link"; Value = "https://www.sunledusa.com/products/spec/XGCBDX10D.pdf"; VariantName = "[No Variations]"
Add component (AddParameter): Name = "Geometry.Height"; Value = "8.25mm"; VariantName = "[No Variations]"
Add component (AddParameter): Name = "Manufacturer_Name"; Value = "SunLED"; VariantName = "[No Variations]"
Add component (AddParameter): Name = "Manufacturer_Part_Number"; Value = "XGCBDX10D"; VariantName = "[No Variations]"
Add component (AddParameter): Name = "Mouser Part Number"; Value = ""; VariantName = "[No Variations]"
Add component (AddParameter): Name = "Mouser Price/Stock"; Value = ""; VariantName = "[No Variations]"
Added Component: Designator=B11(PTA30432010CIB103)
Add component (AddParameter): Name = "Arrow Part Number"; Value = "PTA3043-2010CIB103"; VariantName = "[No Variations]"
Add component (AddParameter): Name = "Arrow Price/Stock"; Value = "null?utm_currency=USD&region=nac"; VariantName = "[No Variations]"
Add component (AddParameter): Name = "Datasheet Link"; Value = "https://www.bourns.com/docs/Product-Datasheets/pta.pdf"; VariantName = "[No Variations]"
Add component (AddParameter): Name = "Geometry.Height"; Value = "16.5mm"; VariantName = "[No Variations]"
Add component (AddParameter): Name = "Manufacturer_Name"; Value = "Bourns"; VariantName = "[No Variations]"
Add component (AddParameter): Name = "Manufacturer_Part_Number"; Value = "PTA3043-2010CIB103"; VariantName = "[No Variations]"
Add component (AddParameter): Name = "Mouser Part Number"; Value = "652-PTA3432010CIB103"; VariantName = "[No Variations]"
Add component (AddParameter): Name = "Mouser Price/Stock"; Value = "https://www.mouser.co.uk/ProductDetail/Bourns/PTA3043-2010CIB103?qs=QARuOjD9jaF0iQfIvhCxcQ%3D%3D"; VariantName = "[No Variations]"
Added Component: Designator=B12(PTA30432010CIB103)
Add component (AddParameter): Name = "Arrow Part Number"; Value = "PTA3043-2010CIB103"; VariantName = "[No Variations]"
Add component (AddParameter): Name = "Arrow Price/Stock"; Value = "null?utm_currency=USD&region=nac"; VariantName = "[No Variations]"
Add component (AddParameter): Name = "Datasheet Link"; Value = "https://www.bourns.com/docs/Product-Datasheets/pta.pdf"; VariantName = "[No Variations]"
Add component (AddParameter): Name = "Geometry.Height"; Value = "16.5mm"; VariantName = "[No Variations]"
Add component (AddParameter): Name = "Manufacturer_Name"; Value = "Bourns"; VariantName = "[No Variations]"
Add component (AddParameter): Name = "Manufacturer_Part_Number"; Value = "PTA3043-2010CIB103"; VariantName = "[No Variations]"
Add component (AddParameter): Name = "Mouser Part Number"; Value = "652-PTA3432010CIB103"; VariantName = "[No Variations]"
Add component (AddParameter): Name = "Mouser Price/Stock"; Value = "https://www.mouser.co.uk/ProductDetail/Bourns/PTA3043-2010CIB103?qs=QARuOjD9jaF0iQfIvhCxcQ%3D%3D"; VariantName = "[No Variations]"
Added Component: Designator=C1(G-21_MUR-M)
Add component (AddParameter): Name = "Mfr_Name"; Value = "Murata"; VariantName = "[No Variations]"
Add component (AddParameter): Name = "RefDes"; Value = ""; VariantName = "[No Variations]"
Add component (AddParameter): Name = "Type"; Value = ""; VariantName = "[No Variations]"
Add component (AddParameter): Name = "Value"; Value = "10u F"; VariantName = "[No Variations]"
Added Component: Designator=C2(G-21_MUR-M)
Add component (AddParameter): Name = "Mfr_Name"; Value = "Murata"; VariantName = "[No Variations]"
Add component (AddParameter): Name = "RefDes"; Value = ""; VariantName = "[No Variations]"
Add component (AddParameter): Name = "Type"; Value = ""; VariantName = "[No Variations]"
Add component (AddParameter): Name = "Value"; Value = "10u F"; VariantName = "[No Variations]"
Added Component: Designator=C3(CAPC17595_90N_KEM-M)
Add component (AddParameter): Name = "Mfr_Name"; Value = "Kemet"; VariantName = "[No Variations]"
Add component (AddParameter): Name = "RefDes"; Value = ""; VariantName = "[No Variations]"
Add component (AddParameter): Name = "Type"; Value = ""; VariantName = "[No Variations]"
Add component (AddParameter): Name = "Value"; Value = "1uF"; VariantName = "[No Variations]"
Added Component: Designator=C4(CC0603N_YAG-M)
Add component (AddParameter): Name = "Mfr_Name"; Value = "Yageo"; VariantName = "[No Variations]"
Add component (AddParameter): Name = "RefDes"; Value = ""; VariantName = "[No Variations]"
Add component (AddParameter): Name = "Type"; Value = ""; VariantName = "[No Variations]"
Add component (AddParameter): Name = "Value"; Value = "100nF"; VariantName = "[No Variations]"
Added Component: Designator=C5(CC0603N_YAG-M)
Add component (AddParameter): Name = "Mfr_Name"; Value = "Yageo"; VariantName = "[No Variations]"
Add component (AddParameter): Name = "RefDes"; Value = ""; VariantName = "[No Variations]"
Add component (AddParameter): Name = "Type"; Value = ""; VariantName = "[No Variations]"
Add component (AddParameter): Name = "Value"; Value = "100nF"; VariantName = "[No Variations]"
Added Component: Designator=C6(CAPC17595_90N_KEM-M)
Add component (AddParameter): Name = "Mfr_Name"; Value = "Kemet"; VariantName = "[No Variations]"
Add component (AddParameter): Name = "RefDes"; Value = ""; VariantName = "[No Variations]"
Add component (AddParameter): Name = "Type"; Value = ""; VariantName = "[No Variations]"
Add component (AddParameter): Name = "Value"; Value = "1uF"; VariantName = "[No Variations]"
Added Component: Designator=C7(CC0603N_YAG-M)
Add component (AddParameter): Name = "Mfr_Name"; Value = "Yageo"; VariantName = "[No Variations]"
Add component (AddParameter): Name = "RefDes"; Value = ""; VariantName = "[No Variations]"
Add component (AddParameter): Name = "Type"; Value = ""; VariantName = "[No Variations]"
Add component (AddParameter): Name = "Value"; Value = "100nF"; VariantName = "[No Variations]"
Added Component: Designator=C8(CC0603N_YAG-M)
Add component (AddParameter): Name = "Mfr_Name"; Value = "Yageo"; VariantName = "[No Variations]"
Add component (AddParameter): Name = "RefDes"; Value = ""; VariantName = "[No Variations]"
Add component (AddParameter): Name = "Type"; Value = ""; VariantName = "[No Variations]"
Add component (AddParameter): Name = "Value"; Value = "100nF"; VariantName = "[No Variations]"
Added Component: Designator=C9(CC0603N_YAG-M)
Add component (AddParameter): Name = "Mfr_Name"; Value = "Yageo"; VariantName = "[No Variations]"
Add component (AddParameter): Name = "RefDes"; Value = ""; VariantName = "[No Variations]"
Add component (AddParameter): Name = "Type"; Value = ""; VariantName = "[No Variations]"
Add component (AddParameter): Name = "Value"; Value = "100nF"; VariantName = "[No Variations]"
Added Component: Designator=C10(CC0603N_YAG-M)
Add component (AddParameter): Name = "Mfr_Name"; Value = "Yageo"; VariantName = "[No Variations]"
Add component (AddParameter): Name = "RefDes"; Value = ""; VariantName = "[No Variations]"
Add component (AddParameter): Name = "Type"; Value = ""; VariantName = "[No Variations]"
Add component (AddParameter): Name = "Value"; Value = "100nF"; VariantName = "[No Variations]"
Added Component: Designator=C11(CC0603N_YAG-M)
Add component (AddParameter): Name = "Mfr_Name"; Value = "Yageo"; VariantName = "[No Variations]"
Add component (AddParameter): Name = "RefDes"; Value = ""; VariantName = "[No Variations]"
Add component (AddParameter): Name = "Type"; Value = ""; VariantName = "[No Variations]"
Add component (AddParameter): Name = "Value"; Value = "100nF"; VariantName = "[No Variations]"
Added Component: Designator=C12(CC0603N_YAG-M)
Add component (AddParameter): Name = "Mfr_Name"; Value = "Yageo"; VariantName = "[No Variations]"
Add component (AddParameter): Name = "RefDes"; Value = ""; VariantName = "[No Variations]"
Add component (AddParameter): Name = "Type"; Value = ""; VariantName = "[No Variations]"
Add component (AddParameter): Name = "Value"; Value = "100nF"; VariantName = "[No Variations]"
Added Component: Designator=C13(CC0603N_YAG-M)
Add component (AddParameter): Name = "Mfr_Name"; Value = "Yageo"; VariantName = "[No Variations]"
Add component (AddParameter): Name = "RefDes"; Value = ""; VariantName = "[No Variations]"
Add component (AddParameter): Name = "Type"; Value = ""; VariantName = "[No Variations]"
Add component (AddParameter): Name = "Value"; Value = "100nF"; VariantName = "[No Variations]"
Added Component: Designator=C14(CC0603N_YAG-M)
Add component (AddParameter): Name = "Mfr_Name"; Value = "Yageo"; VariantName = "[No Variations]"
Add component (AddParameter): Name = "RefDes"; Value = ""; VariantName = "[No Variations]"
Add component (AddParameter): Name = "Type"; Value = ""; VariantName = "[No Variations]"
Add component (AddParameter): Name = "Value"; Value = "100nF"; VariantName = "[No Variations]"
Added Component: Designator=C15(CC0603N_YAG-M)
Add component (AddParameter): Name = "Mfr_Name"; Value = "Yageo"; VariantName = "[No Variations]"
Add component (AddParameter): Name = "RefDes"; Value = ""; VariantName = "[No Variations]"
Add component (AddParameter): Name = "Type"; Value = ""; VariantName = "[No Variations]"
Add component (AddParameter): Name = "Value"; Value = "100nF"; VariantName = "[No Variations]"
Added Component: Designator=C16(CAP_CC0805_YAG-M)
Add component (AddParameter): Name = "Mfr_Name"; Value = "Yageo"; VariantName = "[No Variations]"
Add component (AddParameter): Name = "RefDes"; Value = ""; VariantName = "[No Variations]"
Add component (AddParameter): Name = "Type"; Value = ""; VariantName = "[No Variations]"
Add component (AddParameter): Name = "Value"; Value = "15pF"; VariantName = "[No Variations]"
Added Component: Designator=C17(CAP_CC0805_YAG-M)
Add component (AddParameter): Name = "Mfr_Name"; Value = "Yageo"; VariantName = "[No Variations]"
Add component (AddParameter): Name = "RefDes"; Value = ""; VariantName = "[No Variations]"
Add component (AddParameter): Name = "Type"; Value = ""; VariantName = "[No Variations]"
Add component (AddParameter): Name = "Value"; Value = "15pF"; VariantName = "[No Variations]"
Added Component: Designator=C18(CAP_CC0805_YAG-M)
Add component (AddParameter): Name = "Mfr_Name"; Value = "Yageo"; VariantName = "[No Variations]"
Add component (AddParameter): Name = "RefDes"; Value = ""; VariantName = "[No Variations]"
Add component (AddParameter): Name = "Type"; Value = ""; VariantName = "[No Variations]"
Add component (AddParameter): Name = "Value"; Value = "15pF"; VariantName = "[No Variations]"
Added Component: Designator=C19(G-21_MUR-M)
Add component (AddParameter): Name = "Mfr_Name"; Value = "Murata"; VariantName = "[No Variations]"
Add component (AddParameter): Name = "RefDes"; Value = ""; VariantName = "[No Variations]"
Add component (AddParameter): Name = "Type"; Value = ""; VariantName = "[No Variations]"
Add component (AddParameter): Name = "Value"; Value = "10u F"; VariantName = "[No Variations]"
Added Component: Designator=C20(CAP_CC0805_YAG-M)
Add component (AddParameter): Name = "Mfr_Name"; Value = "Yageo"; VariantName = "[No Variations]"
Add component (AddParameter): Name = "RefDes"; Value = ""; VariantName = "[No Variations]"
Add component (AddParameter): Name = "Type"; Value = ""; VariantName = "[No Variations]"
Add component (AddParameter): Name = "Value"; Value = "15pF"; VariantName = "[No Variations]"
Added Component: Designator=C21(CAP_YX_6P3X11_RUB)
Add component (AddParameter): Name = "Mfr_Name"; Value = "Rubycon"; VariantName = "[No Variations]"
Add component (AddParameter): Name = "RefDes"; Value = ""; VariantName = "[No Variations]"
Add component (AddParameter): Name = "Type"; Value = ""; VariantName = "[No Variations]"
Add component (AddParameter): Name = "Value"; Value = "100uF"; VariantName = "[No Variations]"
Added Component: Designator=C22(G-21_MUR-M)
Add component (AddParameter): Name = "Mfr_Name"; Value = "Murata"; VariantName = "[No Variations]"
Add component (AddParameter): Name = "RefDes"; Value = ""; VariantName = "[No Variations]"
Add component (AddParameter): Name = "Type"; Value = ""; VariantName = "[No Variations]"
Add component (AddParameter): Name = "Value"; Value = "10u F"; VariantName = "[No Variations]"
Added Component: Designator=C23(CAP_YX_6P3X11_RUB)
Add component (AddParameter): Name = "Mfr_Name"; Value = "Rubycon"; VariantName = "[No Variations]"
Add component (AddParameter): Name = "RefDes"; Value = ""; VariantName = "[No Variations]"
Add component (AddParameter): Name = "Type"; Value = ""; VariantName = "[No Variations]"
Add component (AddParameter): Name = "Value"; Value = "100uF"; VariantName = "[No Variations]"
Added Component: Designator=C24(G-21_MUR-M)
Add component (AddParameter): Name = "Mfr_Name"; Value = "Murata"; VariantName = "[No Variations]"
Add component (AddParameter): Name = "RefDes"; Value = ""; VariantName = "[No Variations]"
Add component (AddParameter): Name = "Type"; Value = ""; VariantName = "[No Variations]"
Add component (AddParameter): Name = "Value"; Value = "10u F"; VariantName = "[No Variations]"
Added Component: Designator=C25(CAP_CL21B105KAFNNNE_SAM-M)
Add component (AddParameter): Name = "Mfr_Name"; Value = "Samsung"; VariantName = "[No Variations]"
Add component (AddParameter): Name = "RefDes"; Value = ""; VariantName = "[No Variations]"
Add component (AddParameter): Name = "Type"; Value = ""; VariantName = "[No Variations]"
Add component (AddParameter): Name = "Value"; Value = "1u F"; VariantName = "[No Variations]"
Added Component: Designator=C26(CAP_CL21B105KAFNNNE_SAM-M)
Add component (AddParameter): Name = "Mfr_Name"; Value = "Samsung"; VariantName = "[No Variations]"
Add component (AddParameter): Name = "RefDes"; Value = ""; VariantName = "[No Variations]"
Add component (AddParameter): Name = "Type"; Value = ""; VariantName = "[No Variations]"
Add component (AddParameter): Name = "Value"; Value = "1u F"; VariantName = "[No Variations]"
Added Component: Designator=C27(CAP_CL21_SAM-M)
Add component (AddParameter): Name = "Value"; Value = "10 uF"; VariantName = "[No Variations]"
Added Component: Designator=C28(CAP_CL21_SAM-M)
Add component (AddParameter): Name = "Value"; Value = "10 uF"; VariantName = "[No Variations]"
Added Component: Designator=C29(CAP_CL21_SAM-M)
Add component (AddParameter): Name = "Value"; Value = "10 uF"; VariantName = "[No Variations]"
Added Component: Designator=C30(CC0805N_YAG-M)
Add component (AddParameter): Name = "Mfr_Name"; Value = "Yageo"; VariantName = "[No Variations]"
Add component (AddParameter): Name = "RefDes"; Value = ""; VariantName = "[No Variations]"
Add component (AddParameter): Name = "Type"; Value = ""; VariantName = "[No Variations]"
Add component (AddParameter): Name = "Value"; Value = "0.015u F"; VariantName = "[No Variations]"
Added Component: Designator=C31(CC0805N_YAG-M)
Add component (AddParameter): Name = "Mfr_Name"; Value = "Yageo"; VariantName = "[No Variations]"
Add component (AddParameter): Name = "RefDes"; Value = ""; VariantName = "[No Variations]"
Add component (AddParameter): Name = "Type"; Value = ""; VariantName = "[No Variations]"
Add component (AddParameter): Name = "Value"; Value = "0.1u F"; VariantName = "[No Variations]"
Added Component: Designator=C32(CC0805N_YAG-M)
Add component (AddParameter): Name = "Mfr_Name"; Value = "Yageo"; VariantName = "[No Variations]"
Add component (AddParameter): Name = "RefDes"; Value = ""; VariantName = "[No Variations]"
Add component (AddParameter): Name = "Type"; Value = ""; VariantName = "[No Variations]"
Add component (AddParameter): Name = "Value"; Value = "0.1u F"; VariantName = "[No Variations]"
Added Component: Designator=C33(CAP_YX_6P3X11_RUB)
Add component (AddParameter): Name = "Mfr_Name"; Value = "Rubycon"; VariantName = "[No Variations]"
Add component (AddParameter): Name = "RefDes"; Value = ""; VariantName = "[No Variations]"
Add component (AddParameter): Name = "Type"; Value = ""; VariantName = "[No Variations]"
Add component (AddParameter): Name = "Value"; Value = "100u F"; VariantName = "[No Variations]"
Added Component: Designator=C34(CC0805N_YAG-M)
Add component (AddParameter): Name = "Mfr_Name"; Value = "Yageo"; VariantName = "[No Variations]"
Add component (AddParameter): Name = "RefDes"; Value = ""; VariantName = "[No Variations]"
Add component (AddParameter): Name = "Type"; Value = ""; VariantName = "[No Variations]"
Add component (AddParameter): Name = "Value"; Value = "0.1u F"; VariantName = "[No Variations]"
Added Component: Designator=C35(CC0805N_YAG-M)
Add component (AddParameter): Name = "Mfr_Name"; Value = "Yageo"; VariantName = "[No Variations]"
Add component (AddParameter): Name = "RefDes"; Value = ""; VariantName = "[No Variations]"
Add component (AddParameter): Name = "Type"; Value = ""; VariantName = "[No Variations]"
Add component (AddParameter): Name = "Value"; Value = "0.47u F"; VariantName = "[No Variations]"
Added Component: Designator=C36(CC0805N_YAG-M)
Add component (AddParameter): Name = "Mfr_Name"; Value = "Yageo"; VariantName = "[No Variations]"
Add component (AddParameter): Name = "RefDes"; Value = ""; VariantName = "[No Variations]"
Add component (AddParameter): Name = "Type"; Value = ""; VariantName = "[No Variations]"
Add component (AddParameter): Name = "Value"; Value = "0.1u F"; VariantName = "[No Variations]"
Added Component: Designator=C37(CC0805N_YAG-M)
Add component (AddParameter): Name = "Mfr_Name"; Value = "Yageo"; VariantName = "[No Variations]"
Add component (AddParameter): Name = "RefDes"; Value = ""; VariantName = "[No Variations]"
Add component (AddParameter): Name = "Type"; Value = ""; VariantName = "[No Variations]"
Add component (AddParameter): Name = "Value"; Value = "0.1u F"; VariantName = "[No Variations]"
Added Component: Designator=C38(CAP_YX_6P3X11_RUB)
Add component (AddParameter): Name = "Mfr_Name"; Value = "Rubycon"; VariantName = "[No Variations]"
Add component (AddParameter): Name = "RefDes"; Value = ""; VariantName = "[No Variations]"
Add component (AddParameter): Name = "Type"; Value = ""; VariantName = "[No Variations]"
Add component (AddParameter): Name = "Value"; Value = "100u F"; VariantName = "[No Variations]"
Added Component: Designator=C39(CC0805N_YAG-M)
Add component (AddParameter): Name = "Mfr_Name"; Value = "Yageo"; VariantName = "[No Variations]"
Add component (AddParameter): Name = "RefDes"; Value = ""; VariantName = "[No Variations]"
Add component (AddParameter): Name = "Type"; Value = ""; VariantName = "[No Variations]"
Add component (AddParameter): Name = "Value"; Value = "0.1u F"; VariantName = "[No Variations]"
Added Component: Designator=CR1(CR_SOD323_MCC-M)
Add component (AddParameter): Name = "Mfr_Name"; Value = "MCC"; VariantName = "[No Variations]"
Add component (AddParameter): Name = "RefDes"; Value = ""; VariantName = "[No Variations]"
Add component (AddParameter): Name = "Type"; Value = ""; VariantName = "[No Variations]"
Added Component: Designator=J1(12402012E212A_AMP)
Add component (AddParameter): Name = "Mfr_Name"; Value = "Amphenol ICC"; VariantName = "[No Variations]"
Add component (AddParameter): Name = "RefDes"; Value = "RefDes"; VariantName = "[No Variations]"
Add component (AddParameter): Name = "Type"; Value = "Type"; VariantName = "[No Variations]"
Added Component: Designator=J2(CONN_AU-Y1008-2_ASM)
Add component (AddParameter): Name = "Mfr_Name"; Value = "Assmann"; VariantName = "[No Variations]"
Add component (AddParameter): Name = "RefDes"; Value = "RefDes"; VariantName = "[No Variations]"
Add component (AddParameter): Name = "Type"; Value = "Type"; VariantName = "[No Variations]"
Added Component: Designator=J3(PJ-002B_CUI)
Add component (AddParameter): Name = "Mfr_Name"; Value = "CUI Inc"; VariantName = "[No Variations]"
Add component (AddParameter): Name = "RefDes"; Value = "RefDes"; VariantName = "[No Variations]"
Add component (AddParameter): Name = "Type"; Value = "Type"; VariantName = "[No Variations]"
Added Component: Designator=R1(FP-RT0805-MFG)
Add component (AddParameter): Name = "Automotive"; Value = "No"; VariantName = "[No Variations]"
Add component (AddParameter): Name = "Category"; Value = "Res"; VariantName = "[No Variations]"
Add component (AddParameter): Name = "ComponentLink2Description"; Value = "Datasheet"; VariantName = "[No Variations]"
Add component (AddParameter): Name = "ComponentLink2URL"; Value = "http://www.yageo.com/documents/recent/PYu-RT_1-to-0.01_RoHS_L_9.pdf"; VariantName = "[No Variations]"
Add component (AddParameter): Name = "Composition"; Value = "Thin Film"; VariantName = "[No Variations]"
Add component (AddParameter): Name = "Device Class L1"; Value = "Passive Components"; VariantName = "[No Variations]"
Add component (AddParameter): Name = "Device Class L2"; Value = "Resistors"; VariantName = "[No Variations]"
Add component (AddParameter): Name = "Device Class L3"; Value = "Chip SMD Resistors"; VariantName = "[No Variations]"
Add component (AddParameter): Name = "Digikey Description"; Value = "RES SMD 5.1K OHM 1% 1/8W 0805"; VariantName = "[No Variations]"
Add component (AddParameter): Name = "Footprint Url"; Value = "http://www.yageo.com/exep/pages/download/literatures/PYu-R_Mount_10.pdf"; VariantName = "[No Variations]"
Add component (AddParameter): Name = "Height"; Value = "0.6mm"; VariantName = "[No Variations]"
Add component (AddParameter): Name = "Ipc Land Pattern Name"; Value = "RESC200125X50"; VariantName = "[No Variations]"
Add component (AddParameter): Name = "Lead Free"; Value = "Yes"; VariantName = "[No Variations]"
Add component (AddParameter): Name = "Manufacturer"; Value = "Yageo"; VariantName = "[No Variations]"
Add component (AddParameter): Name = "Manufacturer Part Number"; Value = "RT0805FRE075K1L"; VariantName = "[No Variations]"
Add component (AddParameter): Name = "Mouser Description"; Value = "Res Thin Film 0805 5.1K Ohm 1% 1/8W ±50ppm/°C Molded SMD SMD Paper T/R"; VariantName = "[No Variations]"
Add component (AddParameter): Name = "Octopart"; Value = "https://octopart.com/rt0805fre075k1l-yageo-1396245"; VariantName = "[No Variations]"
Add component (AddParameter): Name = "Package"; Value = "RT0805"; VariantName = "[No Variations]"
Add component (AddParameter): Name = "Power Rating"; Value = "0.125W"; VariantName = "[No Variations]"
Add component (AddParameter): Name = "Resistance"; Value = "5.1KO"; VariantName = "[No Variations]"
Add component (AddParameter): Name = "RoHS"; Value = "TRUE"; VariantName = "[No Variations]"
Add component (AddParameter): Name = "Series"; Value = "RT"; VariantName = "[No Variations]"
Add component (AddParameter): Name = "Temperature"; Value = "-55°C to +155°C"; VariantName = "[No Variations]"
Add component (AddParameter): Name = "Temperature Coefficient"; Value = "50 ppm/°C"; VariantName = "[No Variations]"
Add component (AddParameter): Name = "Temperature Range High"; Value = "+155°C"; VariantName = "[No Variations]"
Add component (AddParameter): Name = "Temperature Range Low"; Value = "-55°C"; VariantName = "[No Variations]"
Add component (AddParameter): Name = "Tolerance"; Value = "0.0001"; VariantName = "[No Variations]"
Add component (AddParameter): Name = "Value"; Value = "5.1KO"; VariantName = "[No Variations]"
Add component (AddParameter): Name = "Voltage Rating"; Value = "150V"; VariantName = "[No Variations]"
Added Component: Designator=R2(FP-RT0805-MFG)
Add component (AddParameter): Name = "Automotive"; Value = "No"; VariantName = "[No Variations]"
Add component (AddParameter): Name = "Category"; Value = "Res"; VariantName = "[No Variations]"
Add component (AddParameter): Name = "ComponentLink2Description"; Value = "Datasheet"; VariantName = "[No Variations]"
Add component (AddParameter): Name = "ComponentLink2URL"; Value = "http://www.yageo.com/documents/recent/PYu-RT_1-to-0.01_RoHS_L_9.pdf"; VariantName = "[No Variations]"
Add component (AddParameter): Name = "Composition"; Value = "Thin Film"; VariantName = "[No Variations]"
Add component (AddParameter): Name = "Device Class L1"; Value = "Passive Components"; VariantName = "[No Variations]"
Add component (AddParameter): Name = "Device Class L2"; Value = "Resistors"; VariantName = "[No Variations]"
Add component (AddParameter): Name = "Device Class L3"; Value = "Chip SMD Resistors"; VariantName = "[No Variations]"
Add component (AddParameter): Name = "Digikey Description"; Value = "RES SMD 5.1K OHM 1% 1/8W 0805"; VariantName = "[No Variations]"
Add component (AddParameter): Name = "Footprint Url"; Value = "http://www.yageo.com/exep/pages/download/literatures/PYu-R_Mount_10.pdf"; VariantName = "[No Variations]"
Add component (AddParameter): Name = "Height"; Value = "0.6mm"; VariantName = "[No Variations]"
Add component (AddParameter): Name = "Ipc Land Pattern Name"; Value = "RESC200125X50"; VariantName = "[No Variations]"
Add component (AddParameter): Name = "Lead Free"; Value = "Yes"; VariantName = "[No Variations]"
Add component (AddParameter): Name = "Manufacturer"; Value = "Yageo"; VariantName = "[No Variations]"
Add component (AddParameter): Name = "Manufacturer Part Number"; Value = "RT0805FRE075K1L"; VariantName = "[No Variations]"
Add component (AddParameter): Name = "Mouser Description"; Value = "Res Thin Film 0805 5.1K Ohm 1% 1/8W ±50ppm/°C Molded SMD SMD Paper T/R"; VariantName = "[No Variations]"
Add component (AddParameter): Name = "Octopart"; Value = "https://octopart.com/rt0805fre075k1l-yageo-1396245"; VariantName = "[No Variations]"
Add component (AddParameter): Name = "Package"; Value = "RT0805"; VariantName = "[No Variations]"
Add component (AddParameter): Name = "Power Rating"; Value = "0.125W"; VariantName = "[No Variations]"
Add component (AddParameter): Name = "Resistance"; Value = "5.1KO"; VariantName = "[No Variations]"
Add component (AddParameter): Name = "RoHS"; Value = "TRUE"; VariantName = "[No Variations]"
Add component (AddParameter): Name = "Series"; Value = "RT"; VariantName = "[No Variations]"
Add component (AddParameter): Name = "Temperature"; Value = "-55°C to +155°C"; VariantName = "[No Variations]"
Add component (AddParameter): Name = "Temperature Coefficient"; Value = "50 ppm/°C"; VariantName = "[No Variations]"
Add component (AddParameter): Name = "Temperature Range High"; Value = "+155°C"; VariantName = "[No Variations]"
Add component (AddParameter): Name = "Temperature Range Low"; Value = "-55°C"; VariantName = "[No Variations]"
Add component (AddParameter): Name = "Tolerance"; Value = "0.0001"; VariantName = "[No Variations]"
Add component (AddParameter): Name = "Value"; Value = "5.1KO"; VariantName = "[No Variations]"
Add component (AddParameter): Name = "Voltage Rating"; Value = "150V"; VariantName = "[No Variations]"
Added Component: Designator=R3(RES_RNCF0805_STP-M)
Add component (AddParameter): Name = "Mfr_Name"; Value = "Stackpole International"; VariantName = "[No Variations]"
Add component (AddParameter): Name = "RefDes"; Value = ""; VariantName = "[No Variations]"
Add component (AddParameter): Name = "Type"; Value = ""; VariantName = "[No Variations]"
Add component (AddParameter): Name = "Value"; Value = "1k ohm"; VariantName = "[No Variations]"
Added Component: Designator=R4(RESC1508X55N)
Add component (AddParameter): Name = "Mfr_Name"; Value = "Stackpole International"; VariantName = "[No Variations]"
Add component (AddParameter): Name = "RefDes"; Value = ""; VariantName = "[No Variations]"
Add component (AddParameter): Name = "Type"; Value = ""; VariantName = "[No Variations]"
Add component (AddParameter): Name = "Value"; Value = "27.4k ohm"; VariantName = "[No Variations]"
Added Component: Designator=R5(RESC1508X55N)
Add component (AddParameter): Name = "Mfr_Name"; Value = "Stackpole International"; VariantName = "[No Variations]"
Add component (AddParameter): Name = "RefDes"; Value = ""; VariantName = "[No Variations]"
Add component (AddParameter): Name = "Type"; Value = ""; VariantName = "[No Variations]"
Add component (AddParameter): Name = "Value"; Value = "27.4k ohm"; VariantName = "[No Variations]"
Added Component: Designator=R6(RES_RNCF0805_STP-M)
Add component (AddParameter): Name = "Mfr_Name"; Value = "Stackpole International"; VariantName = "[No Variations]"
Add component (AddParameter): Name = "RefDes"; Value = ""; VariantName = "[No Variations]"
Add component (AddParameter): Name = "Type"; Value = ""; VariantName = "[No Variations]"
Add component (AddParameter): Name = "Value"; Value = "1k ohm"; VariantName = "[No Variations]"
Added Component: Designator=R7(RES_RNCF0805_STP-M)
Add component (AddParameter): Name = "Mfr_Name"; Value = "Stackpole International"; VariantName = "[No Variations]"
Add component (AddParameter): Name = "RefDes"; Value = ""; VariantName = "[No Variations]"
Add component (AddParameter): Name = "Type"; Value = ""; VariantName = "[No Variations]"
Add component (AddParameter): Name = "Value"; Value = "1k ohm"; VariantName = "[No Variations]"
Added Component: Designator=R8(FP-RT0805-MFG)
Add component (AddParameter): Name = "Automotive"; Value = "No"; VariantName = "[No Variations]"
Add component (AddParameter): Name = "Category"; Value = "Res"; VariantName = "[No Variations]"
Add component (AddParameter): Name = "ComponentLink2Description"; Value = "Datasheet"; VariantName = "[No Variations]"
Add component (AddParameter): Name = "ComponentLink2URL"; Value = "http://www.yageo.com/documents/recent/PYu-RT_1-to-0.01_RoHS_L_9.pdf"; VariantName = "[No Variations]"
Add component (AddParameter): Name = "Composition"; Value = "Thin Film"; VariantName = "[No Variations]"
Add component (AddParameter): Name = "Device Class L1"; Value = "Passive Components"; VariantName = "[No Variations]"
Add component (AddParameter): Name = "Device Class L2"; Value = "Resistors"; VariantName = "[No Variations]"
Add component (AddParameter): Name = "Device Class L3"; Value = "Chip SMD Resistors"; VariantName = "[No Variations]"
Add component (AddParameter): Name = "Footprint Url"; Value = "http://www.yageo.com/exep/pages/download/literatures/PYu-R_Mount_10.pdf"; VariantName = "[No Variations]"
Add component (AddParameter): Name = "Height"; Value = "0.6mm"; VariantName = "[No Variations]"
Add component (AddParameter): Name = "Ipc Land Pattern Name"; Value = "RESC200125X50"; VariantName = "[No Variations]"
Add component (AddParameter): Name = "Lead Free"; Value = "Yes"; VariantName = "[No Variations]"
Add component (AddParameter): Name = "Manufacturer"; Value = "Yageo"; VariantName = "[No Variations]"
Add component (AddParameter): Name = "Manufacturer Part Number"; Value = "RT0805FRE134K7L"; VariantName = "[No Variations]"
Add component (AddParameter): Name = "Octopart"; Value = "https://octopart.com/rt0805fre134k7l-yageo-16262042"; VariantName = "[No Variations]"
Add component (AddParameter): Name = "Package"; Value = "RT0805"; VariantName = "[No Variations]"
Add component (AddParameter): Name = "Power Rating"; Value = "0.125W"; VariantName = "[No Variations]"
Add component (AddParameter): Name = "Resistance"; Value = "4.7KO"; VariantName = "[No Variations]"
Add component (AddParameter): Name = "RoHS"; Value = "TRUE"; VariantName = "[No Variations]"
Add component (AddParameter): Name = "Series"; Value = "RT"; VariantName = "[No Variations]"
Add component (AddParameter): Name = "Temperature"; Value = "-55°C to +155°C"; VariantName = "[No Variations]"
Add component (AddParameter): Name = "Temperature Coefficient"; Value = "50 ppm/°C"; VariantName = "[No Variations]"
Add component (AddParameter): Name = "Temperature Range High"; Value = "+155°C"; VariantName = "[No Variations]"
Add component (AddParameter): Name = "Temperature Range Low"; Value = "-55°C"; VariantName = "[No Variations]"
Add component (AddParameter): Name = "Tolerance"; Value = "0.0001"; VariantName = "[No Variations]"
Add component (AddParameter): Name = "Value"; Value = "4.7KO"; VariantName = "[No Variations]"
Add component (AddParameter): Name = "Voltage Rating"; Value = "150V"; VariantName = "[No Variations]"
Added Component: Designator=R9(FP-RT0805-MFG)
Add component (AddParameter): Name = "Automotive"; Value = "No"; VariantName = "[No Variations]"
Add component (AddParameter): Name = "Category"; Value = "Res"; VariantName = "[No Variations]"
Add component (AddParameter): Name = "ComponentLink2Description"; Value = "Datasheet"; VariantName = "[No Variations]"
Add component (AddParameter): Name = "ComponentLink2URL"; Value = "http://www.yageo.com/documents/recent/PYu-RT_1-to-0.01_RoHS_L_9.pdf"; VariantName = "[No Variations]"
Add component (AddParameter): Name = "Composition"; Value = "Thin Film"; VariantName = "[No Variations]"
Add component (AddParameter): Name = "Device Class L1"; Value = "Passive Components"; VariantName = "[No Variations]"
Add component (AddParameter): Name = "Device Class L2"; Value = "Resistors"; VariantName = "[No Variations]"
Add component (AddParameter): Name = "Device Class L3"; Value = "Chip SMD Resistors"; VariantName = "[No Variations]"
Add component (AddParameter): Name = "Footprint Url"; Value = "http://www.yageo.com/exep/pages/download/literatures/PYu-R_Mount_10.pdf"; VariantName = "[No Variations]"
Add component (AddParameter): Name = "Height"; Value = "0.6mm"; VariantName = "[No Variations]"
Add component (AddParameter): Name = "Ipc Land Pattern Name"; Value = "RESC200125X50"; VariantName = "[No Variations]"
Add component (AddParameter): Name = "Lead Free"; Value = "Yes"; VariantName = "[No Variations]"
Add component (AddParameter): Name = "Manufacturer"; Value = "Yageo"; VariantName = "[No Variations]"
Add component (AddParameter): Name = "Manufacturer Part Number"; Value = "RT0805FRE134K7L"; VariantName = "[No Variations]"
Add component (AddParameter): Name = "Octopart"; Value = "https://octopart.com/rt0805fre134k7l-yageo-16262042"; VariantName = "[No Variations]"
Add component (AddParameter): Name = "Package"; Value = "RT0805"; VariantName = "[No Variations]"
Add component (AddParameter): Name = "Power Rating"; Value = "0.125W"; VariantName = "[No Variations]"
Add component (AddParameter): Name = "Resistance"; Value = "4.7KO"; VariantName = "[No Variations]"
Add component (AddParameter): Name = "RoHS"; Value = "TRUE"; VariantName = "[No Variations]"
Add component (AddParameter): Name = "Series"; Value = "RT"; VariantName = "[No Variations]"
Add component (AddParameter): Name = "Temperature"; Value = "-55°C to +155°C"; VariantName = "[No Variations]"
Add component (AddParameter): Name = "Temperature Coefficient"; Value = "50 ppm/°C"; VariantName = "[No Variations]"
Add component (AddParameter): Name = "Temperature Range High"; Value = "+155°C"; VariantName = "[No Variations]"
Add component (AddParameter): Name = "Temperature Range Low"; Value = "-55°C"; VariantName = "[No Variations]"
Add component (AddParameter): Name = "Tolerance"; Value = "0.0001"; VariantName = "[No Variations]"
Add component (AddParameter): Name = "Value"; Value = "4.7KO"; VariantName = "[No Variations]"
Add component (AddParameter): Name = "Voltage Rating"; Value = "150V"; VariantName = "[No Variations]"
Added Component: Designator=R10(STA_RNCP0805_STP-M)
Add component (AddParameter): Name = "Supplier 1"; Value = "Digikey"; VariantName = "[No Variations]"
Add component (AddParameter): Name = "Supplier Part Number 1"; Value = "RNCP0805FTD10K0CT-ND"; VariantName = "[No Variations]"
Add component (AddParameter): Name = "Value"; Value = "10k ohm"; VariantName = "[No Variations]"
Added Component: Designator=R11(STA_RNCP0805_STP-M)
Add component (AddParameter): Name = "Supplier 1"; Value = "Digikey"; VariantName = "[No Variations]"
Add component (AddParameter): Name = "Supplier Part Number 1"; Value = "RNCP0805FTD10K0CT-ND"; VariantName = "[No Variations]"
Add component (AddParameter): Name = "Value"; Value = "10k ohm"; VariantName = "[No Variations]"
Added Component: Designator=R12(STA_RNCP0805_STP-M)
Add component (AddParameter): Name = "Supplier 1"; Value = "Digikey"; VariantName = "[No Variations]"
Add component (AddParameter): Name = "Supplier Part Number 1"; Value = "RNCP0805FTD10K0CT-ND"; VariantName = "[No Variations]"
Add component (AddParameter): Name = "Value"; Value = "10k ohm"; VariantName = "[No Variations]"
Added Component: Designator=R13(STA_RNCP0805_STP-M - duplicate)
Add component (AddParameter): Name = "Mfr_Name"; Value = "Stackpole International"; VariantName = "[No Variations]"
Add component (AddParameter): Name = "RefDes"; Value = ""; VariantName = "[No Variations]"
Add component (AddParameter): Name = "Type"; Value = ""; VariantName = "[No Variations]"
Add component (AddParameter): Name = "Value"; Value = "40.2k Ohm"; VariantName = "[No Variations]"
Added Component: Designator=R14(STA_RNCP0805_STP-M - duplicate)
Add component (AddParameter): Name = "Mfr_Name"; Value = "Stackpole International"; VariantName = "[No Variations]"
Add component (AddParameter): Name = "RefDes"; Value = ""; VariantName = "[No Variations]"
Add component (AddParameter): Name = "Type"; Value = ""; VariantName = "[No Variations]"
Add component (AddParameter): Name = "Value"; Value = "40.2k Ohm"; VariantName = "[No Variations]"
Added Component: Designator=R15(STA_RNCP0805_STP-M - duplicate)
Add component (AddParameter): Name = "Mfr_Name"; Value = "Stackpole International"; VariantName = "[No Variations]"
Add component (AddParameter): Name = "RefDes"; Value = ""; VariantName = "[No Variations]"
Add component (AddParameter): Name = "Type"; Value = ""; VariantName = "[No Variations]"
Add component (AddParameter): Name = "Value"; Value = "40.2k Ohm"; VariantName = "[No Variations]"
Added Component: Designator=R16(STA_RNCP0805_STP-M)
Add component (AddParameter): Name = "Supplier 1"; Value = "Digikey"; VariantName = "[No Variations]"
Add component (AddParameter): Name = "Supplier Part Number 1"; Value = "RNCP0805FTD10K0CT-ND"; VariantName = "[No Variations]"
Add component (AddParameter): Name = "Value"; Value = "10k ohm"; VariantName = "[No Variations]"
Added Component: Designator=R17(FP-RT0805-MFG)
Add component (AddParameter): Name = "Automotive"; Value = "No"; VariantName = "[No Variations]"
Add component (AddParameter): Name = "Category"; Value = "Res"; VariantName = "[No Variations]"
Add component (AddParameter): Name = "ComponentLink2Description"; Value = "Datasheet"; VariantName = "[No Variations]"
Add component (AddParameter): Name = "ComponentLink2URL"; Value = "http://www.yageo.com/documents/recent/PYu-RT_1-to-0.01_RoHS_L_9.pdf"; VariantName = "[No Variations]"
Add component (AddParameter): Name = "Composition"; Value = "Thin Film"; VariantName = "[No Variations]"
Add component (AddParameter): Name = "Device Class L1"; Value = "Passive Components"; VariantName = "[No Variations]"
Add component (AddParameter): Name = "Device Class L2"; Value = "Resistors"; VariantName = "[No Variations]"
Add component (AddParameter): Name = "Device Class L3"; Value = "Chip SMD Resistors"; VariantName = "[No Variations]"
Add component (AddParameter): Name = "Footprint Url"; Value = "http://www.yageo.com/exep/pages/download/literatures/PYu-R_Mount_10.pdf"; VariantName = "[No Variations]"
Add component (AddParameter): Name = "Height"; Value = "0.6mm"; VariantName = "[No Variations]"
Add component (AddParameter): Name = "Ipc Land Pattern Name"; Value = "RESC200125X50"; VariantName = "[No Variations]"
Add component (AddParameter): Name = "Lead Free"; Value = "Yes"; VariantName = "[No Variations]"
Add component (AddParameter): Name = "Manufacturer"; Value = "Yageo"; VariantName = "[No Variations]"
Add component (AddParameter): Name = "Manufacturer Part Number"; Value = "RT0805FRE134K7L"; VariantName = "[No Variations]"
Add component (AddParameter): Name = "Octopart"; Value = "https://octopart.com/rt0805fre134k7l-yageo-16262042"; VariantName = "[No Variations]"
Add component (AddParameter): Name = "Package"; Value = "RT0805"; VariantName = "[No Variations]"
Add component (AddParameter): Name = "Power Rating"; Value = "0.125W"; VariantName = "[No Variations]"
Add component (AddParameter): Name = "Resistance"; Value = "4.7KO"; VariantName = "[No Variations]"
Add component (AddParameter): Name = "RoHS"; Value = "TRUE"; VariantName = "[No Variations]"
Add component (AddParameter): Name = "Series"; Value = "RT"; VariantName = "[No Variations]"
Add component (AddParameter): Name = "Temperature"; Value = "-55°C to +155°C"; VariantName = "[No Variations]"
Add component (AddParameter): Name = "Temperature Coefficient"; Value = "50 ppm/°C"; VariantName = "[No Variations]"
Add component (AddParameter): Name = "Temperature Range High"; Value = "+155°C"; VariantName = "[No Variations]"
Add component (AddParameter): Name = "Temperature Range Low"; Value = "-55°C"; VariantName = "[No Variations]"
Add component (AddParameter): Name = "Tolerance"; Value = "0.0001"; VariantName = "[No Variations]"
Add component (AddParameter): Name = "Value"; Value = "4.7KO"; VariantName = "[No Variations]"
Add component (AddParameter): Name = "Voltage Rating"; Value = "150V"; VariantName = "[No Variations]"
Added Component: Designator=R18(FP-RT0805-MFG)
Add component (AddParameter): Name = "Automotive"; Value = "No"; VariantName = "[No Variations]"
Add component (AddParameter): Name = "Category"; Value = "Res"; VariantName = "[No Variations]"
Add component (AddParameter): Name = "ComponentLink2Description"; Value = "Datasheet"; VariantName = "[No Variations]"
Add component (AddParameter): Name = "ComponentLink2URL"; Value = "http://www.yageo.com/documents/recent/PYu-RT_1-to-0.01_RoHS_L_9.pdf"; VariantName = "[No Variations]"
Add component (AddParameter): Name = "Composition"; Value = "Thin Film"; VariantName = "[No Variations]"
Add component (AddParameter): Name = "Device Class L1"; Value = "Passive Components"; VariantName = "[No Variations]"
Add component (AddParameter): Name = "Device Class L2"; Value = "Resistors"; VariantName = "[No Variations]"
Add component (AddParameter): Name = "Device Class L3"; Value = "Chip SMD Resistors"; VariantName = "[No Variations]"
Add component (AddParameter): Name = "Footprint Url"; Value = "http://www.yageo.com/exep/pages/download/literatures/PYu-R_Mount_10.pdf"; VariantName = "[No Variations]"
Add component (AddParameter): Name = "Height"; Value = "0.6mm"; VariantName = "[No Variations]"
Add component (AddParameter): Name = "Ipc Land Pattern Name"; Value = "RESC200125X50"; VariantName = "[No Variations]"
Add component (AddParameter): Name = "Lead Free"; Value = "Yes"; VariantName = "[No Variations]"
Add component (AddParameter): Name = "Manufacturer"; Value = "Yageo"; VariantName = "[No Variations]"
Add component (AddParameter): Name = "Manufacturer Part Number"; Value = "RT0805FRE134K7L"; VariantName = "[No Variations]"
Add component (AddParameter): Name = "Octopart"; Value = "https://octopart.com/rt0805fre134k7l-yageo-16262042"; VariantName = "[No Variations]"
Add component (AddParameter): Name = "Package"; Value = "RT0805"; VariantName = "[No Variations]"
Add component (AddParameter): Name = "Power Rating"; Value = "0.125W"; VariantName = "[No Variations]"
Add component (AddParameter): Name = "Resistance"; Value = "4.7KO"; VariantName = "[No Variations]"
Add component (AddParameter): Name = "RoHS"; Value = "TRUE"; VariantName = "[No Variations]"
Add component (AddParameter): Name = "Series"; Value = "RT"; VariantName = "[No Variations]"
Add component (AddParameter): Name = "Temperature"; Value = "-55°C to +155°C"; VariantName = "[No Variations]"
Add component (AddParameter): Name = "Temperature Coefficient"; Value = "50 ppm/°C"; VariantName = "[No Variations]"
Add component (AddParameter): Name = "Temperature Range High"; Value = "+155°C"; VariantName = "[No Variations]"
Add component (AddParameter): Name = "Temperature Range Low"; Value = "-55°C"; VariantName = "[No Variations]"
Add component (AddParameter): Name = "Tolerance"; Value = "0.0001"; VariantName = "[No Variations]"
Add component (AddParameter): Name = "Value"; Value = "4.7KO"; VariantName = "[No Variations]"
Add component (AddParameter): Name = "Voltage Rating"; Value = "150V"; VariantName = "[No Variations]"
Added Component: Designator=R19(FP-RT0805-MFG)
Add component (AddParameter): Name = "Automotive"; Value = "No"; VariantName = "[No Variations]"
Add component (AddParameter): Name = "Category"; Value = "Res"; VariantName = "[No Variations]"
Add component (AddParameter): Name = "ComponentLink2Description"; Value = "Datasheet"; VariantName = "[No Variations]"
Add component (AddParameter): Name = "ComponentLink2URL"; Value = "http://www.yageo.com/documents/recent/PYu-RT_1-to-0.01_RoHS_L_9.pdf"; VariantName = "[No Variations]"
Add component (AddParameter): Name = "Composition"; Value = "Thin Film"; VariantName = "[No Variations]"
Add component (AddParameter): Name = "Device Class L1"; Value = "Passive Components"; VariantName = "[No Variations]"
Add component (AddParameter): Name = "Device Class L2"; Value = "Resistors"; VariantName = "[No Variations]"
Add component (AddParameter): Name = "Device Class L3"; Value = "Chip SMD Resistors"; VariantName = "[No Variations]"
Add component (AddParameter): Name = "Footprint Url"; Value = "http://www.yageo.com/exep/pages/download/literatures/PYu-R_Mount_10.pdf"; VariantName = "[No Variations]"
Add component (AddParameter): Name = "Height"; Value = "0.6mm"; VariantName = "[No Variations]"
Add component (AddParameter): Name = "Ipc Land Pattern Name"; Value = "RESC200125X50"; VariantName = "[No Variations]"
Add component (AddParameter): Name = "Lead Free"; Value = "Yes"; VariantName = "[No Variations]"
Add component (AddParameter): Name = "Manufacturer"; Value = "Yageo"; VariantName = "[No Variations]"
Add component (AddParameter): Name = "Manufacturer Part Number"; Value = "RT0805FRE134K7L"; VariantName = "[No Variations]"
Add component (AddParameter): Name = "Octopart"; Value = "https://octopart.com/rt0805fre134k7l-yageo-16262042"; VariantName = "[No Variations]"
Add component (AddParameter): Name = "Package"; Value = "RT0805"; VariantName = "[No Variations]"
Add component (AddParameter): Name = "Power Rating"; Value = "0.125W"; VariantName = "[No Variations]"
Add component (AddParameter): Name = "Resistance"; Value = "4.7KO"; VariantName = "[No Variations]"
Add component (AddParameter): Name = "RoHS"; Value = "TRUE"; VariantName = "[No Variations]"
Add component (AddParameter): Name = "Series"; Value = "RT"; VariantName = "[No Variations]"
Add component (AddParameter): Name = "Temperature"; Value = "-55°C to +155°C"; VariantName = "[No Variations]"
Add component (AddParameter): Name = "Temperature Coefficient"; Value = "50 ppm/°C"; VariantName = "[No Variations]"
Add component (AddParameter): Name = "Temperature Range High"; Value = "+155°C"; VariantName = "[No Variations]"
Add component (AddParameter): Name = "Temperature Range Low"; Value = "-55°C"; VariantName = "[No Variations]"
Add component (AddParameter): Name = "Tolerance"; Value = "0.0001"; VariantName = "[No Variations]"
Add component (AddParameter): Name = "Value"; Value = "4.7KO"; VariantName = "[No Variations]"
Add component (AddParameter): Name = "Voltage Rating"; Value = "150V"; VariantName = "[No Variations]"
Added Component: Designator=R20(FP-RT0805-MFG)
Add component (AddParameter): Name = "Automotive"; Value = "No"; VariantName = "[No Variations]"
Add component (AddParameter): Name = "Category"; Value = "Res"; VariantName = "[No Variations]"
Add component (AddParameter): Name = "ComponentLink2Description"; Value = "Datasheet"; VariantName = "[No Variations]"
Add component (AddParameter): Name = "ComponentLink2URL"; Value = "http://www.yageo.com/documents/recent/PYu-RT_1-to-0.01_RoHS_L_9.pdf"; VariantName = "[No Variations]"
Add component (AddParameter): Name = "Composition"; Value = "Thin Film"; VariantName = "[No Variations]"
Add component (AddParameter): Name = "Device Class L1"; Value = "Passive Components"; VariantName = "[No Variations]"
Add component (AddParameter): Name = "Device Class L2"; Value = "Resistors"; VariantName = "[No Variations]"
Add component (AddParameter): Name = "Device Class L3"; Value = "Chip SMD Resistors"; VariantName = "[No Variations]"
Add component (AddParameter): Name = "Footprint Url"; Value = "http://www.yageo.com/exep/pages/download/literatures/PYu-R_Mount_10.pdf"; VariantName = "[No Variations]"
Add component (AddParameter): Name = "Height"; Value = "0.6mm"; VariantName = "[No Variations]"
Add component (AddParameter): Name = "Ipc Land Pattern Name"; Value = "RESC200125X50"; VariantName = "[No Variations]"
Add component (AddParameter): Name = "Lead Free"; Value = "Yes"; VariantName = "[No Variations]"
Add component (AddParameter): Name = "Manufacturer"; Value = "Yageo"; VariantName = "[No Variations]"
Add component (AddParameter): Name = "Manufacturer Part Number"; Value = "RT0805FRE134K7L"; VariantName = "[No Variations]"
Add component (AddParameter): Name = "Octopart"; Value = "https://octopart.com/rt0805fre134k7l-yageo-16262042"; VariantName = "[No Variations]"
Add component (AddParameter): Name = "Package"; Value = "RT0805"; VariantName = "[No Variations]"
Add component (AddParameter): Name = "Power Rating"; Value = "0.125W"; VariantName = "[No Variations]"
Add component (AddParameter): Name = "Resistance"; Value = "4.7KO"; VariantName = "[No Variations]"
Add component (AddParameter): Name = "RoHS"; Value = "TRUE"; VariantName = "[No Variations]"
Add component (AddParameter): Name = "Series"; Value = "RT"; VariantName = "[No Variations]"
Add component (AddParameter): Name = "Temperature"; Value = "-55°C to +155°C"; VariantName = "[No Variations]"
Add component (AddParameter): Name = "Temperature Coefficient"; Value = "50 ppm/°C"; VariantName = "[No Variations]"
Add component (AddParameter): Name = "Temperature Range High"; Value = "+155°C"; VariantName = "[No Variations]"
Add component (AddParameter): Name = "Temperature Range Low"; Value = "-55°C"; VariantName = "[No Variations]"
Add component (AddParameter): Name = "Tolerance"; Value = "0.0001"; VariantName = "[No Variations]"
Add component (AddParameter): Name = "Value"; Value = "4.7KO"; VariantName = "[No Variations]"
Add component (AddParameter): Name = "Voltage Rating"; Value = "150V"; VariantName = "[No Variations]"
Added Component: Designator=U1(SOT223-3_ONS-M)
Add component (AddParameter): Name = "Mfr_Name"; Value = "onsemi"; VariantName = "[No Variations]"
Add component (AddParameter): Name = "RefDes"; Value = "RefDes"; VariantName = "[No Variations]"
Add component (AddParameter): Name = "Type"; Value = "Type"; VariantName = "[No Variations]"
Added Component: Designator=U2(QFN56_7X7_RPI-M)
Add component (AddParameter): Name = "Mfr_Name"; Value = "Raspberry Pi"; VariantName = "[No Variations]"
Add component (AddParameter): Name = "RefDes"; Value = "RefDes"; VariantName = "[No Variations]"
Add component (AddParameter): Name = "Type"; Value = "Embedded"; VariantName = "[No Variations]"
Added Component: Designator=U3(PTS636SM43SMTR LFS)
Added Component: Designator=U4(SOIC_128JVSIQ_WIN-M)
Add component (AddParameter): Name = "Mfr_Name"; Value = "Winbond"; VariantName = "[No Variations]"
Add component (AddParameter): Name = "RefDes"; Value = "RefDes"; VariantName = "[No Variations]"
Add component (AddParameter): Name = "Type"; Value = "Type"; VariantName = "[No Variations]"
Added Component: Designator=U5(SOP16)
Added Component: Designator=U6(DCT8)
Add component (AddParameter): Name = "Mfr_Name"; Value = "Texas Instruments"; VariantName = "[No Variations]"
Add component (AddParameter): Name = "RefDes"; Value = "RefDes"; VariantName = "[No Variations]"
Add component (AddParameter): Name = "Type"; Value = "Type"; VariantName = "[No Variations]"
Added Component: Designator=U7(PWP0028F_M)
Add component (AddParameter): Name = "Mfr_Name"; Value = "Texas Instruments"; VariantName = "[No Variations]"
Add component (AddParameter): Name = "RefDes"; Value = "RefDes"; VariantName = "[No Variations]"
Add component (AddParameter): Name = "TYPE"; Value = "TYPE"; VariantName = "[No Variations]"
Added Component: Designator=U8(MSOP8_MC_MCH-M)
Add component (AddParameter): Name = "Mfr_Name"; Value = "Microchip"; VariantName = "[No Variations]"
Add component (AddParameter): Name = "RefDes"; Value = "RefDes"; VariantName = "[No Variations]"
Add component (AddParameter): Name = "Type"; Value = "Type"; VariantName = "[No Variations]"
Added Component: Designator=X1(ABM8-272-T3_ABR)
Add component (AddParameter): Name = "Mfr_Name"; Value = "Abracon"; VariantName = "[No Variations]"
Add component (AddParameter): Name = "RefDes"; Value = "RefDes"; VariantName = "[No Variations]"
Add component (AddParameter): Name = "Type"; Value = "Crystals"; VariantName = "[No Variations]"
Added Component: Designator=X2(ABM8-272-T3_ABR)
Add component (AddParameter): Name = "Mfr_Name"; Value = "Abracon"; VariantName = "[No Variations]"
Add component (AddParameter): Name = "RefDes"; Value = "RefDes"; VariantName = "[No Variations]"
Add component (AddParameter): Name = "Type"; Value = "Crystals"; VariantName = "[No Variations]"
Added Pin To Net: NetName=3.3V Pin=*-1
Added Pin To Net: NetName=SCL Pin=*-4
Added Pin To Net: NetName=SDA Pin=*-5
Added Pin To Net: NetName=GND Pin=*-6
Added Pin To Net: NetName=GND Pin=*-7
Added Pin To Net: NetName=A2 Pin=B1-1
Added Pin To Net: NetName=A1 Pin=B1-2
Added Pin To Net: NetName=A0 Pin=B1-3
Added Pin To Net: NetName=ROW3 Pin=B1-4
Added Pin To Net: NetName=ROW4 Pin=B1-5
Added Pin To Net: NetName=ROW5 Pin=B1-6
Added Pin To Net: NetName=ROW5 Pin=B1-7
Added Pin To Net: NetName=ROW6 Pin=B1-8
Added Pin To Net: NetName=ROW7 Pin=B1-9
Added Pin To Net: NetName=ROW8 Pin=B1-10
Added Pin To Net: NetName=COM4 Pin=B1-11
Added Pin To Net: NetName=COM4 Pin=B1-12
Added Pin To Net: NetName=COM4 Pin=B1-13
Added Pin To Net: NetName=COM4 Pin=B1-14
Added Pin To Net: NetName=COM4 Pin=B1-15
Added Pin To Net: NetName=COM4 Pin=B1-16
Added Pin To Net: NetName=COM4 Pin=B1-17
Added Pin To Net: NetName=COM4 Pin=B1-18
Added Pin To Net: NetName=COM4 Pin=B1-19
Added Pin To Net: NetName=COM4 Pin=B1-20
Added Pin To Net: NetName=A2 Pin=B2-1
Added Pin To Net: NetName=A1 Pin=B2-2
Added Pin To Net: NetName=A0 Pin=B2-3
Added Pin To Net: NetName=ROW3 Pin=B2-4
Added Pin To Net: NetName=ROW4 Pin=B2-5
Added Pin To Net: NetName=ROW5 Pin=B2-6
Added Pin To Net: NetName=ROW5 Pin=B2-7
Added Pin To Net: NetName=ROW6 Pin=B2-8
Added Pin To Net: NetName=ROW7 Pin=B2-9
Added Pin To Net: NetName=ROW8 Pin=B2-10
Added Pin To Net: NetName=COM0 Pin=B2-11
Added Pin To Net: NetName=COM0 Pin=B2-12
Added Pin To Net: NetName=COM0 Pin=B2-13
Added Pin To Net: NetName=COM0 Pin=B2-14
Added Pin To Net: NetName=COM0 Pin=B2-15
Added Pin To Net: NetName=COM0 Pin=B2-16
Added Pin To Net: NetName=COM0 Pin=B2-17
Added Pin To Net: NetName=COM0 Pin=B2-18
Added Pin To Net: NetName=COM0 Pin=B2-19
Added Pin To Net: NetName=COM0 Pin=B2-20
Added Pin To Net: NetName=A2 Pin=B3-1
Added Pin To Net: NetName=A1 Pin=B3-2
Added Pin To Net: NetName=A0 Pin=B3-3
Added Pin To Net: NetName=ROW3 Pin=B3-4
Added Pin To Net: NetName=ROW4 Pin=B3-5
Added Pin To Net: NetName=ROW5 Pin=B3-6
Added Pin To Net: NetName=ROW5 Pin=B3-7
Added Pin To Net: NetName=ROW6 Pin=B3-8
Added Pin To Net: NetName=ROW7 Pin=B3-9
Added Pin To Net: NetName=ROW8 Pin=B3-10
Added Pin To Net: NetName=COM1 Pin=B3-11
Added Pin To Net: NetName=COM1 Pin=B3-12
Added Pin To Net: NetName=COM1 Pin=B3-13
Added Pin To Net: NetName=COM1 Pin=B3-14
Added Pin To Net: NetName=COM1 Pin=B3-15
Added Pin To Net: NetName=COM1 Pin=B3-16
Added Pin To Net: NetName=COM1 Pin=B3-17
Added Pin To Net: NetName=COM1 Pin=B3-18
Added Pin To Net: NetName=COM1 Pin=B3-19
Added Pin To Net: NetName=COM1 Pin=B3-20
Added Pin To Net: NetName=A2 Pin=B4-1
Added Pin To Net: NetName=A1 Pin=B4-2
Added Pin To Net: NetName=A0 Pin=B4-3
Added Pin To Net: NetName=ROW3 Pin=B4-4
Added Pin To Net: NetName=ROW4 Pin=B4-5
Added Pin To Net: NetName=ROW5 Pin=B4-6
Added Pin To Net: NetName=ROW5 Pin=B4-7
Added Pin To Net: NetName=ROW6 Pin=B4-8
Added Pin To Net: NetName=ROW7 Pin=B4-9
Added Pin To Net: NetName=ROW8 Pin=B4-10
Added Pin To Net: NetName=COM5 Pin=B4-11
Added Pin To Net: NetName=COM5 Pin=B4-12
Added Pin To Net: NetName=COM5 Pin=B4-13
Added Pin To Net: NetName=COM5 Pin=B4-14
Added Pin To Net: NetName=COM5 Pin=B4-15
Added Pin To Net: NetName=COM5 Pin=B4-16
Added Pin To Net: NetName=COM5 Pin=B4-17
Added Pin To Net: NetName=COM5 Pin=B4-18
Added Pin To Net: NetName=COM5 Pin=B4-19
Added Pin To Net: NetName=COM5 Pin=B4-20
Added Pin To Net: NetName=A2 Pin=B5-1
Added Pin To Net: NetName=A1 Pin=B5-2
Added Pin To Net: NetName=A0 Pin=B5-3
Added Pin To Net: NetName=ROW3 Pin=B5-4
Added Pin To Net: NetName=ROW4 Pin=B5-5
Added Pin To Net: NetName=ROW5 Pin=B5-6
Added Pin To Net: NetName=ROW5 Pin=B5-7
Added Pin To Net: NetName=ROW6 Pin=B5-8
Added Pin To Net: NetName=ROW7 Pin=B5-9
Added Pin To Net: NetName=ROW8 Pin=B5-10
Added Pin To Net: NetName=COM2 Pin=B5-11
Added Pin To Net: NetName=COM2 Pin=B5-12
Added Pin To Net: NetName=COM2 Pin=B5-13
Added Pin To Net: NetName=COM2 Pin=B5-14
Added Pin To Net: NetName=COM2 Pin=B5-15
Added Pin To Net: NetName=COM2 Pin=B5-16
Added Pin To Net: NetName=COM2 Pin=B5-17
Added Pin To Net: NetName=COM2 Pin=B5-18
Added Pin To Net: NetName=COM2 Pin=B5-19
Added Pin To Net: NetName=COM2 Pin=B5-20
Added Pin To Net: NetName=A2 Pin=B6-1
Added Pin To Net: NetName=A1 Pin=B6-2
Added Pin To Net: NetName=A0 Pin=B6-3
Added Pin To Net: NetName=ROW3 Pin=B6-4
Added Pin To Net: NetName=ROW4 Pin=B6-5
Added Pin To Net: NetName=ROW5 Pin=B6-6
Added Pin To Net: NetName=ROW5 Pin=B6-7
Added Pin To Net: NetName=ROW6 Pin=B6-8
Added Pin To Net: NetName=ROW7 Pin=B6-9
Added Pin To Net: NetName=ROW8 Pin=B6-10
Added Pin To Net: NetName=COM6 Pin=B6-11
Added Pin To Net: NetName=COM6 Pin=B6-12
Added Pin To Net: NetName=COM6 Pin=B6-13
Added Pin To Net: NetName=COM6 Pin=B6-14
Added Pin To Net: NetName=COM6 Pin=B6-15
Added Pin To Net: NetName=COM6 Pin=B6-16
Added Pin To Net: NetName=COM6 Pin=B6-17
Added Pin To Net: NetName=COM6 Pin=B6-18
Added Pin To Net: NetName=COM6 Pin=B6-19
Added Pin To Net: NetName=COM6 Pin=B6-20
Added Pin To Net: NetName=A2 Pin=B7-1
Added Pin To Net: NetName=A1 Pin=B7-2
Added Pin To Net: NetName=A0 Pin=B7-3
Added Pin To Net: NetName=ROW3 Pin=B7-4
Added Pin To Net: NetName=ROW4 Pin=B7-5
Added Pin To Net: NetName=ROW5 Pin=B7-6
Added Pin To Net: NetName=ROW5 Pin=B7-7
Added Pin To Net: NetName=ROW6 Pin=B7-8
Added Pin To Net: NetName=ROW7 Pin=B7-9
Added Pin To Net: NetName=ROW8 Pin=B7-10
Added Pin To Net: NetName=COM7 Pin=B7-11
Added Pin To Net: NetName=COM7 Pin=B7-12
Added Pin To Net: NetName=COM7 Pin=B7-13
Added Pin To Net: NetName=COM7 Pin=B7-14
Added Pin To Net: NetName=COM7 Pin=B7-15
Added Pin To Net: NetName=COM7 Pin=B7-16
Added Pin To Net: NetName=COM7 Pin=B7-17
Added Pin To Net: NetName=COM7 Pin=B7-18
Added Pin To Net: NetName=COM7 Pin=B7-19
Added Pin To Net: NetName=COM7 Pin=B7-20
Added Pin To Net: NetName=A2 Pin=B8-1
Added Pin To Net: NetName=A1 Pin=B8-2
Added Pin To Net: NetName=A0 Pin=B8-3
Added Pin To Net: NetName=ROW3 Pin=B8-4
Added Pin To Net: NetName=ROW4 Pin=B8-5
Added Pin To Net: NetName=ROW5 Pin=B8-6
Added Pin To Net: NetName=ROW5 Pin=B8-7
Added Pin To Net: NetName=ROW6 Pin=B8-8
Added Pin To Net: NetName=ROW7 Pin=B8-9
Added Pin To Net: NetName=ROW8 Pin=B8-10
Added Pin To Net: NetName=COM3 Pin=B8-11
Added Pin To Net: NetName=COM3 Pin=B8-12
Added Pin To Net: NetName=COM3 Pin=B8-13
Added Pin To Net: NetName=COM3 Pin=B8-14
Added Pin To Net: NetName=COM3 Pin=B8-15
Added Pin To Net: NetName=COM3 Pin=B8-16
Added Pin To Net: NetName=COM3 Pin=B8-17
Added Pin To Net: NetName=COM3 Pin=B8-18
Added Pin To Net: NetName=COM3 Pin=B8-19
Added Pin To Net: NetName=COM3 Pin=B8-20
Added Pin To Net: NetName=3.3V Pin=B11-1
Added Pin To Net: NetName=3.3V Pin=B11-2
Added Pin To Net: NetName=GND Pin=B11-3
Added Pin To Net: NetName=GND Pin=B11-MH1
Added Pin To Net: NetName=GND Pin=B11-MH2
Added Pin To Net: NetName=GND Pin=B11-MH3
Added Pin To Net: NetName=GND Pin=B11-MH4
Added Pin To Net: NetName=3.3V Pin=B12-1
Added Pin To Net: NetName=GND Pin=B12-3
Added Pin To Net: NetName=GND Pin=B12-MH1
Added Pin To Net: NetName=GND Pin=B12-MH2
Added Pin To Net: NetName=GND Pin=B12-MH3
Added Pin To Net: NetName=GND Pin=B12-MH4
Added Pin To Net: NetName=GND Pin=C1-1
Added Pin To Net: NetName=GND Pin=C2-1
Added Pin To Net: NetName=3.3V Pin=C2-2
Added Pin To Net: NetName=GND Pin=C3-1
Added Pin To Net: NetName=GND Pin=C4-1
Added Pin To Net: NetName=GND Pin=C5-1
Added Pin To Net: NetName=3.3V Pin=C6-1
Added Pin To Net: NetName=GND Pin=C6-2
Added Pin To Net: NetName=GND Pin=C7-1
Added Pin To Net: NetName=3.3V Pin=C7-2
Added Pin To Net: NetName=GND Pin=C8-1
Added Pin To Net: NetName=3.3V Pin=C8-2
Added Pin To Net: NetName=GND Pin=C9-1
Added Pin To Net: NetName=3.3V Pin=C9-2
Added Pin To Net: NetName=GND Pin=C10-1
Added Pin To Net: NetName=3.3V Pin=C10-2
Added Pin To Net: NetName=GND Pin=C11-1
Added Pin To Net: NetName=3.3V Pin=C11-2
Added Pin To Net: NetName=GND Pin=C12-1
Added Pin To Net: NetName=3.3V Pin=C12-2
Added Pin To Net: NetName=GND Pin=C13-1
Added Pin To Net: NetName=3.3V Pin=C13-2
Added Pin To Net: NetName=GND Pin=C14-1
Added Pin To Net: NetName=3.3V Pin=C14-2
Added Pin To Net: NetName=GND Pin=C15-1
Added Pin To Net: NetName=3.3V Pin=C15-2
Added Pin To Net: NetName=GND Pin=C16-1
Added Pin To Net: NetName=GND Pin=C17-2
Added Pin To Net: NetName=GND Pin=C18-1
Added Pin To Net: NetName=GND Pin=C19-1
Added Pin To Net: NetName=GND Pin=C20-2
Added Pin To Net: NetName=GND Pin=C21-2
Added Pin To Net: NetName=GND Pin=C22-2
Added Pin To Net: NetName=GND Pin=C23-2
Added Pin To Net: NetName=GND Pin=C24-1
Added Pin To Net: NetName=3.3V Pin=C25-1
Added Pin To Net: NetName=GND Pin=C25-2
Added Pin To Net: NetName=GND Pin=C26-1
Added Pin To Net: NetName=5V Pin=C26-2
Added Pin To Net: NetName=GND Pin=C27-1
Added Pin To Net: NetName=5V Pin=C27-2
Added Pin To Net: NetName=GND Pin=C28-1
Added Pin To Net: NetName=5V Pin=C28-2
Added Pin To Net: NetName=GND Pin=C29-1
Added Pin To Net: NetName=5V Pin=C29-2
Added Pin To Net: NetName=GND Pin=C32-1
Added Pin To Net: NetName=GND Pin=C33-2
Added Pin To Net: NetName=GND Pin=C34-1
Added Pin To Net: NetName=GND Pin=C35-1
Added Pin To Net: NetName=GND Pin=C36-1
Added Pin To Net: NetName=3.3V Pin=C36-2
Added Pin To Net: NetName=3.3V Pin=C37-1
Added Pin To Net: NetName=GND Pin=C37-2
Added Pin To Net: NetName=GND Pin=C38-1
Added Pin To Net: NetName=3.3V Pin=C38-2
Added Pin To Net: NetName=GND Pin=C39-1
Added Pin To Net: NetName=3.3V Pin=C39-2
Added Pin To Net: NetName=COM0 Pin=CR1-2
Added Pin To Net: NetName=GND Pin=J1-A1-B12
Added Pin To Net: NetName=GND Pin=J1-B1-A12
Added Pin To Net: NetName=GND Pin=J2-4
Added Pin To Net: NetName=GND Pin=J2-8
Added Pin To Net: NetName=GND Pin=J3-2
Added Pin To Net: NetName=GND Pin=J3-3
Add Pin To Net: Unknown Pin: Pin J5-1
Add Pin To Net: Unknown Pin: Pin J5-2
Add Pin To Net: Unknown Pin: Pin J5-3
Add Pin To Net: Unknown Pin: Pin J5-4
Added Pin To Net: NetName=GND Pin=R1-2
Added Pin To Net: NetName=GND Pin=R2-2
Added Pin To Net: NetName=3.3V Pin=R8-1
Added Pin To Net: NetName=SCL Pin=R8-2
Added Pin To Net: NetName=3.3V Pin=R9-1
Added Pin To Net: NetName=SDA Pin=R9-2
Added Pin To Net: NetName=3.3V Pin=R10-1
Added Pin To Net: NetName=GND Pin=R10-2
Added Pin To Net: NetName=B2 Pin=R11-1
Added Pin To Net: NetName=5V Pin=R11-2
Added Pin To Net: NetName=B1 Pin=R12-1
Added Pin To Net: NetName=5V Pin=R12-2
Added Pin To Net: NetName=A0 Pin=R13-2
Added Pin To Net: NetName=A1 Pin=R14-2
Added Pin To Net: NetName=A2 Pin=R15-2
Added Pin To Net: NetName=3.3V Pin=R17-1
Added Pin To Net: NetName=SCL Pin=R17-2
Added Pin To Net: NetName=3.3V Pin=R18-1
Added Pin To Net: NetName=SDA Pin=R18-2
Added Pin To Net: NetName=3.3V Pin=R19-1
Added Pin To Net: NetName=SCL Pin=R19-2
Added Pin To Net: NetName=3.3V Pin=R20-1
Added Pin To Net: NetName=SDA Pin=R20-2
Added Pin To Net: NetName=GND Pin=U1-1
Added Pin To Net: NetName=3.3V Pin=U1-2
Added Pin To Net: NetName=3.3V Pin=U2-1
Added Pin To Net: NetName=3.3V Pin=U2-10
Added Pin To Net: NetName=GND Pin=U2-19
Added Pin To Net: NetName=3.3V Pin=U2-22
Added Pin To Net: NetName=3.3V Pin=U2-33
Added Pin To Net: NetName=3.3V Pin=U2-42
Added Pin To Net: NetName=3.3V Pin=U2-43
Added Pin To Net: NetName=3.3V Pin=U2-44
Added Pin To Net: NetName=3.3V Pin=U2-48
Added Pin To Net: NetName=3.3V Pin=U2-49
Added Pin To Net: NetName=GND Pin=U2-57
Added Pin To Net: NetName=GND Pin=U3-1
Added Pin To Net: NetName=GND Pin=U4-4
Added Pin To Net: NetName=3.3V Pin=U4-8
Added Pin To Net: NetName=GND Pin=U5-12
Added Pin To Net: NetName=GND Pin=U5-16
Added Pin To Net: NetName=B2 Pin=U6-1
Added Pin To Net: NetName=GND Pin=U6-2
Added Pin To Net: NetName=3.3V Pin=U6-3
Added Pin To Net: NetName=SDA Pin=U6-4
Added Pin To Net: NetName=SCL Pin=U6-5
Added Pin To Net: NetName=3.3V Pin=U6-6
Added Pin To Net: NetName=5V Pin=U6-7
Added Pin To Net: NetName=B1 Pin=U6-8
Added Pin To Net: NetName=GND Pin=U7-6
Added Pin To Net: NetName=GND Pin=U7-7
Added Pin To Net: NetName=GND Pin=U7-10
Added Pin To Net: NetName=GND Pin=U7-12
Added Pin To Net: NetName=GND Pin=U7-13
Added Pin To Net: NetName=GND Pin=U7-14
Added Pin To Net: NetName=GND Pin=U7-19
Added Pin To Net: NetName=GND Pin=U7-20
Added Pin To Net: NetName=GND Pin=U7-21
Added Pin To Net: NetName=GND Pin=U7-28
Added Pin To Net: NetName=GND Pin=U7-29
Added Pin To Net: NetName=3.3V Pin=U8-1
Added Pin To Net: NetName=GND Pin=U8-2
Added Pin To Net: NetName=3.3V Pin=U8-3
Added Pin To Net: NetName=SDA Pin=U8-4
Added Pin To Net: NetName=SCL Pin=U8-5
Added Pin To Net: NetName=GND Pin=U8-6
Added Pin To Net: NetName=GND Pin=U8-8
Add Pin To Net: Unknown Pin: Pin U-1
Add Pin To Net: Unknown Pin: Pin U-2
Add Pin To Net: Unknown Pin: Pin U-3
Add Pin To Net: Unknown Pin: Pin U-4
Add Pin To Net: Unknown Pin: Pin U-5
Add Pin To Net: Unknown Pin: Pin U-6
Add Pin To Net: Unknown Pin: Pin U-7
Add Pin To Net: Unknown Pin: Pin U-8
Add Pin To Net: Unknown Pin: Pin U-9
Add Pin To Net: Unknown Pin: Pin U-16
Add Pin To Net: Unknown Pin: Pin U-17
Add Pin To Net: Unknown Pin: Pin U-18
Add Pin To Net: Unknown Pin: Pin U-19
Add Pin To Net: Unknown Pin: Pin U-20
Add Pin To Net: Unknown Pin: Pin U-21
Add Pin To Net: Unknown Pin: Pin U-22
Add Pin To Net: Unknown Pin: Pin U-23
Add Pin To Net: Unknown Pin: Pin U-24
Add Pin To Net: Unknown Pin: Pin U-25
Add Pin To Net: Unknown Pin: Pin U-26
Add Pin To Net: Unknown Pin: Pin U-27
Add Pin To Net: Unknown Pin: Pin U-28
Added Pin To Net: NetName=GND Pin=X1-2
Added Pin To Net: NetName=GND Pin=X1-4
Added Pin To Net: NetName=GND Pin=X2-2
Added Pin To Net: NetName=GND Pin=X2-4
Added Pin To Net: NetName=1.1V Pin=C3-2
Added Pin To Net: NetName=1.1V Pin=C4-2
Added Pin To Net: NetName=1.1V Pin=C5-2
Added Pin To Net: NetName=1.1V Pin=U2-23
Added Pin To Net: NetName=1.1V Pin=U2-45
Added Pin To Net: NetName=1.1V Pin=U2-50
Added Net: Name=1.1V
Added Pin To Net: NetName=12V Pin=C31-1
Added Pin To Net: NetName=12V Pin=C32-2
Added Pin To Net: NetName=12V Pin=C33-1
Added Pin To Net: NetName=12V Pin=C34-2
Added Pin To Net: NetName=12V Pin=J3-1
Added Pin To Net: NetName=12V Pin=U7-4
Added Pin To Net: NetName=12V Pin=U7-11
Added Net: Name=12V
Added Pin To Net: NetName=CC1 Pin=J1-A5
Added Pin To Net: NetName=CC1 Pin=R1-1
Added Net: Name=CC1
Added Pin To Net: NetName=CC2 Pin=J1-B5
Added Pin To Net: NetName=CC2 Pin=R2-1
Added Net: Name=CC2
Added Pin To Net: NetName=D+ Pin=U5-10
Added Net: Name=D+
Added Pin To Net: NetName=D- Pin=U5-9
Added Net: Name=D-
Added Pin To Net: NetName=EN1 Pin=U2-13
Added Pin To Net: NetName=EN1 Pin=U7-26
Added Net: Name=EN1
Added Pin To Net: NetName=EN2 Pin=U2-14
Added Pin To Net: NetName=EN2 Pin=U7-24
Added Net: Name=EN2
Added Pin To Net: NetName=EN3 Pin=U2-15
Added Pin To Net: NetName=EN3 Pin=U7-22
Added Net: Name=EN3
Added Pin To Net: NetName=FAULT Pin=R16-2
Added Pin To Net: NetName=FAULT Pin=U2-9
Added Pin To Net: NetName=FAULT Pin=U7-18
Added Net: Name=FAULT
Added Pin To Net: NetName=IN1 Pin=U2-4
Added Pin To Net: NetName=IN1 Pin=U7-27
Added Net: Name=IN1
Added Pin To Net: NetName=IN2 Pin=U2-5
Added Pin To Net: NetName=IN2 Pin=U7-25
Added Net: Name=IN2
Added Pin To Net: NetName=IN3 Pin=U2-6
Added Pin To Net: NetName=IN3 Pin=U7-23
Added Net: Name=IN3
Added Pin To Net: NetName=NetB12_2 Pin=B12-2
Added Pin To Net: NetName=NetB12_2 Pin=U8-7
Added Net: Name=NetB12_2
Added Pin To Net: NetName=NetC17_1 Pin=C17-1
Added Pin To Net: NetName=NetC17_1 Pin=R6-1
Added Pin To Net: NetName=NetC17_1 Pin=X1-3
Added Net: Name=NetC17_1
Added Pin To Net: NetName=NetC18_2 Pin=C18-2
Added Pin To Net: NetName=NetC18_2 Pin=X2-1
Added Net: Name=NetC18_2
Added Pin To Net: NetName=NetC19_2 Pin=C19-2
Added Pin To Net: NetName=NetC19_2 Pin=U5-14
Added Net: Name=NetC19_2
Added Pin To Net: NetName=NetC20_1 Pin=C20-1
Added Pin To Net: NetName=NetC20_1 Pin=R7-2
Added Pin To Net: NetName=NetC20_1 Pin=X2-3
Added Net: Name=NetC20_1
Added Pin To Net: NetName=NetC21_1 Pin=C21-1
Added Pin To Net: NetName=NetC21_1 Pin=J2-1
Added Net: Name=NetC21_1
Added Pin To Net: NetName=NetC22_1 Pin=C22-1
Added Pin To Net: NetName=NetC22_1 Pin=U5-13
Added Net: Name=NetC22_1
Added Pin To Net: NetName=NetC23_1 Pin=C23-1
Added Pin To Net: NetName=NetC23_1 Pin=J2-5
Added Net: Name=NetC23_1
Added Pin To Net: NetName=NetC30_1 Pin=C30-1
Added Pin To Net: NetName=NetC30_1 Pin=U7-2
Added Net: Name=NetC30_1
Added Pin To Net: NetName=NetC30_2 Pin=C30-2
Added Pin To Net: NetName=NetC30_2 Pin=U7-1
Added Net: Name=NetC30_2
Added Pin To Net: NetName=NetC31_2 Pin=C31-2
Added Pin To Net: NetName=NetC31_2 Pin=U7-3
Added Net: Name=NetC31_2
Added Pin To Net: NetName=NetC35_2 Pin=C35-2
Added Pin To Net: NetName=NetC35_2 Pin=R16-1
Added Pin To Net: NetName=NetC35_2 Pin=U7-15
Added Net: Name=NetC35_2
Added Pin To Net: NetName=NetCR1_1 Pin=CR1-1
Added Pin To Net: NetName=NetCR1_1 Pin=R13-1
Added Pin To Net: NetName=NetCR1_1 Pin=R14-1
Added Pin To Net: NetName=NetCR1_1 Pin=R15-1
Added Net: Name=NetCR1_1
Added Pin To Net: NetName=NetJ2_2 Pin=J2-2
Added Pin To Net: NetName=NetJ2_2 Pin=U5-5
Added Net: Name=NetJ2_2
Added Pin To Net: NetName=NetJ2_3 Pin=J2-3
Added Pin To Net: NetName=NetJ2_3 Pin=U5-6
Added Net: Name=NetJ2_3
Added Pin To Net: NetName=NetJ2_6 Pin=J2-6
Added Pin To Net: NetName=NetJ2_6 Pin=U5-7
Added Net: Name=NetJ2_6
Added Pin To Net: NetName=NetJ2_7 Pin=J2-7
Added Pin To Net: NetName=NetJ2_7 Pin=U5-8
Added Net: Name=NetJ2_7
Added Pin To Net: NetName=NetJ4_1 Pin=U7-5
Added Net: Name=NetJ4_1
Added Pin To Net: NetName=NetJ4_2 Pin=U7-8
Added Net: Name=NetJ4_2
Added Pin To Net: NetName=NetJ4_3 Pin=U7-9
Added Net: Name=NetJ4_3
Added Pin To Net: NetName=NetR3_1 Pin=R3-1
Added Pin To Net: NetName=NetR3_1 Pin=U3-2
Added Net: Name=NetR3_1
Added Pin To Net: NetName=NetR4_1 Pin=R4-1
Added Pin To Net: NetName=NetR4_1 Pin=U2-47
Added Net: Name=NetR4_1
Added Pin To Net: NetName=NetR5_1 Pin=R5-1
Added Pin To Net: NetName=NetR5_1 Pin=U2-46
Added Net: Name=NetR5_1
Added Pin To Net: NetName=NetR7_1 Pin=R7-1
Added Pin To Net: NetName=NetR7_1 Pin=U5-15
Added Net: Name=NetR7_1
Added Pin To Net: NetName=QSPI_SCLK Pin=U2-52
Added Pin To Net: NetName=QSPI_SCLK Pin=U4-6
Added Net: Name=QSPI_SCLK
Added Pin To Net: NetName=QSPI_SD0 Pin=U2-53
Added Pin To Net: NetName=QSPI_SD0 Pin=U4-5
Added Net: Name=QSPI_SD0
Added Pin To Net: NetName=QSPI_SD1 Pin=U2-55
Added Pin To Net: NetName=QSPI_SD1 Pin=U4-2
Added Net: Name=QSPI_SD1
Added Pin To Net: NetName=QSPI_SD2 Pin=U2-54
Added Pin To Net: NetName=QSPI_SD2 Pin=U4-3
Added Net: Name=QSPI_SD2
Added Pin To Net: NetName=QSPI_SD3 Pin=U2-51
Added Pin To Net: NetName=QSPI_SD3 Pin=U4-7
Added Net: Name=QSPI_SD3
Added Pin To Net: NetName=QSPI_SS Pin=R3-2
Added Pin To Net: NetName=QSPI_SS Pin=U2-56
Added Pin To Net: NetName=QSPI_SS Pin=U4-1
Added Net: Name=QSPI_SS
Added Pin To Net: NetName=RESET Pin=U2-12
Added Pin To Net: NetName=RESET Pin=U7-16
Added Net: Name=RESET
Added Pin To Net: NetName=SLEEP Pin=U2-11
Added Pin To Net: NetName=SLEEP Pin=U7-17
Added Net: Name=SLEEP
Added Pin To Net: NetName=USB_D+ Pin=J1-A6
Added Pin To Net: NetName=USB_D+ Pin=J1-B6
Added Pin To Net: NetName=USB_D+ Pin=R5-2
Added Net: Name=USB_D+
Added Pin To Net: NetName=USB_D- Pin=J1-A7
Added Pin To Net: NetName=USB_D- Pin=J1-B7
Added Pin To Net: NetName=USB_D- Pin=R4-2
Added Net: Name=USB_D-
Added Pin To Net: NetName=VBUS_5V Pin=C1-2
Added Pin To Net: NetName=VBUS_5V Pin=C24-2
Added Pin To Net: NetName=VBUS_5V Pin=J1-A4-B9
Added Pin To Net: NetName=VBUS_5V Pin=J1-B4-A9
Added Pin To Net: NetName=VBUS_5V Pin=U1-3
Added Pin To Net: NetName=VBUS_5V Pin=U5-11
Added Net: Name=VBUS_5V
Added Pin To Net: NetName=XIN Pin=C16-2
Added Pin To Net: NetName=XIN Pin=U2-20
Added Pin To Net: NetName=XIN Pin=X1-1
Added Net: Name=XIN
Added Pin To Net: NetName=XOUT Pin=R6-2
Added Pin To Net: NetName=XOUT Pin=U2-21
Added Net: Name=XOUT
Added Member To Class: ClassName=RMP_MAIN_HFB Member=Component * Mag_encoder_header
Added Member To Class: ClassName=RMP_LED_MODULE Member=Component B1 XGCBDX10D
Added Member To Class: ClassName=RMP_LED_MODULE Member=Component B2 XGCBDX10D
Added Member To Class: ClassName=RMP_LED_MODULE Member=Component B3 XGCBDX10D
Added Member To Class: ClassName=RMP_LED_MODULE Member=Component B4 XGCBDX10D
Added Member To Class: ClassName=RMP_LED_MODULE Member=Component B5 XGCBDX10D
Added Member To Class: ClassName=RMP_LED_MODULE Member=Component B6 XGCBDX10D
Added Member To Class: ClassName=RMP_LED_MODULE Member=Component B7 XGCBDX10D
Added Member To Class: ClassName=RMP_LED_MODULE Member=Component B8 XGCBDX10D
Added Member To Class: ClassName=RMP_LED_MODULE Member=Component B9 XGCBDX10D
Added Member To Class: ClassName=RMP_LED_MODULE Member=Component B10 XGCBDX10D
Added Member To Class: ClassName=RMP_SLIDER_MODULE Member=Component B11 PTA3043-2010CIB103
Added Member To Class: ClassName=RMP_SLIDER_MODULE Member=Component B12 PTA3043-2010CIB103
Added Member To Class: ClassName=RMP_MAIN Member=Component C1 GRM21BR61C106KE15K
Added Member To Class: ClassName=RMP_MAIN Member=Component C2 GRM21BR61C106KE15K
Added Member To Class: ClassName=RMP_MAIN Member=Component C3 C0603C105K4RACTU
Added Member To Class: ClassName=RMP_MAIN Member=Component C4 CC0603KRX7R7BB104
Added Member To Class: ClassName=RMP_MAIN Member=Component C5 CC0603KRX7R7BB104
Added Member To Class: ClassName=RMP_MAIN Member=Component C6 C0603C105K4RACTU
Added Member To Class: ClassName=RMP_MAIN Member=Component C7 CC0603KRX7R7BB104
Added Member To Class: ClassName=RMP_MAIN Member=Component C8 CC0603KRX7R7BB104
Added Member To Class: ClassName=RMP_MAIN Member=Component C9 CC0603KRX7R7BB104
Added Member To Class: ClassName=RMP_MAIN Member=Component C10 CC0603KRX7R7BB104
Added Member To Class: ClassName=RMP_MAIN Member=Component C11 CC0603KRX7R7BB104
Added Member To Class: ClassName=RMP_MAIN Member=Component C12 CC0603KRX7R7BB104
Added Member To Class: ClassName=RMP_MAIN Member=Component C13 CC0603KRX7R7BB104
Added Member To Class: ClassName=RMP_MAIN Member=Component C14 CC0603KRX7R7BB104
Added Member To Class: ClassName=RMP_MAIN Member=Component C15 CC0603KRX7R7BB104
Added Member To Class: ClassName=RMP_MAIN Member=Component C16 CC0805FRNPO9BN150
Added Member To Class: ClassName=RMP_MAIN Member=Component C17 CC0805FRNPO9BN150
Added Member To Class: ClassName=RMP_MAIN Member=Component C18 CC0805FRNPO9BN150
Added Member To Class: ClassName=RMP_MAIN Member=Component C19 GRM21BR61C106KE15K
Added Member To Class: ClassName=RMP_MAIN Member=Component C20 CC0805FRNPO9BN150
Added Member To Class: ClassName=RMP_MAIN Member=Component C21 35YXJ100M6.3X11
Added Member To Class: ClassName=RMP_MAIN Member=Component C22 GRM21BR61C106KE15K
Added Member To Class: ClassName=RMP_MAIN Member=Component C23 35YXJ100M6.3X11
Added Member To Class: ClassName=RMP_MAIN Member=Component C24 GRM21BR61C106KE15K
Added Member To Class: ClassName=RMP_LED_MODULE Member=Component C25 CL21B105KAFNNNE
Added Member To Class: ClassName=RMP_LED_MODULE Member=Component C26 CL21B105KAFNNNE
Added Member To Class: ClassName=RMP_LED_MODULE Member=Component C27 CL21A106KOQNNNE
Added Member To Class: ClassName=RMP_LED_MODULE Member=Component C28 CL21A106KOQNNNE
Added Member To Class: ClassName=RMP_LED_MODULE Member=Component C29 CL21A106KOQNNNE
Added Member To Class: ClassName=RMP_MAIN_HFB Member=Component C30 CC0805KRX7R9BB153
Added Member To Class: ClassName=RMP_MAIN_HFB Member=Component C31 CC0805KRX7R9BB104
Added Member To Class: ClassName=RMP_MAIN_HFB Member=Component C32 CC0805KRX7R9BB104
Added Member To Class: ClassName=RMP_MAIN_HFB Member=Component C33 35YXJ100M6.3X11
Added Member To Class: ClassName=RMP_MAIN_HFB Member=Component C34 CC0805KRX7R9BB104
Added Member To Class: ClassName=RMP_MAIN_HFB Member=Component C35 CC0805KKX7R8BB474
Added Member To Class: ClassName=RMP_SLIDER_MODULE Member=Component C36 CC0805KRX7R9BB104
Added Member To Class: ClassName=RMP_SLIDER_MODULE Member=Component C37 CC0805KRX7R9BB104
Added Member To Class: ClassName=RMP_SLIDER_MODULE Member=Component C38 35YXJ100M6.3X11
Added Member To Class: ClassName=RMP_SLIDER_MODULE Member=Component C39 CC0805KRX7R9BB104
Added Member To Class: ClassName=RMP_LED_MODULE Member=Component CR1 1N4148WX-TP
Added Member To Class: ClassName=RMP_MAIN Member=Component J1 12402012E212A
Added Member To Class: ClassName=RMP_MAIN Member=Component J2 AU-Y1008-2
Added Member To Class: ClassName=RMP_MAIN_HFB Member=Component J3 PJ-002B
Add Class Member: Failed to add class member : Component J4 MOTOR_HEADER
Add Class Member: Failed to add class member : Component J5 I2C_BUS_PINS
Added Member To Class: ClassName=RMP_MAIN Member=Component R1 RT0805FRE075K1L
Added Member To Class: ClassName=RMP_MAIN Member=Component R2 RT0805FRE075K1L
Added Member To Class: ClassName=RMP_MAIN Member=Component R3 RNCF0805DTE1K00
Added Member To Class: ClassName=RMP_MAIN Member=Component R4 MCT06030C2742FP500
Added Member To Class: ClassName=RMP_MAIN Member=Component R5 MCT06030C2742FP500
Added Member To Class: ClassName=RMP_MAIN Member=Component R6 RNCF0805DTE1K00
Added Member To Class: ClassName=RMP_MAIN Member=Component R7 RNCF0805DTE1K00
Added Member To Class: ClassName=RMP_LED_MODULE Member=Component R8 RT0805FRE134K7L
Added Member To Class: ClassName=RMP_LED_MODULE Member=Component R9 RT0805FRE134K7L
Added Member To Class: ClassName=RMP_LED_MODULE Member=Component R10 RNCP0805FTD10K0
Added Member To Class: ClassName=RMP_LED_MODULE Member=Component R11 RNCP0805FTD10K0
Added Member To Class: ClassName=RMP_LED_MODULE Member=Component R12 RNCP0805FTD10K0
Added Member To Class: ClassName=RMP_LED_MODULE Member=Component R13 RNCP0805FTD40K2
Added Member To Class: ClassName=RMP_LED_MODULE Member=Component R14 RNCP0805FTD40K2
Added Member To Class: ClassName=RMP_LED_MODULE Member=Component R15 RNCP0805FTD40K2
Added Member To Class: ClassName=RMP_MAIN_HFB Member=Component R16 RNCP0805FTD10K0
Added Member To Class: ClassName=RMP_SLIDER_MODULE Member=Component R17 RT0805FRE134K7L
Added Member To Class: ClassName=RMP_SLIDER_MODULE Member=Component R18 RT0805FRE134K7L
Added Member To Class: ClassName=RMP_SLIDER_MODULE Member=Component R19 RT0805FRE134K7L
Added Member To Class: ClassName=RMP_SLIDER_MODULE Member=Component R20 RT0805FRE134K7L
Added Member To Class: ClassName=RMP_MAIN Member=Component U1 NCP1117LPST33T3G
Added Member To Class: ClassName=RMP_MAIN Member=Component U2 SC091413
Added Member To Class: ClassName=RMP_MAIN Member=Component U3 PTS636SM43SMTR LFS
Added Member To Class: ClassName=RMP_MAIN Member=Component U4 W25Q128JVSIQ
Added Member To Class: ClassName=RMP_MAIN Member=Component U5 SL2.1A
Added Member To Class: ClassName=RMP_LED_MODULE Member=Component U6 TXS0102DCTR
Added Member To Class: ClassName=RMP_MAIN_HFB Member=Component U7 DRV8313PWPR
Added Member To Class: ClassName=RMP_SLIDER_MODULE Member=Component U8 MCP3426A0T-EMS
Add Class Member: Failed to add class member : Component U HT16K33
Added Member To Class: ClassName=RMP_MAIN Member=Component X1 ABM8-272-T3
Added Member To Class: ClassName=RMP_MAIN Member=Component X2 ABM8-272-T3
Added Rule: Name=Schematic Supply Nets_3
Added Rule: Name=Schematic Supply Nets_4
