Removed Pin From Net: NetName=VBUS_5V Pin=C1-2
Removed Pin From Net: NetName=VBUS_5V Pin=C24-2
Removed Pin From Net: NetName=GND Pin=C41-2
Removed Pin From Net: NetName=NetC40_1 Pin=J7-1
Removed Pin From Net: NetName=GND Pin=J7-4
Removed Pin From Net: NetName=GND Pin=J7-8
Removed Pin From Net: NetName=GND Pin=J14-1
Removed Pin From Net: NetName=BUS_5V Pin=J14-2
Removed Pin From Net: NetName=I2C1_SCL Pin=J14-3
Removed Pin From Net: NetName=I2C1_SDA Pin=J14-4
Removed Pin From Net: NetName=GND Pin=J15-1
Removed Pin From Net: NetName=BUS_5V Pin=J15-2
Removed Pin From Net: NetName=I2C1_SCL Pin=J15-3
Removed Pin From Net: NetName=I2C1_SDA Pin=J15-4
Removed Pin From Net: NetName=CC1 Pin=R1-1
Removed Pin From Net: NetName=GND Pin=R1-2
Removed Pin From Net: NetName=CC2 Pin=R2-1
Removed Pin From Net: NetName=GND Pin=R2-2
Removed Pin From Net: NetName=USB_D- Pin=R4-2
Removed Pin From Net: NetName=USB_D+ Pin=R5-2
Removed Pin From Net: NetName=VBUS_5V Pin=TP1-1
Removed Pin From Net: NetName=USB_D- Pin=TP3-1
Removed Pin From Net: NetName=USB_D+ Pin=TP4-1
Removed Pin From Net: NetName=VBUS_5V Pin=U1-3
Removed Pin From Net: NetName=I2C1_SDA Pin=U2-17
Removed Pin From Net: NetName=I2C1_SCL Pin=U2-18
Removed Pin From Net: NetName=MULTI_MEDIA_SW1 Pin=U2-34
Removed Pin From Net: NetName=MULTI_MEDIA_SW2 Pin=U2-35
Removed Pin From Net: NetName=MULTI_MEDIA_SW3 Pin=U2-36
Removed Pin From Net: NetName=USB_D- Pin=U5-9
Removed Pin From Net: NetName=USB_D+ Pin=U5-10
Removed Pin From Net: NetName=VBUS_5V Pin=U5-11
Removed Pin From Net: NetName=GND Pin=U5-12
Removed Pin From Net: NetName=GND Pin=U5-16
Removed Member From Class: ClassName=RMP_MAIN Member=C18
Removed Member From Class: ClassName=RMP_MAIN Member=C19
Removed Member From Class: ClassName=RMP_MAIN Member=C20
Removed Member From Class: ClassName=RMP_MAIN Member=C21
Removed Member From Class: ClassName=RMP_MAIN Member=C22
Removed Member From Class: ClassName=RMP_MAIN Member=C23
Removed Member From Class: ClassName=RMP_MAIN Member=C24
Removed Member From Class: ClassName=RMP_MAIN Member=C40
Removed Member From Class: ClassName=RMP_MAIN Member=C41
Removed Member From Class: ClassName=RMP_MAIN Member=J1
Removed Member From Class: ClassName=RMP_MAIN Member=J2
Removed Member From Class: ClassName=RMP_MAIN Member=J7
Removed Member From Class: ClassName=RMP_MAIN_HFB Member=J14
Removed Member From Class: ClassName=RMP_MAIN_HFB Member=J15
Removed Member From Class: ClassName=RMP_MAIN Member=R1
Removed Member From Class: ClassName=RMP_MAIN Member=R2
Removed Member From Class: ClassName=RMP_MAIN Member=R7
Removed Member From Class: ClassName=RMP_MAIN Member=TP3
Removed Member From Class: ClassName=RMP_MAIN Member=TP4
Removed Member From Class: ClassName=RMP_MAIN_HFB Member=TP7
Removed Member From Class: ClassName=RMP_MAIN_HFB Member=TP8
Removed Member From Class: ClassName=RMP_MAIN_HFB Member=TP9
Removed Member From Class: ClassName=RMP_MAIN Member=U5
Removed Member From Class: ClassName=RMP_MAIN Member=X2
Change Component Footprint: Designator=C20 Old Footprint=CAP_CC0805_YAG-M New Footprint=CC0805N_YAG-M
Change Component Footprint: Designator=C18 Old Footprint=CAP_CC0805_YAG-M New Footprint=G-21_MUR-M
Change Component Footprint: Designator=C41 Old Footprint=CAP_YX_6P3X11_RUB New Footprint=CAP_CC0805_YAG-M
Change Component Footprint: Designator=C21 Old Footprint=CAP_YX_6P3X11_RUB New Footprint=CC0805N_YAG-M
Change Component Footprint: Designator=C23 Old Footprint=CAP_YX_6P3X11_RUB New Footprint=CC0805N_YAG-M
Change Component Footprint: Designator=J7 Old Footprint=CONN_AU-Y1008-2_ASM New Footprint=4 PIN HEADER
Change Component Footprint: Designator=R1 Old Footprint=FP-RT0805-MFG New Footprint=RC0603N_YAG-M
Change Component Footprint: Designator=R2 Old Footprint=FP-RT0805-MFG New Footprint=RC0805N_YAG-M
Change Component Footprint: Designator=C22 Old Footprint=G-21_MUR-M New Footprint=CC0805N_YAG-M
Change Component Footprint: Designator=C24 Old Footprint=G-21_MUR-M New Footprint=CC0805N_YAG-M
Change Component Footprint: Designator=R7 Old Footprint=RES_RNCF0805_STP-M New Footprint=FP-RT0805-MFG
Change Component Footprint: Designator=U5 Old Footprint=SOP16 New Footprint=SOT223-3_ONS-M
Change Component Comment : Designator=C41 Old Comment=35YXJ100M6.3X11 New Comment=CC0805FRNPO9BN150
Change Component Comment : Designator=C21 Old Comment=35YXJ100M6.3X11 New Comment=CC0805KRX7R9BB104
Change Component Comment : Designator=C23 Old Comment=35YXJ100M6.3X11 New Comment=CC0805KRX7R9BB104
Change Component Comment : Designator=J7 Old Comment=AU-Y1008-2 New Comment=I2C_BUS_PINS
Change Component Comment : Designator=C20 Old Comment=CC0805FRNPO9BN150 New Comment=CC0805KRX7R9BB104
Change Component Comment : Designator=C18 Old Comment=CC0805FRNPO9BN150 New Comment=GRM21BR61C106KE15K
Change Component Comment : Designator=C22 Old Comment=GRM21BR61C106KE15K New Comment=CC0805KRX7R9BB104
Change Component Comment : Designator=C24 Old Comment=GRM21BR61C106KE15K New Comment=CC0805KRX7R9BB104
Change Component Comment : Designator=R7 Old Comment=RNCF0805DTE1K00 New Comment=RT0805FRE075K1L
Change Component Comment : Designator=R1 Old Comment=RT0805FRE075K1L New Comment=RC0603FR-07169RL
Change Component Comment : Designator=R2 Old Comment=RT0805FRE075K1L New Comment=RC0805FR-07100KL
Change Component Comment : Designator=U5 Old Comment=SL2.1A New Comment=NCP1117LPST33T3G
Change Managed Component Library Link : Designator=R1 Old VaultGUID=B7D15EC3-160A-466F-A46C-7801FE6295A7 New VaultGUID= Old ItemGUID=543CD07D-7136-487F-B547-7A931C62962C New ItemGUID= Old RevisionGUID=833D5F67-5FC3-4B39-BB15-F3443A0DA285 New RevisionGUID=
Change Managed Component Library Link : Designator=R2 Old VaultGUID=B7D15EC3-160A-466F-A46C-7801FE6295A7 New VaultGUID= Old ItemGUID=543CD07D-7136-487F-B547-7A931C62962C New ItemGUID= Old RevisionGUID=833D5F67-5FC3-4B39-BB15-F3443A0DA285 New RevisionGUID=
Change Managed Component Library Link : Designator=R7 Old VaultGUID= New VaultGUID=B7D15EC3-160A-466F-A46C-7801FE6295A7 Old ItemGUID= New ItemGUID=543CD07D-7136-487F-B547-7A931C62962C Old RevisionGUID= New RevisionGUID=833D5F67-5FC3-4B39-BB15-F3443A0DA285
Change component parameters: Designator = "C18" ("C18"); Footprint = "CAP_CC0805_YAG-M"; UniqueID = "\ROLYQSBR" ("\ROLYQSBR")
Change component parameters (AddParameter): Name = "Mfr_Name"; Value = "Murata"; VariantName = "[No Variations]"
Change component parameters (AddParameter): Name = "RefDes"; Value = ""; VariantName = "[No Variations]"
Change component parameters (AddParameter): Name = "Type"; Value = ""; VariantName = "[No Variations]"
Change component parameters (AddParameter): Name = "Value"; Value = "10u F"; VariantName = "[No Variations]"
Change component parameters: Designator = "C20" ("C20"); Footprint = "CAP_CC0805_YAG-M"; UniqueID = "\GULXNDSN" ("\GULXNDSN")
Change component parameters (AddParameter): Name = "Mfr_Name"; Value = "Yageo"; VariantName = "[No Variations]"
Change component parameters (AddParameter): Name = "RefDes"; Value = ""; VariantName = "[No Variations]"
Change component parameters (AddParameter): Name = "Type"; Value = ""; VariantName = "[No Variations]"
Change component parameters (AddParameter): Name = "Value"; Value = "0.1u F"; VariantName = "[No Variations]"
Change component parameters: Designator = "C21" ("C21"); Footprint = "CAP_YX_6P3X11_RUB"; UniqueID = "\ZKHJTSXA" ("\ZKHJTSXA")
Change component parameters (AddParameter): Name = "Mfr_Name"; Value = "Yageo"; VariantName = "[No Variations]"
Change component parameters (AddParameter): Name = "RefDes"; Value = ""; VariantName = "[No Variations]"
Change component parameters (AddParameter): Name = "Type"; Value = ""; VariantName = "[No Variations]"
Change component parameters (AddParameter): Name = "Value"; Value = "0.1u F"; VariantName = "[No Variations]"
Change component parameters: Designator = "C22" ("C22"); Footprint = "G-21_MUR-M"; UniqueID = "\OQBFMLCD" ("\OQBFMLCD")
Change component parameters (AddParameter): Name = "Mfr_Name"; Value = "Yageo"; VariantName = "[No Variations]"
Change component parameters (AddParameter): Name = "RefDes"; Value = ""; VariantName = "[No Variations]"
Change component parameters (AddParameter): Name = "Type"; Value = ""; VariantName = "[No Variations]"
Change component parameters (AddParameter): Name = "Value"; Value = "0.1u F"; VariantName = "[No Variations]"
Change component parameters: Designator = "C23" ("C23"); Footprint = "CAP_YX_6P3X11_RUB"; UniqueID = "\SOXHIRGD" ("\SOXHIRGD")
Change component parameters (AddParameter): Name = "Mfr_Name"; Value = "Yageo"; VariantName = "[No Variations]"
Change component parameters (AddParameter): Name = "RefDes"; Value = ""; VariantName = "[No Variations]"
Change component parameters (AddParameter): Name = "Type"; Value = ""; VariantName = "[No Variations]"
Change component parameters (AddParameter): Name = "Value"; Value = "0.1u F"; VariantName = "[No Variations]"
Change component parameters: Designator = "C24" ("C24"); Footprint = "G-21_MUR-M"; UniqueID = "\HQIOCRCV" ("\HQIOCRCV")
Change component parameters (AddParameter): Name = "Mfr_Name"; Value = "Yageo"; VariantName = "[No Variations]"
Change component parameters (AddParameter): Name = "RefDes"; Value = ""; VariantName = "[No Variations]"
Change component parameters (AddParameter): Name = "Type"; Value = ""; VariantName = "[No Variations]"
Change component parameters (AddParameter): Name = "Value"; Value = "0.1uF"; VariantName = "[No Variations]"
Change component parameters: Designator = "C41" ("C41"); Footprint = "CAP_YX_6P3X11_RUB"; UniqueID = "\NCVGZJMO" ("\NCVGZJMO")
Change component parameters (AddParameter): Name = "Mfr_Name"; Value = "Yageo"; VariantName = "[No Variations]"
Change component parameters (AddParameter): Name = "RefDes"; Value = ""; VariantName = "[No Variations]"
Change component parameters (AddParameter): Name = "Type"; Value = ""; VariantName = "[No Variations]"
Change component parameters (AddParameter): Name = "Value"; Value = "15pF"; VariantName = "[No Variations]"
Change component parameters: Designator = "J7" ("J7"); Footprint = "CONN_AU-Y1008-2_ASM"; UniqueID = "\RIKIDEDU" ("\RIKIDEDU")
Change component parameters: Designator = "R1" ("R1"); Footprint = "FP-RT0805-MFG"; UniqueID = "\JGCDZNMQ" ("\JGCDZNMQ")
Change component parameters (AddParameter): Name = "Mfr_Name"; Value = "Yageo"; VariantName = "[No Variations]"
Change component parameters (AddParameter): Name = "RefDes"; Value = ""; VariantName = "[No Variations]"
Change component parameters (AddParameter): Name = "Type"; Value = ""; VariantName = "[No Variations]"
Change component parameters: Designator = "R2" ("R2"); Footprint = "FP-RT0805-MFG"; UniqueID = "\GRNIZWYJ" ("\GRNIZWYJ")
Change component parameters (AddParameter): Name = "Mfr_Name"; Value = "Yageo"; VariantName = "[No Variations]"
Change component parameters (AddParameter): Name = "RefDes"; Value = ""; VariantName = "[No Variations]"
Change component parameters (AddParameter): Name = "Type"; Value = ""; VariantName = "[No Variations]"
Change component parameters (AddParameter): Name = "Value"; Value = "100K ohm"; VariantName = "[No Variations]"
Change component parameters: Designator = "R7" ("R7"); Footprint = "RES_RNCF0805_STP-M"; UniqueID = "\HSDHWDXS" ("\HSDHWDXS")
Change component parameters (AddParameter): Name = "Automotive"; Value = "No"; VariantName = "[No Variations]"
Change component parameters (AddParameter): Name = "Category"; Value = "Res"; VariantName = "[No Variations]"
Change component parameters (AddParameter): Name = "ComponentLink2Description"; Value = "Datasheet"; VariantName = "[No Variations]"
Change component parameters (AddParameter): Name = "ComponentLink2URL"; Value = "http://www.yageo.com/documents/recent/PYu-RT_1-to-0.01_RoHS_L_9.pdf"; VariantName = "[No Variations]"
Change component parameters (AddParameter): Name = "Composition"; Value = "Thin Film"; VariantName = "[No Variations]"
Change component parameters (AddParameter): Name = "Device Class L1"; Value = "Passive Components"; VariantName = "[No Variations]"
Change component parameters (AddParameter): Name = "Device Class L2"; Value = "Resistors"; VariantName = "[No Variations]"
Change component parameters (AddParameter): Name = "Device Class L3"; Value = "Chip SMD Resistors"; VariantName = "[No Variations]"
Change component parameters (AddParameter): Name = "Digikey Description"; Value = "RES SMD 5.1K OHM 1% 1/8W 0805"; VariantName = "[No Variations]"
Change component parameters (AddParameter): Name = "Footprint Url"; Value = "http://www.yageo.com/exep/pages/download/literatures/PYu-R_Mount_10.pdf"; VariantName = "[No Variations]"
Change component parameters (AddParameter): Name = "Height"; Value = "0.6mm"; VariantName = "[No Variations]"
Change component parameters (AddParameter): Name = "Ipc Land Pattern Name"; Value = "RESC200125X50"; VariantName = "[No Variations]"
Change component parameters (AddParameter): Name = "Lead Free"; Value = "Yes"; VariantName = "[No Variations]"
Change component parameters (AddParameter): Name = "Manufacturer"; Value = "Yageo"; VariantName = "[No Variations]"
Change component parameters (AddParameter): Name = "Manufacturer Part Number"; Value = "RT0805FRE075K1L"; VariantName = "[No Variations]"
Change component parameters (AddParameter): Name = "Mouser Description"; Value = "Res Thin Film 0805 5.1K Ohm 1% 1/8W ±50ppm/°C Molded SMD SMD Paper T/R"; VariantName = "[No Variations]"
Change component parameters (AddParameter): Name = "Octopart"; Value = "https://octopart.com/rt0805fre075k1l-yageo-1396245"; VariantName = "[No Variations]"
Change component parameters (AddParameter): Name = "Package"; Value = "RT0805"; VariantName = "[No Variations]"
Change component parameters (AddParameter): Name = "Power Rating"; Value = "0.125W"; VariantName = "[No Variations]"
Change component parameters (AddParameter): Name = "Resistance"; Value = "5.1KO"; VariantName = "[No Variations]"
Change component parameters (AddParameter): Name = "RoHS"; Value = "TRUE"; VariantName = "[No Variations]"
Change component parameters (AddParameter): Name = "Series"; Value = "RT"; VariantName = "[No Variations]"
Change component parameters (AddParameter): Name = "Temperature"; Value = "-55°C to +155°C"; VariantName = "[No Variations]"
Change component parameters (AddParameter): Name = "Temperature Coefficient"; Value = "50 ppm/°C"; VariantName = "[No Variations]"
Change component parameters (AddParameter): Name = "Temperature Range High"; Value = "+155°C"; VariantName = "[No Variations]"
Change component parameters (AddParameter): Name = "Temperature Range Low"; Value = "-55°C"; VariantName = "[No Variations]"
Change component parameters (AddParameter): Name = "Tolerance"; Value = "0.0001"; VariantName = "[No Variations]"
Change component parameters (AddParameter): Name = "Value"; Value = "5.1KO"; VariantName = "[No Variations]"
Change component parameters (AddParameter): Name = "Voltage Rating"; Value = "150V"; VariantName = "[No Variations]"
Change component parameters: Designator = "U5" ("U5"); Footprint = "SOP16"; UniqueID = "\TORACYNW" ("\TORACYNW")
Change component parameters (AddParameter): Name = "Mfr_Name"; Value = "onsemi"; VariantName = "[No Variations]"
Change component parameters (AddParameter): Name = "RefDes"; Value = "RefDes"; VariantName = "[No Variations]"
Change component parameters (AddParameter): Name = "Type"; Value = "Type"; VariantName = "[No Variations]"
Added Component: Designator=C76(CAP_CC0805_YAG-M)
Add component (AddParameter): Name = "Mfr_Name"; Value = "Yageo"; VariantName = "[No Variations]"
Add component (AddParameter): Name = "RefDes"; Value = ""; VariantName = "[No Variations]"
Add component (AddParameter): Name = "Type"; Value = ""; VariantName = "[No Variations]"
Add component (AddParameter): Name = "Value"; Value = "15pF"; VariantName = "[No Variations]"
Added Component: Designator=C77(CAP_YX_6P3X11_RUB)
Add component (AddParameter): Name = "Mfr_Name"; Value = "Rubycon"; VariantName = "[No Variations]"
Add component (AddParameter): Name = "RefDes"; Value = ""; VariantName = "[No Variations]"
Add component (AddParameter): Name = "Type"; Value = ""; VariantName = "[No Variations]"
Add component (AddParameter): Name = "Value"; Value = "100uF"; VariantName = "[No Variations]"
Added Component: Designator=J6(4 PIN HEADER)
Added Component: Designator=LED1(LED_B1931NG_HVK)
Add component (AddParameter): Name = "Mfr_Name"; Value = "Harvatek"; VariantName = "[No Variations]"
Add component (AddParameter): Name = "Parameter 1"; Value = "DNI"; VariantName = "[No Variations]"
Add component (AddParameter): Name = "RefDes"; Value = ""; VariantName = "[No Variations]"
Add component (AddParameter): Name = "Type"; Value = "LED Indication"; VariantName = "[No Variations]"
Added Component: Designator=LED2(LED_B1931NG_HVK)
Add component (AddParameter): Name = "Mfr_Name"; Value = "Harvatek"; VariantName = "[No Variations]"
Add component (AddParameter): Name = "RefDes"; Value = ""; VariantName = "[No Variations]"
Add component (AddParameter): Name = "Type"; Value = "LED Indication"; VariantName = "[No Variations]"
Added Component: Designator=LED3(LED_B1931NG_HVK)
Add component (AddParameter): Name = "Mfr_Name"; Value = "Harvatek"; VariantName = "[No Variations]"
Add component (AddParameter): Name = "RefDes"; Value = ""; VariantName = "[No Variations]"
Add component (AddParameter): Name = "Type"; Value = "LED Indication"; VariantName = "[No Variations]"
Added Component: Designator=R43(FP-RT0805-MFG)
Add component (AddParameter): Name = "Automotive"; Value = "No"; VariantName = "[No Variations]"
Add component (AddParameter): Name = "Category"; Value = "Res"; VariantName = "[No Variations]"
Add component (AddParameter): Name = "ComponentLink2Description"; Value = "Datasheet"; VariantName = "[No Variations]"
Add component (AddParameter): Name = "ComponentLink2URL"; Value = "http://www.yageo.com/documents/recent/PYu-RT_1-to-0.01_RoHS_L_9.pdf"; VariantName = "[No Variations]"
Add component (AddParameter): Name = "Composition"; Value = "Thin Film"; VariantName = "[No Variations]"
Add component (AddParameter): Name = "Device Class L1"; Value = "Passive Components"; VariantName = "[No Variations]"
Add component (AddParameter): Name = "Device Class L2"; Value = "Resistors"; VariantName = "[No Variations]"
Add component (AddParameter): Name = "Device Class L3"; Value = "Chip SMD Resistors"; VariantName = "[No Variations]"
Add component (AddParameter): Name = "Digikey Description"; Value = "RES SMD 5.1K OHM 1% 1/8W 0805"; VariantName = "[No Variations]"
Add component (AddParameter): Name = "Footprint Url"; Value = "http://www.yageo.com/exep/pages/download/literatures/PYu-R_Mount_10.pdf"; VariantName = "[No Variations]"
Add component (AddParameter): Name = "Height"; Value = "0.6mm"; VariantName = "[No Variations]"
Add component (AddParameter): Name = "Ipc Land Pattern Name"; Value = "RESC200125X50"; VariantName = "[No Variations]"
Add component (AddParameter): Name = "Lead Free"; Value = "Yes"; VariantName = "[No Variations]"
Add component (AddParameter): Name = "Manufacturer"; Value = "Yageo"; VariantName = "[No Variations]"
Add component (AddParameter): Name = "Manufacturer Part Number"; Value = "RT0805FRE075K1L"; VariantName = "[No Variations]"
Add component (AddParameter): Name = "Mouser Description"; Value = "Res Thin Film 0805 5.1K Ohm 1% 1/8W ±50ppm/°C Molded SMD SMD Paper T/R"; VariantName = "[No Variations]"
Add component (AddParameter): Name = "Octopart"; Value = "https://octopart.com/rt0805fre075k1l-yageo-1396245"; VariantName = "[No Variations]"
Add component (AddParameter): Name = "Package"; Value = "RT0805"; VariantName = "[No Variations]"
Add component (AddParameter): Name = "Power Rating"; Value = "0.125W"; VariantName = "[No Variations]"
Add component (AddParameter): Name = "Resistance"; Value = "5.1KO"; VariantName = "[No Variations]"
Add component (AddParameter): Name = "RoHS"; Value = "TRUE"; VariantName = "[No Variations]"
Add component (AddParameter): Name = "Series"; Value = "RT"; VariantName = "[No Variations]"
Add component (AddParameter): Name = "Temperature"; Value = "-55°C to +155°C"; VariantName = "[No Variations]"
Add component (AddParameter): Name = "Temperature Coefficient"; Value = "50 ppm/°C"; VariantName = "[No Variations]"
Add component (AddParameter): Name = "Temperature Range High"; Value = "+155°C"; VariantName = "[No Variations]"
Add component (AddParameter): Name = "Temperature Range Low"; Value = "-55°C"; VariantName = "[No Variations]"
Add component (AddParameter): Name = "Tolerance"; Value = "0.0001"; VariantName = "[No Variations]"
Add component (AddParameter): Name = "Value"; Value = "5.1KO"; VariantName = "[No Variations]"
Add component (AddParameter): Name = "Voltage Rating"; Value = "150V"; VariantName = "[No Variations]"
Added Component: Designator=R44(RC0603N_YAG-M)
Add component (AddParameter): Name = "Mfr_Name"; Value = "Yageo"; VariantName = "[No Variations]"
Add component (AddParameter): Name = "RefDes"; Value = ""; VariantName = "[No Variations]"
Add component (AddParameter): Name = "Type"; Value = ""; VariantName = "[No Variations]"
Added Component: Designator=R45(RC0805N_YAG-M)
Add component (AddParameter): Name = "Mfr_Name"; Value = "Yageo"; VariantName = "[No Variations]"
Add component (AddParameter): Name = "RefDes"; Value = ""; VariantName = "[No Variations]"
Add component (AddParameter): Name = "Type"; Value = ""; VariantName = "[No Variations]"
Add component (AddParameter): Name = "Value"; Value = "100K ohm"; VariantName = "[No Variations]"
Added Component: Designator=R46(RC0603N_YAG-M)
Add component (AddParameter): Name = "Mfr_Name"; Value = "Yageo"; VariantName = "[No Variations]"
Add component (AddParameter): Name = "RefDes"; Value = ""; VariantName = "[No Variations]"
Add component (AddParameter): Name = "Type"; Value = ""; VariantName = "[No Variations]"
Added Component: Designator=R47(STA_RNCP0805_STP-M)
Add component (AddParameter): Name = "Supplier 1"; Value = "Digikey"; VariantName = "[No Variations]"
Add component (AddParameter): Name = "Supplier Part Number 1"; Value = "RNCP0805FTD10K0CT-ND"; VariantName = "[No Variations]"
Add component (AddParameter): Name = "Value"; Value = "10k ohm"; VariantName = "[No Variations]"
Added Component: Designator=R48(STA_RNCP0805_STP-M)
Add component (AddParameter): Name = "Supplier 1"; Value = "Digikey"; VariantName = "[No Variations]"
Add component (AddParameter): Name = "Supplier Part Number 1"; Value = "RNCP0805FTD10K0CT-ND"; VariantName = "[No Variations]"
Add component (AddParameter): Name = "Value"; Value = "10k ohm"; VariantName = "[No Variations]"
Added Component: Designator=R49(STA_RNCP0805_STP-M)
Add component (AddParameter): Name = "Supplier 1"; Value = "Digikey"; VariantName = "[No Variations]"
Add component (AddParameter): Name = "Supplier Part Number 1"; Value = "RNCP0805FTD10K0CT-ND"; VariantName = "[No Variations]"
Add component (AddParameter): Name = "Value"; Value = "DNI"; VariantName = "[No Variations]"
Added Component: Designator=R50(RES_RNCF0805_STP-M)
Add component (AddParameter): Name = "Mfr_Name"; Value = "Stackpole International"; VariantName = "[No Variations]"
Add component (AddParameter): Name = "RefDes"; Value = ""; VariantName = "[No Variations]"
Add component (AddParameter): Name = "Type"; Value = ""; VariantName = "[No Variations]"
Add component (AddParameter): Name = "Value"; Value = "1k ohm"; VariantName = "[No Variations]"
Added Component: Designator=R51(RES_RNCF0805_STP-M)
Add component (AddParameter): Name = "Mfr_Name"; Value = "Stackpole International"; VariantName = "[No Variations]"
Add component (AddParameter): Name = "RefDes"; Value = ""; VariantName = "[No Variations]"
Add component (AddParameter): Name = "Type"; Value = ""; VariantName = "[No Variations]"
Add component (AddParameter): Name = "Value"; Value = "649 ohm"; VariantName = "[No Variations]"
Added Component: Designator=TP34(Testpoint)
Added Component: Designator=TP35(Testpoint)
Added Component: Designator=U29(QFN-28-M)
Add component (AddParameter): Name = "Mfr_Name"; Value = "Cypress Semiconductor"; VariantName = "[No Variations]"
Add component (AddParameter): Name = "RefDes"; Value = "RefDes"; VariantName = "[No Variations]"
Add component (AddParameter): Name = "Type"; Value = "Type"; VariantName = "[No Variations]"
Added Component: Designator=USB_PAD(USB_PAD)
Added Pin To Net: NetName=12V_IN Pin=C1-2
Added Pin To Net: NetName=VBUS_5V Pin=C18-2
Added Pin To Net: NetName=RESET Pin=C24-2
Added Pin To Net: NetName=GND Pin=C41-1
Added Pin To Net: NetName=GND Pin=C76-2
Added Pin To Net: NetName=GND Pin=C77-2
Added Pin To Net: NetName=NetC40_1 Pin=J2-1
Added Pin To Net: NetName=GND Pin=J6-1
Added Pin To Net: NetName=BUS_5V Pin=J6-2
Added Pin To Net: NetName=I2C1_SCL Pin=J6-3
Added Pin To Net: NetName=I2C1_SDA Pin=J6-4
Added Pin To Net: NetName=GND Pin=J7-1
Added Pin To Net: NetName=BUS_5V Pin=J7-2
Added Pin To Net: NetName=I2C1_SCL Pin=J7-3
Added Pin To Net: NetName=I2C1_SDA Pin=J7-4
Added Pin To Net: NetName=GND Pin=LED2-1
Added Pin To Net: NetName=GND Pin=LED3-1
Added Pin To Net: NetName=CC1 Pin=R7-1
Added Pin To Net: NetName=GND Pin=R7-2
Added Pin To Net: NetName=CC2 Pin=R43-1
Added Pin To Net: NetName=GND Pin=R43-2
Added Pin To Net: NetName=GND Pin=R45-1
Added Pin To Net: NetName=RESET Pin=R48-1
Added Pin To Net: NetName=GND Pin=R49-1
Added Pin To Net: NetName=GND Pin=R51-1
Added Pin To Net: NetName=12V_IN Pin=TP1-1
Added Pin To Net: NetName=VBUS_5V Pin=TP3-1
Added Pin To Net: NetName=USB_D- Pin=TP34-1
Added Pin To Net: NetName=USB_D+ Pin=TP35-1
Added Pin To Net: NetName=12V_IN Pin=U1-3
Added Pin To Net: NetName=GND Pin=U5-1
Added Pin To Net: NetName=VBUS_5V Pin=U5-3
Added Pin To Net: NetName=I2C1_SDA Pin=U25-3
Added Pin To Net: NetName=I2C1_SCL Pin=U25-5
Added Pin To Net: NetName=GND Pin=U25-6
Added Pin To Net: NetName=GND Pin=U25-9
Added Pin To Net: NetName=GND Pin=U25-14
Added Pin To Net: NetName=GND Pin=U25-20
Added Pin To Net: NetName=GND Pin=U25-25
Added Pin To Net: NetName=GND Pin=U25-30
Added Pin To Net: NetName=GND Pin=U25-34
Added Pin To Net: NetName=MULTI_MEDIA_SW1 Pin=U25-35
Added Pin To Net: NetName=MULTI_MEDIA_SW2 Pin=U25-38
Added Pin To Net: NetName=GND Pin=U25-39
Added Pin To Net: NetName=MULTI_MEDIA_SW3 Pin=U25-40
Added Pin To Net: NetName=USB_D- Pin=U29-1
Added Pin To Net: NetName=USB_D+ Pin=U29-2
Added Pin To Net: NetName=GND Pin=U29-10
Added Pin To Net: NetName=RESET Pin=U29-17
Added Pin To Net: NetName=GND Pin=U29-18
Added Pin To Net: NetName=GND Pin=U29-19
Added Pin To Net: NetName=GND Pin=U29-20
Added Pin To Net: NetName=GND Pin=U29-24
Added Pin To Net: NetName=GND Pin=U29-25
Added Pin To Net: NetName=*PWR Pin=R46-1
Added Pin To Net: NetName=*PWR Pin=U29-26
Added Net: Name=*PWR
Added Pin To Net: NetName=3.3V_HUB Pin=C19-2
Added Pin To Net: NetName=3.3V_HUB Pin=C20-1
Added Pin To Net: NetName=3.3V_HUB Pin=C21-1
Added Pin To Net: NetName=3.3V_HUB Pin=C22-1
Added Pin To Net: NetName=3.3V_HUB Pin=C23-1
Added Pin To Net: NetName=3.3V_HUB Pin=R1-1
Added Pin To Net: NetName=3.3V_HUB Pin=R2-2
Added Pin To Net: NetName=3.3V_HUB Pin=R47-2
Added Pin To Net: NetName=3.3V_HUB Pin=R48-2
Added Pin To Net: NetName=3.3V_HUB Pin=TP4-1
Added Pin To Net: NetName=3.3V_HUB Pin=U5-2
Added Pin To Net: NetName=3.3V_HUB Pin=U29-5
Added Pin To Net: NetName=3.3V_HUB Pin=U29-9
Added Pin To Net: NetName=3.3V_HUB Pin=U29-14
Added Pin To Net: NetName=3.3V_HUB Pin=U29-21
Added Net: Name=3.3V_HUB
Added Pin To Net: NetName=D+_PICO Pin=R4-2
Added Pin To Net: NetName=D+_PICO Pin=U29-16
Added Net: Name=D+_PICO
Added Pin To Net: NetName=D+_ZERO Pin=U29-13
Added Pin To Net: NetName=D+_ZERO Pin=USB_PAD-1
Added Net: Name=D+_ZERO
Added Pin To Net: NetName=D-_PICO Pin=R5-2
Added Pin To Net: NetName=D-_PICO Pin=U29-15
Added Net: Name=D-_PICO
Added Pin To Net: NetName=D-_ZERO Pin=U29-12
Added Pin To Net: NetName=D-_ZERO Pin=USB_PAD-2
Added Net: Name=D-_ZERO
Added Pin To Net: NetName=GANG Pin=LED1-1
Added Pin To Net: NetName=GANG Pin=R2-1
Added Pin To Net: NetName=GANG Pin=R44-1
Added Pin To Net: NetName=GANG Pin=R45-2
Added Pin To Net: NetName=GANG Pin=U29-23
Added Net: Name=GANG
Added Pin To Net: NetName=NetC41_2 Pin=C41-2
Added Pin To Net: NetName=NetC41_2 Pin=X2-1
Added Net: Name=NetC41_2
Added Pin To Net: NetName=NetC76_1 Pin=C76-1
Added Pin To Net: NetName=NetC76_1 Pin=R50-2
Added Pin To Net: NetName=NetC76_1 Pin=X2-3
Added Net: Name=NetC76_1
Added Pin To Net: NetName=NetC77_1 Pin=C77-1
Added Pin To Net: NetName=NetC77_1 Pin=J2-5
Added Net: Name=NetC77_1
Added Pin To Net: NetName=NetLED1_2 Pin=LED1-2
Added Pin To Net: NetName=NetLED1_2 Pin=R1-2
Added Net: Name=NetLED1_2
Added Pin To Net: NetName=NetLED2_2 Pin=LED2-2
Added Pin To Net: NetName=NetLED2_2 Pin=R44-2
Added Net: Name=NetLED2_2
Added Pin To Net: NetName=NetLED3_2 Pin=LED3-2
Added Pin To Net: NetName=NetLED3_2 Pin=R46-2
Added Net: Name=NetLED3_2
Added Pin To Net: NetName=NetR50_1 Pin=R50-1
Added Pin To Net: NetName=NetR50_1 Pin=U29-11
Added Net: Name=NetR50_1
Added Pin To Net: NetName=NetR51_2 Pin=R51-2
Added Pin To Net: NetName=NetR51_2 Pin=U29-8
Added Net: Name=NetR51_2
Added Pin To Net: NetName=SELFPWR Pin=R47-1
Added Pin To Net: NetName=SELFPWR Pin=R49-2
Added Pin To Net: NetName=SELFPWR Pin=U29-22
Added Net: Name=SELFPWR
Added Pin To Net: NetName=USB_D+_1 Pin=J2-6
Added Pin To Net: NetName=USB_D+_1 Pin=U29-4
Added Net: Name=USB_D+_1
Added Pin To Net: NetName=USB_D+_2 Pin=J2-2
Added Pin To Net: NetName=USB_D+_2 Pin=U29-7
Added Net: Name=USB_D+_2
Added Pin To Net: NetName=USB_D-_1 Pin=J2-7
Added Pin To Net: NetName=USB_D-_1 Pin=U29-3
Added Net: Name=USB_D-_1
Added Pin To Net: NetName=USB_D-_2 Pin=J2-3
Added Pin To Net: NetName=USB_D-_2 Pin=U29-6
Added Net: Name=USB_D-_2
Added Class: Name=USB_HUB
Added Member To Class: ClassName=RMP_MAIN_ZERO Member=Component J6 I2C_BUS_PINS
Added Member To Class: ClassName=RMP_MAIN_ZERO Member=Component J7 I2C_BUS_PINS
Added Member To Class: ClassName=RMP_MAIN_ZERO Member=Component TP7 TestPoint
Added Member To Class: ClassName=RMP_MAIN_ZERO Member=Component TP8 TestPoint
Added Member To Class: ClassName=RMP_MAIN_ZERO Member=Component TP9 TestPoint
Added Rule: Name=Schematic Supply Nets
