Change Footprint: Cannot match pads with new footprint in component :J1 Footprint:AMPHENOL_12402012E212A
Add Pin To Net: Unknown Pin: Pin J5-1
Add Pin To Net: Unknown Pin: Pin J5-2
Add Pin To Net: Unknown Pin: Pin J5-3
Add Pin To Net: Unknown Pin: Pin J5-4
Add Pin To Net: Unknown Pin: Pin U-1
Add Pin To Net: Unknown Pin: Pin U-2
Add Pin To Net: Unknown Pin: Pin U-3
Add Pin To Net: Unknown Pin: Pin U-4
Add Pin To Net: Unknown Pin: Pin U-5
Add Pin To Net: Unknown Pin: Pin U-6
Add Pin To Net: Unknown Pin: Pin U-7
Add Pin To Net: Unknown Pin: Pin U-8
Add Pin To Net: Unknown Pin: Pin U-9
Add Pin To Net: Unknown Pin: Pin U-16
Add Pin To Net: Unknown Pin: Pin U-17
Add Pin To Net: Unknown Pin: Pin U-18
Add Pin To Net: Unknown Pin: Pin U-19
Add Pin To Net: Unknown Pin: Pin U-20
Add Pin To Net: Unknown Pin: Pin U-21
Add Pin To Net: Unknown Pin: Pin U-22
Add Pin To Net: Unknown Pin: Pin U-23
Add Pin To Net: Unknown Pin: Pin U-24
Add Pin To Net: Unknown Pin: Pin U-25
Add Pin To Net: Unknown Pin: Pin U-26
Add Pin To Net: Unknown Pin: Pin U-27
Add Pin To Net: Unknown Pin: Pin U-28
Add Class Member: Failed to add class member : Component J5 I2C_BUS_PINS
Add Class Member: Failed to add class member : Component U HT16K33
